2018-05-08 15:49:57.4322 Info: 【主控作业】本次开始执行... 
2018-05-08 15:49:57.6192 Info: 【主控作业】执行作业失败，消息：给定关键字不在字典中。   在 System.ThrowHelper.ThrowKeyNotFoundException()
   在 System.Collections.Generic.Dictionary`2.get_Item(TKey key)
   在 Lcgoc.SchedulerESB.JobControl.CheckAllSchedulerPlan(IJobExecutionContext context) 位置 E:\Lcgoc\Lcgoc.SchedulerESB\Scheduler\JobControl.cs:行号 78
   在 Lcgoc.SchedulerESB.JobControl.Execute(IJobExecutionContext context) 位置 E:\Lcgoc\Lcgoc.SchedulerESB\Scheduler\JobControl.cs:行号 43 
2018-05-08 15:50:00.0175 Info: 【主控作业】本次开始执行... 
2018-05-08 15:50:00.0345 Info: 【主控作业】执行作业失败，消息：给定关键字不在字典中。   在 System.ThrowHelper.ThrowKeyNotFoundException()
   在 System.Collections.Generic.Dictionary`2.get_Item(TKey key)
   在 Lcgoc.SchedulerESB.JobControl.CheckAllSchedulerPlan(IJobExecutionContext context) 位置 E:\Lcgoc\Lcgoc.SchedulerESB\Scheduler\JobControl.cs:行号 78
   在 Lcgoc.SchedulerESB.JobControl.Execute(IJobExecutionContext context) 位置 E:\Lcgoc\Lcgoc.SchedulerESB\Scheduler\JobControl.cs:行号 43 
2018-05-08 15:50:16.3851 Info: 【主控作业】本次开始执行... 
2018-05-08 17:33:45.1373 Info: 【主控作业】本次开始执行... 
2018-05-08 17:33:45.2973 Info: 【主控作业】执行作业失败，消息：给定关键字不在字典中。   在 System.ThrowHelper.ThrowKeyNotFoundException()
   在 System.Collections.Generic.Dictionary`2.get_Item(TKey key)
   在 Lcgoc.SchedulerESB.JobControl.CheckAllSchedulerPlan(IJobExecutionContext context) 位置 E:\Lcgoc\Lcgoc.SchedulerESB\Scheduler\JobControl.cs:行号 78
   在 Lcgoc.SchedulerESB.JobControl.Execute(IJobExecutionContext context) 位置 E:\Lcgoc\Lcgoc.SchedulerESB\Scheduler\JobControl.cs:行号 43 
2018-05-08 17:33:50.0003 Info: 【主控作业】本次开始执行... 
2018-05-08 17:33:50.0263 Info: 【主控作业】执行作业失败，消息：给定关键字不在字典中。   在 System.ThrowHelper.ThrowKeyNotFoundException()
   在 System.Collections.Generic.Dictionary`2.get_Item(TKey key)
   在 Lcgoc.SchedulerESB.JobControl.CheckAllSchedulerPlan(IJobExecutionContext context) 位置 E:\Lcgoc\Lcgoc.SchedulerESB\Scheduler\JobControl.cs:行号 78
   在 Lcgoc.SchedulerESB.JobControl.Execute(IJobExecutionContext context) 位置 E:\Lcgoc\Lcgoc.SchedulerESB\Scheduler\JobControl.cs:行号 43 
2018-05-08 17:33:58.9023 Info: 【主控作业】本次开始执行... 
2018-05-08 17:33:58.9253 Info: 【主控作业】执行作业失败，消息：给定关键字不在字典中。   在 System.ThrowHelper.ThrowKeyNotFoundException()
   在 System.Collections.Generic.Dictionary`2.get_Item(TKey key)
   在 Lcgoc.SchedulerESB.JobControl.CheckAllSchedulerPlan(IJobExecutionContext context) 位置 E:\Lcgoc\Lcgoc.SchedulerESB\Scheduler\JobControl.cs:行号 78
   在 Lcgoc.SchedulerESB.JobControl.Execute(IJobExecutionContext context) 位置 E:\Lcgoc\Lcgoc.SchedulerESB\Scheduler\JobControl.cs:行号 43 
2018-05-08 17:34:00.0003 Info: 【主控作业】本次开始执行... 
2018-05-08 17:34:00.0183 Info: 【主控作业】执行作业失败，消息：给定关键字不在字典中。   在 System.ThrowHelper.ThrowKeyNotFoundException()
   在 System.Collections.Generic.Dictionary`2.get_Item(TKey key)
   在 Lcgoc.SchedulerESB.JobControl.CheckAllSchedulerPlan(IJobExecutionContext context) 位置 E:\Lcgoc\Lcgoc.SchedulerESB\Scheduler\JobControl.cs:行号 78
   在 Lcgoc.SchedulerESB.JobControl.Execute(IJobExecutionContext context) 位置 E:\Lcgoc\Lcgoc.SchedulerESB\Scheduler\JobControl.cs:行号 43 
2018-05-08 17:34:05.0003 Info: 【主控作业】本次开始执行... 
2018-05-08 17:34:05.0283 Info: 【主控作业】执行作业失败，消息：给定关键字不在字典中。   在 System.ThrowHelper.ThrowKeyNotFoundException()
   在 System.Collections.Generic.Dictionary`2.get_Item(TKey key)
   在 Lcgoc.SchedulerESB.JobControl.CheckAllSchedulerPlan(IJobExecutionContext context) 位置 E:\Lcgoc\Lcgoc.SchedulerESB\Scheduler\JobControl.cs:行号 78
   在 Lcgoc.SchedulerESB.JobControl.Execute(IJobExecutionContext context) 位置 E:\Lcgoc\Lcgoc.SchedulerESB\Scheduler\JobControl.cs:行号 43 
2018-05-08 17:34:10.0003 Info: 【主控作业】本次开始执行... 
2018-05-08 17:34:10.0293 Info: 【主控作业】执行作业失败，消息：给定关键字不在字典中。   在 System.ThrowHelper.ThrowKeyNotFoundException()
   在 System.Collections.Generic.Dictionary`2.get_Item(TKey key)
   在 Lcgoc.SchedulerESB.JobControl.CheckAllSchedulerPlan(IJobExecutionContext context) 位置 E:\Lcgoc\Lcgoc.SchedulerESB\Scheduler\JobControl.cs:行号 78
   在 Lcgoc.SchedulerESB.JobControl.Execute(IJobExecutionContext context) 位置 E:\Lcgoc\Lcgoc.SchedulerESB\Scheduler\JobControl.cs:行号 43 
2018-05-08 17:34:15.0003 Info: 【主控作业】本次开始执行... 
2018-05-08 17:34:15.0493 Info: 【主控作业】执行作业失败，消息：给定关键字不在字典中。   在 System.ThrowHelper.ThrowKeyNotFoundException()
   在 System.Collections.Generic.Dictionary`2.get_Item(TKey key)
   在 Lcgoc.SchedulerESB.JobControl.CheckAllSchedulerPlan(IJobExecutionContext context) 位置 E:\Lcgoc\Lcgoc.SchedulerESB\Scheduler\JobControl.cs:行号 78
   在 Lcgoc.SchedulerESB.JobControl.Execute(IJobExecutionContext context) 位置 E:\Lcgoc\Lcgoc.SchedulerESB\Scheduler\JobControl.cs:行号 43 
2018-05-08 17:34:20.0003 Info: 【主控作业】本次开始执行... 
2018-05-08 17:34:20.0233 Info: 【主控作业】执行作业失败，消息：给定关键字不在字典中。   在 System.ThrowHelper.ThrowKeyNotFoundException()
   在 System.Collections.Generic.Dictionary`2.get_Item(TKey key)
   在 Lcgoc.SchedulerESB.JobControl.CheckAllSchedulerPlan(IJobExecutionContext context) 位置 E:\Lcgoc\Lcgoc.SchedulerESB\Scheduler\JobControl.cs:行号 78
   在 Lcgoc.SchedulerESB.JobControl.Execute(IJobExecutionContext context) 位置 E:\Lcgoc\Lcgoc.SchedulerESB\Scheduler\JobControl.cs:行号 43 
2018-05-08 17:34:25.0003 Info: 【主控作业】本次开始执行... 
