2018-05-09 09:54:20.1603 Info: 【主控作业】本次开始执行... 
2018-05-09 09:54:20.1603 Info: 【测试作业】开始执行IJOB的[Execute]... 
2018-05-09 09:54:20.1803 Info: 【主控作业】本次执行结束。 
2018-05-09 09:54:31.4114 Info: 【主控作业】本次开始执行... 
2018-05-09 09:54:31.4124 Info: 【测试作业】开始执行IJOB的[Execute]... 
2018-05-09 09:54:31.4294 Info: 【测试作业】执行完毕，执行结果：失败 
2018-05-09 09:54:41.1334 Info: 【测试作业】开始执行IJOB的[Execute]... 
2018-05-09 09:54:41.1334 Info: 【测试作业】执行完毕，执行结果：失败 
2018-05-09 09:54:41.1574 Info: 【主控作业】本次执行结束。 
2018-05-09 09:54:41.1574 Info: 【测试作业】执行完毕，执行结果：失败 
2018-05-09 09:54:45.0008 Info: 【主控作业】本次开始执行... 
2018-05-09 09:54:45.0018 Info: 【主控作业】本次执行结束。 
2018-05-09 09:54:50.0003 Info: 【主控作业】本次开始执行... 
2018-05-09 09:54:50.0003 Info: 【测试作业】开始执行IJOB的[Execute]... 
2018-05-09 09:54:50.0003 Info: 【主控作业】本次执行结束。 
2018-05-09 09:54:50.0003 Info: 【测试作业】执行完毕，执行结果：失败 
2018-05-09 09:54:55.0008 Info: 【主控作业】本次开始执行... 
2018-05-09 09:55:00.3183 Info: 【测试作业】开始执行IJOB的[Execute]... 
2018-05-09 09:55:00.3183 Info: 【测试作业】执行完毕，执行结果：失败 
2018-05-09 09:55:33.8576 Info: 【测试作业】开始执行IJOB的[Execute]... 
2018-05-09 09:55:33.8576 Info: 【测试作业】开始执行IJOB的[Execute]... 
2018-05-09 09:55:33.8576 Info: 【测试作业】执行完毕，执行结果：失败 
2018-05-09 09:55:33.8786 Info: 【测试作业】开始执行IJOB的[Execute]... 
2018-05-09 09:55:34.6527 Info: 【测试作业】执行完毕，执行结果：失败 
2018-05-09 09:55:34.6527 Info: 【测试作业】执行完毕，执行结果：失败 
2018-05-09 09:55:40.9003 Info: 【测试作业】开始执行IJOB的[Execute]... 
2018-05-09 09:55:41.5744 Info: 【测试作业】执行完毕，执行结果：失败 
2018-05-09 09:55:53.3106 Info: 【测试作业】开始执行IJOB的[Execute]... 
2018-05-09 09:56:16.3729 Info: 【主控作业】本次执行结束。 
2018-05-09 09:56:16.3949 Info: 【测试作业】开始执行IJOB的[Execute]... 
2018-05-09 09:56:16.3949 Info: 【测试作业】开始执行IJOB的[Execute]... 
2018-05-09 09:56:16.3999 Info: 【主控作业】本次开始执行... 
2018-05-09 09:56:16.3999 Info: 【测试作业】执行完毕，执行结果：失败 
2018-05-09 09:56:18.2761 Info: 【测试作业】执行完毕，执行结果：失败 
2018-05-09 09:56:18.2921 Info: 【测试作业】执行完毕，执行结果：失败 
2018-05-09 09:56:20.2543 Info: 【测试作业】开始执行IJOB的[Execute]... 
2018-05-09 09:56:25.3188 Info: 【测试作业】执行完毕，执行结果：失败 
2018-05-09 09:56:35.2658 Info: 【测试作业】开始执行IJOB的[Execute]... 
2018-05-09 09:56:36.3229 Info: 【测试作业】执行完毕，执行结果：失败 
2018-05-09 09:56:50.8123 Info: 【测试作业】开始执行IJOB的[Execute]... 
2018-05-09 09:56:50.8313 Info: 【测试作业】开始执行IJOB的[Execute]... 
2018-05-09 09:56:50.8313 Info: 【测试作业】执行完毕，执行结果：失败 
2018-05-09 09:56:50.8313 Info: 【测试作业】执行完毕，执行结果：失败 
2018-05-09 09:56:50.8313 Info: 【主控作业】本次执行结束。 
2018-05-09 09:56:55.0008 Info: 【主控作业】本次开始执行... 
2018-05-09 09:56:55.0008 Info: 【主控作业】本次执行结束。 
2018-05-09 09:57:00.0003 Info: 【主控作业】本次开始执行... 
2018-05-09 09:57:00.0003 Info: 【测试作业】开始执行IJOB的[Execute]... 
2018-05-09 09:57:00.0003 Info: 【信息发送作业】作业计划不允许使用，跳过此次执行。 
2018-05-09 09:57:00.0003 Info: 【测试作业】执行完毕，执行结果：完成 
2018-05-09 09:57:00.1063 Info: 【主控作业】执行作业失败，消息：集合已修改；可能无法执行枚举操作。   在 System.ThrowHelper.ThrowInvalidOperationException(ExceptionResource resource)
   在 System.Collections.Generic.Dictionary`2.ValueCollection.Enumerator.MoveNext()
   在 Lcgoc.SchedulerESB.JobControl.CheckAllSchedulerPlan(IJobExecutionContext context) 位置 E:\Lcgoc\Lcgoc.SchedulerESB\Scheduler\JobControl.cs:行号 66
   在 Lcgoc.SchedulerESB.JobControl.Execute(IJobExecutionContext context) 位置 E:\Lcgoc\Lcgoc.SchedulerESB\Scheduler\JobControl.cs:行号 43 
2018-05-09 09:57:05.0008 Info: 【主控作业】本次开始执行... 
2018-05-09 09:57:11.1614 Info: 【主控作业】本次执行结束。 
2018-05-09 09:57:11.1614 Info: 【主控作业】本次开始执行... 
2018-05-09 09:57:11.1884 Info: 【主控作业】执行作业失败，消息：集合已修改；可能无法执行枚举操作。   在 System.ThrowHelper.ThrowInvalidOperationException(ExceptionResource resource)
   在 System.Collections.Generic.Dictionary`2.ValueCollection.Enumerator.MoveNext()
   在 Lcgoc.SchedulerESB.JobControl.CheckAllSchedulerPlan(IJobExecutionContext context) 位置 E:\Lcgoc\Lcgoc.SchedulerESB\Scheduler\JobControl.cs:行号 66
   在 Lcgoc.SchedulerESB.JobControl.Execute(IJobExecutionContext context) 位置 E:\Lcgoc\Lcgoc.SchedulerESB\Scheduler\JobControl.cs:行号 43 
2018-05-09 09:57:15.0008 Info: 【主控作业】本次开始执行... 
2018-05-09 09:57:15.0008 Info: 【主控作业】本次执行结束。 
2018-05-09 09:57:20.0003 Info: 【主控作业】本次开始执行... 
2018-05-09 09:57:20.0483 Info: 【主控作业】执行作业失败，消息：集合已修改；可能无法执行枚举操作。   在 System.ThrowHelper.ThrowInvalidOperationException(ExceptionResource resource)
   在 System.Collections.Generic.Dictionary`2.ValueCollection.Enumerator.MoveNext()
   在 Lcgoc.SchedulerESB.JobControl.CheckAllSchedulerPlan(IJobExecutionContext context) 位置 E:\Lcgoc\Lcgoc.SchedulerESB\Scheduler\JobControl.cs:行号 66
   在 Lcgoc.SchedulerESB.JobControl.Execute(IJobExecutionContext context) 位置 E:\Lcgoc\Lcgoc.SchedulerESB\Scheduler\JobControl.cs:行号 43 
2018-05-09 09:57:25.0008 Info: 【主控作业】本次开始执行... 
2018-05-09 09:57:25.0008 Info: 【主控作业】本次执行结束。 
2018-05-09 09:57:30.0003 Info: 【主控作业】本次开始执行... 
2018-05-09 09:57:30.0223 Info: 【主控作业】执行作业失败，消息：集合已修改；可能无法执行枚举操作。   在 System.ThrowHelper.ThrowInvalidOperationException(ExceptionResource resource)
   在 System.Collections.Generic.Dictionary`2.ValueCollection.Enumerator.MoveNext()
   在 Lcgoc.SchedulerESB.JobControl.CheckAllSchedulerPlan(IJobExecutionContext context) 位置 E:\Lcgoc\Lcgoc.SchedulerESB\Scheduler\JobControl.cs:行号 66
   在 Lcgoc.SchedulerESB.JobControl.Execute(IJobExecutionContext context) 位置 E:\Lcgoc\Lcgoc.SchedulerESB\Scheduler\JobControl.cs:行号 43 
2018-05-09 09:57:35.0008 Info: 【主控作业】本次开始执行... 
2018-05-09 09:57:35.0008 Info: 【主控作业】本次执行结束。 
2018-05-09 09:57:40.0003 Info: 【主控作业】本次开始执行... 
2018-05-09 09:57:40.0413 Info: 【主控作业】执行作业失败，消息：已添加了具有相同键的项。   在 System.ThrowHelper.ThrowArgumentException(ExceptionResource resource)
   在 System.Collections.Generic.Dictionary`2.Insert(TKey key, TValue value, Boolean add)
   在 Lcgoc.SchedulerESB.JobHelper.CreateJobDetail(ScheduleJob_Details jobDetail, IDictionary`2 attachMap) 位置 E:\Lcgoc\Lcgoc.SchedulerESB\Scheduler\JobHelper.cs:行号 103
   在 Lcgoc.SchedulerESB.JobHelper.ScheduleJobByPlan(IScheduler qtzScheduler, ScheduleJob_Details jobDetail) 位置 E:\Lcgoc\Lcgoc.SchedulerESB\Scheduler\JobHelper.cs:行号 60
   在 Lcgoc.SchedulerESB.JobControl.CheckAllSchedulerPlan(IJobExecutionContext context) 位置 E:\Lcgoc\Lcgoc.SchedulerESB\Scheduler\JobControl.cs:行号 80
   在 Lcgoc.SchedulerESB.JobControl.Execute(IJobExecutionContext context) 位置 E:\Lcgoc\Lcgoc.SchedulerESB\Scheduler\JobControl.cs:行号 43 
2018-05-09 09:57:45.0008 Info: 【主控作业】本次开始执行... 
2018-05-09 09:57:45.0008 Info: 【主控作业】本次执行结束。 
2018-05-09 09:57:50.0003 Info: 【主控作业】本次开始执行... 
2018-05-09 09:57:50.0003 Info: 【主控作业】本次执行结束。 
2018-05-09 09:57:55.0008 Info: 【主控作业】本次开始执行... 
2018-05-09 09:57:55.0008 Info: 【主控作业】本次执行结束。 
2018-05-09 09:58:00.0003 Info: 【主控作业】本次开始执行... 
2018-05-09 09:58:40.1103 Info: 【主控作业】本次开始执行... 
2018-05-09 09:58:43.3156 Info: 【主控作业】本次执行结束。 
2018-05-09 09:58:45.0008 Info: 【主控作业】本次开始执行... 
2018-05-09 09:58:53.4306 Info: 【主控作业】执行作业失败，消息：集合已修改；可能无法执行枚举操作。   在 System.ThrowHelper.ThrowInvalidOperationException(ExceptionResource resource)
   在 System.Collections.Generic.Dictionary`2.ValueCollection.Enumerator.MoveNext()
   在 Lcgoc.SchedulerESB.JobControl.CheckAllSchedulerPlan(IJobExecutionContext context) 位置 E:\Lcgoc\Lcgoc.SchedulerESB\Scheduler\JobControl.cs:行号 66
   在 Lcgoc.SchedulerESB.JobControl.Execute(IJobExecutionContext context) 位置 E:\Lcgoc\Lcgoc.SchedulerESB\Scheduler\JobControl.cs:行号 43 
2018-05-09 09:58:55.0008 Info: 【主控作业】本次开始执行... 
2018-05-09 10:09:35.1283 Info: 【主控作业】本次开始执行... 
2018-05-09 10:09:35.1613 Info: 【主控作业】本次执行结束。 
2018-05-09 10:09:40.0003 Info: 【主控作业】本次开始执行... 
2018-05-09 10:09:40.0003 Info: 【主控作业】本次执行结束。 
2018-05-09 10:09:45.0003 Info: 【主控作业】本次开始执行... 
2018-05-09 10:09:45.0003 Info: 【主控作业】本次执行结束。 
2018-05-09 10:09:50.0003 Info: 【主控作业】本次开始执行... 
2018-05-09 10:09:53.3893 Info: 【主控作业】本次执行结束。 
2018-05-09 10:09:55.0003 Info: 【主控作业】本次开始执行... 
2018-05-09 10:10:07.7453 Info: 【主控作业】本次执行结束。 
2018-05-09 10:10:07.7453 Info: 【主控作业】本次开始执行... 
2018-05-09 10:10:14.6323 Info: 【主控作业】本次执行结束。 
2018-05-09 10:10:14.6323 Info: 【主控作业】本次开始执行... 
2018-05-09 10:10:14.6323 Info: 【主控作业】本次执行结束。 
2018-05-09 10:10:15.0003 Info: 【主控作业】本次开始执行... 
2018-05-09 10:10:15.0003 Info: 【主控作业】本次执行结束。 
2018-05-09 10:10:20.0003 Info: 【主控作业】本次开始执行... 
2018-05-09 10:10:20.0003 Info: 【主控作业】本次执行结束。 
2018-05-09 10:10:25.0003 Info: 【主控作业】本次开始执行... 
2018-05-09 10:10:30.2813 Info: 【主控作业】本次执行结束。 
2018-05-09 10:10:30.2813 Info: 【主控作业】本次开始执行... 
2018-05-09 10:10:34.6973 Info: 【主控作业】本次执行结束。 
2018-05-09 10:10:35.0003 Info: 【主控作业】本次开始执行... 
2018-05-09 10:10:35.0003 Info: 【主控作业】本次执行结束。 
2018-05-09 10:10:40.0003 Info: 【主控作业】本次开始执行... 
2018-05-09 10:10:40.0483 Info: 【主控作业】执行作业失败，消息：已添加了具有相同键的项。   在 System.ThrowHelper.ThrowArgumentException(ExceptionResource resource)
   在 System.Collections.Generic.Dictionary`2.Insert(TKey key, TValue value, Boolean add)
   在 Lcgoc.SchedulerESB.JobControl.CheckAllSchedulerPlan(IJobExecutionContext context) 位置 E:\Lcgoc\Lcgoc.SchedulerESB\Scheduler\JobControl.cs:行号 81
   在 Lcgoc.SchedulerESB.JobControl.Execute(IJobExecutionContext context) 位置 E:\Lcgoc\Lcgoc.SchedulerESB\Scheduler\JobControl.cs:行号 43 
2018-05-09 10:10:40.0513 Info: 【测试作业】开始执行IJOB的[Execute]... 
2018-05-09 10:10:45.8083 Info: 【主控作业】本次开始执行... 
2018-05-09 10:10:45.8433 Info: 【测试作业】执行完毕，执行结果：失败 
2018-05-09 10:10:45.8433 Info: 【主控作业】本次执行结束。 
2018-05-09 10:10:50.0003 Info: 【主控作业】本次开始执行... 
2018-05-09 10:10:50.0003 Info: 【测试作业】开始执行IJOB的[Execute]... 
2018-05-09 10:10:50.0003 Info: 【主控作业】本次执行结束。 
2018-05-09 10:10:50.0003 Info: 【测试作业】执行完毕，执行结果：失败 
2018-05-09 10:10:55.0003 Info: 【主控作业】本次开始执行... 
2018-05-09 10:10:55.0003 Info: 【主控作业】本次执行结束。 
2018-05-09 10:11:00.0003 Info: 【主控作业】本次开始执行... 
2018-05-09 10:11:00.0003 Info: 【测试作业】开始执行IJOB的[Execute]... 
2018-05-09 10:11:00.0003 Info: 【主控作业】本次执行结束。 
2018-05-09 10:11:00.0043 Info: 【测试作业】执行完毕，执行结果：失败 
2018-05-09 10:11:05.0003 Info: 【主控作业】本次开始执行... 
2018-05-09 10:11:05.0003 Info: 【主控作业】本次执行结束。 
2018-05-09 10:11:10.0003 Info: 【主控作业】本次开始执行... 
2018-05-09 10:11:10.0003 Info: 【主控作业】本次执行结束。 
2018-05-09 10:11:10.0033 Info: 【测试作业】开始执行IJOB的[Execute]... 
2018-05-09 10:11:10.0033 Info: 【测试作业】执行完毕，执行结果：失败 
2018-05-09 10:11:15.0003 Info: 【主控作业】本次开始执行... 
2018-05-09 10:11:15.0003 Info: 【主控作业】本次执行结束。 
2018-05-09 10:11:20.0003 Info: 【主控作业】本次开始执行... 
2018-05-09 10:11:20.0003 Info: 【测试作业】开始执行IJOB的[Execute]... 
2018-05-09 10:11:20.0003 Info: 【主控作业】本次执行结束。 
2018-05-09 10:11:20.0033 Info: 【测试作业】执行完毕，执行结果：失败 
2018-05-09 10:11:25.0003 Info: 【主控作业】本次开始执行... 
2018-05-09 10:11:25.0003 Info: 【主控作业】本次执行结束。 
2018-05-09 10:26:30.1113 Info: 【主控作业】本次开始执行... 
2018-05-09 10:26:30.1113 Info: 【测试作业】开始执行IJOB的[Execute]... 
2018-05-09 10:26:38.0483 Info: 【测试作业】执行完毕，执行结果：失败 
2018-05-09 10:26:40.7013 Info: 【测试作业】开始执行IJOB的[Execute]... 
2018-05-09 10:31:10.1183 Info: 【主控作业】本次开始执行... 
2018-05-09 10:31:10.1183 Info: 【测试作业】开始执行IJOB的[Execute]... 
2018-05-09 10:31:13.7003 Info: 【测试作业】执行完毕，执行结果：失败 
2018-05-09 11:00:05.0983 Info: 【主控作业】本次开始执行... 
2018-05-09 11:00:15.7513 Info: 【测试作业】开始执行IJOB的[Execute]... 
2018-05-09 11:00:16.6793 Info: 【测试作业】执行完毕，执行结果：失败 
2018-05-09 11:00:20.6683 Info: 【测试作业】开始执行IJOB的[Execute]... 
2018-05-09 11:00:20.7223 Info: 【测试作业】执行完毕，执行结果：失败 
2018-05-09 11:00:30.2503 Info: 【测试作业】开始执行IJOB的[Execute]... 
2018-05-09 11:00:45.3903 Info: 【主控作业】本次执行结束。 
2018-05-09 11:00:45.3903 Info: 【主控作业】本次开始执行... 
2018-05-09 11:00:45.3903 Info: 【测试作业】开始执行IJOB的[Execute]... 
2018-05-09 11:00:45.3903 Info: 【测试作业】执行完毕，执行结果：失败 
2018-05-09 11:00:53.3973 Info: 【测试作业】执行完毕，执行结果：失败 
2018-05-09 11:00:53.4063 Info: 【测试作业】开始执行IJOB的[Execute]... 
2018-05-09 11:00:53.4063 Info: 【测试作业】执行完毕，执行结果：失败 
2018-05-09 11:00:53.4063 Info: 【主控作业】本次执行结束。 
2018-05-09 11:00:55.0003 Info: 【主控作业】本次开始执行... 
2018-05-09 11:00:58.8013 Info: 【主控作业】本次执行结束。 
2018-05-09 11:01:00.0003 Info: 【主控作业】本次开始执行... 
2018-05-09 11:01:00.0003 Info: 【测试作业】开始执行IJOB的[Execute]... 
2018-05-09 11:01:00.0003 Info: 【测试作业】执行完毕，执行结果：失败 
2018-05-09 11:01:00.0003 Info: 【主控作业】本次执行结束。 
2018-05-09 11:01:05.0003 Info: 【主控作业】本次开始执行... 
2018-05-09 11:01:05.0003 Info: 【主控作业】本次执行结束。 
2018-05-09 11:01:10.0003 Info: 【主控作业】本次开始执行... 
2018-05-09 11:01:10.0003 Info: 【测试作业】开始执行IJOB的[Execute]... 
2018-05-09 11:01:10.0003 Info: 【测试作业】执行完毕，执行结果：失败 
2018-05-09 11:01:10.0003 Info: 【主控作业】本次执行结束。 
2018-05-09 11:01:15.0003 Info: 【主控作业】本次开始执行... 
2018-05-09 11:01:15.0003 Info: 【主控作业】本次执行结束。 
2018-05-09 11:01:20.0003 Info: 【主控作业】本次开始执行... 
2018-05-09 11:01:20.0003 Info: 【测试作业】开始执行IJOB的[Execute]... 
2018-05-09 11:01:20.0003 Info: 【测试作业】执行完毕，执行结果：失败 
2018-05-09 11:01:20.0003 Info: 【主控作业】本次执行结束。 
2018-05-09 11:01:25.0003 Info: 【主控作业】本次开始执行... 
2018-05-09 11:01:39.8113 Info: 【主控作业】本次执行结束。 
2018-05-09 11:01:39.8113 Info: 【主控作业】本次开始执行... 
2018-05-09 11:01:39.9203 Info: 【主控作业】执行作业失败，消息：Unable to store Job: 'messageSendGroup.JOB-goEJob-messageSend-messageSendGroup-True', because one already exists with this identification.   在 Quartz.Simpl.RAMJobStore.StoreJob(IJobDetail newJob, Boolean replaceExisting)
   在 Quartz.Simpl.RAMJobStore.StoreJobAndTrigger(IJobDetail newJob, IOperableTrigger newTrigger)
   在 Quartz.Core.QuartzScheduler.ScheduleJob(IJobDetail jobDetail, ITrigger trigger)
   在 Quartz.Impl.StdScheduler.ScheduleJob(IJobDetail jobDetail, ITrigger trigger)
   在 Lcgoc.SchedulerESB.JobHelper.ScheduleJobByPlan(IScheduler qtzScheduler, ScheduleJob_Details jobDetail) 位置 E:\Lcgoc\Lcgoc.SchedulerESB\Scheduler\JobHelper.cs:行号 65
   在 Lcgoc.SchedulerESB.JobControl.CheckAllSchedulerPlan(IJobExecutionContext context) 位置 E:\Lcgoc\Lcgoc.SchedulerESB\Scheduler\JobControl.cs:行号 80
   在 Lcgoc.SchedulerESB.JobControl.Execute(IJobExecutionContext context) 位置 E:\Lcgoc\Lcgoc.SchedulerESB\Scheduler\JobControl.cs:行号 43 
2018-05-09 11:01:40.0003 Info: 【主控作业】本次开始执行... 
2018-05-09 11:01:40.0003 Info: 【测试作业】开始执行IJOB的[Execute]... 
2018-05-09 11:01:40.0003 Info: 【主控作业】本次执行结束。 
2018-05-09 11:01:41.7583 Info: 【测试作业】执行完毕，执行结果：失败 
2018-05-09 11:01:45.0003 Info: 【主控作业】本次开始执行... 
2018-05-09 11:01:45.0003 Info: 【测试作业】开始执行IJOB的[Execute]... 
2018-05-09 11:01:45.0003 Info: 【主控作业】本次执行结束。 
2018-05-09 11:01:48.1943 Info: 【测试作业】执行完毕，执行结果：失败 
2018-05-09 11:01:50.0003 Info: 【主控作业】本次开始执行... 
2018-05-09 11:01:50.0003 Info: 【测试作业】开始执行IJOB的[Execute]... 
2018-05-09 11:01:50.0003 Info: 【测试作业】执行完毕，执行结果：失败 
2018-05-09 11:01:50.0003 Info: 【主控作业】本次执行结束。 
2018-05-09 11:01:55.0183 Info: 【主控作业】本次开始执行... 
2018-05-09 11:01:55.0183 Info: 【测试作业】开始执行IJOB的[Execute]... 
2018-05-09 11:01:55.0183 Info: 【测试作业】执行完毕，执行结果：失败 
2018-05-09 11:01:55.0183 Info: 【主控作业】本次执行结束。 
2018-05-09 11:02:00.0003 Info: 【主控作业】本次开始执行... 
2018-05-09 11:02:00.0003 Info: 【测试作业】开始执行IJOB的[Execute]... 
2018-05-09 11:02:00.0003 Info: 【测试作业】执行完毕，执行结果：失败 
2018-05-09 11:02:00.0003 Info: 【主控作业】本次执行结束。 
2018-05-09 11:02:05.0003 Info: 【主控作业】本次开始执行... 
2018-05-09 11:02:05.0003 Info: 【测试作业】开始执行IJOB的[Execute]... 
2018-05-09 11:02:05.0023 Info: 【测试作业】执行完毕，执行结果：失败 
2018-05-09 11:02:05.0023 Info: 【主控作业】本次执行结束。 
2018-05-09 11:02:10.0003 Info: 【主控作业】本次开始执行... 
2018-05-09 11:02:10.0003 Info: 【测试作业】开始执行IJOB的[Execute]... 
2018-05-09 11:02:10.0003 Info: 【测试作业】执行完毕，执行结果：失败 
2018-05-09 11:02:10.0003 Info: 【主控作业】本次执行结束。 
2018-05-09 11:02:15.0003 Info: 【主控作业】本次开始执行... 
2018-05-09 11:02:15.0033 Info: 【测试作业】开始执行IJOB的[Execute]... 
2018-05-09 11:02:15.0033 Info: 【测试作业】执行完毕，执行结果：失败 
2018-05-09 11:02:15.0033 Info: 【主控作业】本次执行结束。 
2018-05-09 11:02:20.0003 Info: 【主控作业】本次开始执行... 
2018-05-09 11:02:20.0003 Info: 【测试作业】开始执行IJOB的[Execute]... 
2018-05-09 11:02:20.0003 Info: 【测试作业】执行完毕，执行结果：失败 
2018-05-09 11:02:20.0003 Info: 【主控作业】本次执行结束。 
2018-05-09 16:47:10.2756 Info: 【主控作业】本次开始执行... 
2018-05-09 16:47:10.2756 Info: 【测试作业】开始执行IJOB的[Execute]... 
2018-05-09 16:47:10.3076 Info: 【主控作业】本次执行结束。 
2018-05-09 16:47:10.3076 Info: 【测试作业】执行完毕，执行结果：失败 
2018-05-09 16:47:15.0001 Info: 【主控作业】本次开始执行... 
2018-05-09 16:47:15.0001 Info: 【测试作业】开始执行IJOB的[Execute]... 
2018-05-09 16:47:15.0001 Info: 【测试作业】执行完毕，执行结果：失败 
2018-05-09 16:47:15.0001 Info: 【主控作业】本次执行结束。 
2018-05-09 16:47:20.0006 Info: 【主控作业】本次开始执行... 
2018-05-09 16:47:20.0006 Info: 【测试作业】开始执行IJOB的[Execute]... 
2018-05-09 16:47:20.0016 Info: 【测试作业】执行完毕，执行结果：失败 
2018-05-09 16:47:20.0016 Info: 【主控作业】本次执行结束。 
2018-05-09 16:47:25.0001 Info: 【主控作业】本次开始执行... 
2018-05-09 16:47:25.0001 Info: 【测试作业】开始执行IJOB的[Execute]... 
2018-05-09 16:47:25.0001 Info: 【测试作业】执行完毕，执行结果：失败 
2018-05-09 16:47:25.0001 Info: 【主控作业】本次执行结束。 
2018-05-09 16:47:30.0006 Info: 【主控作业】本次开始执行... 
2018-05-09 16:47:30.0006 Info: 【测试作业】开始执行IJOB的[Execute]... 
2018-05-09 16:47:30.0036 Info: 【测试作业】执行完毕，执行结果：失败 
2018-05-09 16:47:30.0036 Info: 【主控作业】本次执行结束。 
2018-05-09 16:47:35.0001 Info: 【主控作业】本次开始执行... 
2018-05-09 16:47:35.0001 Info: 【测试作业】开始执行IJOB的[Execute]... 
2018-05-09 16:47:35.0001 Info: 【测试作业】执行完毕，执行结果：失败 
2018-05-09 16:47:35.0001 Info: 【主控作业】本次执行结束。 
2018-05-09 16:47:40.0006 Info: 【主控作业】本次开始执行... 
2018-05-09 16:47:40.0006 Info: 【测试作业】开始执行IJOB的[Execute]... 
2018-05-09 16:47:40.0006 Info: 【测试作业】执行完毕，执行结果：失败 
2018-05-09 16:47:40.0006 Info: 【主控作业】本次执行结束。 
2018-05-09 16:47:45.0001 Info: 【主控作业】本次开始执行... 
2018-05-09 16:47:45.0001 Info: 【测试作业】开始执行IJOB的[Execute]... 
2018-05-09 16:47:45.0001 Info: 【主控作业】本次执行结束。 
2018-05-09 16:47:45.0001 Info: 【测试作业】执行完毕，执行结果：失败 
2018-05-09 16:47:50.0006 Info: 【主控作业】本次开始执行... 
2018-05-09 16:47:50.0006 Info: 【测试作业】开始执行IJOB的[Execute]... 
2018-05-09 16:47:50.0006 Info: 【测试作业】执行完毕，执行结果：失败 
2018-05-09 16:47:50.0006 Info: 【主控作业】本次执行结束。 
2018-05-09 16:47:55.0001 Info: 【主控作业】本次开始执行... 
2018-05-09 16:47:55.0001 Info: 【测试作业】开始执行IJOB的[Execute]... 
2018-05-09 16:47:55.0001 Info: 【测试作业】执行完毕，执行结果：失败 
2018-05-09 16:47:55.0001 Info: 【主控作业】本次执行结束。 
2018-05-09 16:48:00.0006 Info: 【主控作业】本次开始执行... 
2018-05-09 16:48:00.0006 Info: 【测试作业】开始执行IJOB的[Execute]... 
2018-05-09 16:48:00.0006 Info: 【测试作业】执行完毕，执行结果：失败 
2018-05-09 16:48:00.0006 Info: 【主控作业】本次执行结束。 
2018-05-09 16:48:05.0001 Info: 【主控作业】本次开始执行... 
2018-05-09 16:48:05.0001 Info: 【测试作业】开始执行IJOB的[Execute]... 
2018-05-09 16:48:05.0001 Info: 【测试作业】执行完毕，执行结果：失败 
2018-05-09 16:48:05.0001 Info: 【主控作业】本次执行结束。 
2018-05-09 16:48:10.0006 Info: 【主控作业】本次开始执行... 
2018-05-09 16:48:10.0006 Info: 【测试作业】开始执行IJOB的[Execute]... 
2018-05-09 16:48:10.0006 Info: 【测试作业】执行完毕，执行结果：失败 
2018-05-09 16:48:10.0006 Info: 【主控作业】本次执行结束。 
2018-05-09 16:48:15.0001 Info: 【主控作业】本次开始执行... 
2018-05-09 16:48:15.0001 Info: 【测试作业】开始执行IJOB的[Execute]... 
2018-05-09 16:48:15.0001 Info: 【测试作业】执行完毕，执行结果：失败 
2018-05-09 16:48:15.0001 Info: 【主控作业】本次执行结束。 
2018-05-09 16:48:20.0006 Info: 【主控作业】本次开始执行... 
2018-05-09 16:48:20.0006 Info: 【测试作业】开始执行IJOB的[Execute]... 
2018-05-09 16:48:20.0006 Info: 【测试作业】执行完毕，执行结果：失败 
2018-05-09 16:48:20.0006 Info: 【主控作业】本次执行结束。 
2018-05-09 16:48:25.0001 Info: 【主控作业】本次开始执行... 
2018-05-09 16:48:25.0001 Info: 【测试作业】开始执行IJOB的[Execute]... 
2018-05-09 16:48:25.0001 Info: 【测试作业】执行完毕，执行结果：失败 
2018-05-09 16:48:25.0001 Info: 【主控作业】本次执行结束。 
2018-05-09 16:48:30.0006 Info: 【主控作业】本次开始执行... 
2018-05-09 16:48:30.0006 Info: 【测试作业】开始执行IJOB的[Execute]... 
2018-05-09 16:48:30.0006 Info: 【测试作业】执行完毕，执行结果：失败 
2018-05-09 16:48:30.0006 Info: 【主控作业】本次执行结束。 
2018-05-09 16:48:35.0001 Info: 【主控作业】本次开始执行... 
2018-05-09 16:48:35.0001 Info: 【测试作业】开始执行IJOB的[Execute]... 
2018-05-09 16:48:35.0001 Info: 【测试作业】执行完毕，执行结果：失败 
2018-05-09 16:48:35.0001 Info: 【主控作业】本次执行结束。 
2018-05-09 16:48:40.0006 Info: 【主控作业】本次开始执行... 
2018-05-09 16:48:40.0006 Info: 【测试作业】开始执行IJOB的[Execute]... 
2018-05-09 16:48:40.0006 Info: 【测试作业】执行完毕，执行结果：失败 
2018-05-09 16:48:40.0006 Info: 【主控作业】本次执行结束。 
