2018-05-18 09:55:00.1712 Info: 【主控作业】本次开始执行... 
2018-05-18 09:55:00.1712 Info: 【测试作业】开始执行IJOB的[Execute]... 
2018-05-18 09:55:00.2082 Info: 【测试作业】执行完毕，执行结果：失败 
2018-05-18 09:55:00.2082 Info: 【主控作业】本次执行结束。 
2018-05-18 09:55:05.0002 Info: 【主控作业】本次开始执行... 
2018-05-18 09:55:05.0002 Info: 【测试作业】开始执行IJOB的[Execute]... 
2018-05-18 09:55:05.0002 Info: 【主控作业】本次执行结束。 
2018-05-18 09:55:05.0002 Info: 【测试作业】执行完毕，执行结果：失败 
2018-05-18 09:55:10.0002 Info: 【主控作业】本次开始执行... 
2018-05-18 09:55:10.0002 Info: 【测试作业】开始执行IJOB的[Execute]... 
2018-05-18 09:55:10.0132 Info: 【主控作业】本次执行结束。 
2018-05-18 09:55:10.0132 Info: 【测试作业】执行完毕，执行结果：失败 
2018-05-18 09:55:15.0002 Info: 【主控作业】本次开始执行... 
2018-05-18 09:55:15.0002 Info: 【测试作业】开始执行IJOB的[Execute]... 
2018-05-18 09:55:15.0012 Info: 【测试作业】执行完毕，执行结果：失败 
2018-05-18 09:55:15.0012 Info: 【主控作业】本次执行结束。 
2018-05-18 09:55:20.0002 Info: 【主控作业】本次开始执行... 
2018-05-18 09:55:20.0002 Info: 【测试作业】开始执行IJOB的[Execute]... 
2018-05-18 09:55:20.0002 Info: 【测试作业】执行完毕，执行结果：失败 
2018-05-18 09:55:20.0002 Info: 【主控作业】本次执行结束。 
2018-05-18 09:55:25.0002 Info: 【主控作业】本次开始执行... 
2018-05-18 09:55:25.0002 Info: 【测试作业】开始执行IJOB的[Execute]... 
2018-05-18 09:55:25.0012 Info: 【测试作业】执行完毕，执行结果：失败 
2018-05-18 09:55:25.0012 Info: 【主控作业】本次执行结束。 
2018-05-18 09:55:30.0002 Info: 【主控作业】本次开始执行... 
2018-05-18 09:55:30.0002 Info: 【测试作业】开始执行IJOB的[Execute]... 
2018-05-18 09:55:30.0002 Info: 【测试作业】执行完毕，执行结果：失败 
2018-05-18 09:55:30.0002 Info: 【主控作业】本次执行结束。 
2018-05-18 09:55:35.0002 Info: 【主控作业】本次开始执行... 
2018-05-18 09:55:35.0002 Info: 【测试作业】开始执行IJOB的[Execute]... 
2018-05-18 09:55:35.0112 Info: 【主控作业】本次执行结束。 
2018-05-18 09:55:35.0112 Info: 【测试作业】执行完毕，执行结果：失败 
2018-05-18 09:55:40.0002 Info: 【主控作业】本次开始执行... 
2018-05-18 09:55:40.0002 Info: 【测试作业】开始执行IJOB的[Execute]... 
2018-05-18 09:55:40.0842 Info: 【测试作业】执行完毕，执行结果：失败 
2018-05-18 09:56:20.1272 Info: 【主控作业】本次开始执行... 
2018-05-18 09:56:20.1272 Info: 【测试作业】开始执行IJOB的[Execute]... 
2018-05-18 09:56:23.6462 Info: 【测试作业】执行完毕，执行结果：失败 
2018-05-18 09:56:23.6462 Info: 【主控作业】本次执行结束。 
2018-05-18 09:56:25.0002 Info: 【主控作业】本次开始执行... 
2018-05-18 09:56:25.0002 Info: 【测试作业】开始执行IJOB的[Execute]... 
2018-05-18 09:56:25.0002 Info: 【测试作业】执行完毕，执行结果：失败 
2018-05-18 09:56:25.0002 Info: 【主控作业】本次执行结束。 
2018-05-18 09:56:30.0002 Info: 【主控作业】本次开始执行... 
2018-05-18 09:56:30.0002 Info: 【测试作业】开始执行IJOB的[Execute]... 
2018-05-18 09:56:30.0002 Info: 【测试作业】执行完毕，执行结果：失败 
2018-05-18 09:56:30.0002 Info: 【主控作业】本次执行结束。 
2018-05-18 09:56:35.0002 Info: 【主控作业】本次开始执行... 
2018-05-18 09:56:35.0002 Info: 【测试作业】开始执行IJOB的[Execute]... 
2018-05-18 09:56:35.0002 Info: 【测试作业】执行完毕，执行结果：失败 
2018-05-18 09:56:35.0002 Info: 【主控作业】本次执行结束。 
2018-05-18 09:56:40.0002 Info: 【主控作业】本次开始执行... 
2018-05-18 09:56:40.0002 Info: 【主控作业】本次执行结束。 
2018-05-18 09:56:45.0002 Info: 【主控作业】本次开始执行... 
2018-05-18 09:56:45.0002 Info: 【主控作业】本次执行结束。 
2018-05-18 09:56:50.0002 Info: 【主控作业】本次开始执行... 
2018-05-18 09:56:50.0002 Info: 【主控作业】本次执行结束。 
2018-05-18 09:56:55.0002 Info: 【主控作业】本次开始执行... 
2018-05-18 09:56:55.0002 Info: 【主控作业】本次执行结束。 
2018-05-18 09:57:00.0002 Info: 【主控作业】本次开始执行... 
2018-05-18 09:57:00.0002 Info: 【主控作业】本次执行结束。 
2018-05-18 09:57:05.0002 Info: 【主控作业】本次开始执行... 
2018-05-18 09:57:05.0002 Info: 【主控作业】本次执行结束。 
2018-05-18 09:57:10.0002 Info: 【主控作业】本次开始执行... 
2018-05-18 09:57:10.0002 Info: 【主控作业】本次执行结束。 
2018-05-18 09:57:15.0002 Info: 【主控作业】本次开始执行... 
2018-05-18 09:57:15.0002 Info: 【主控作业】本次执行结束。 
2018-05-18 09:57:20.0002 Info: 【主控作业】本次开始执行... 
2018-05-18 09:57:20.0002 Info: 【主控作业】本次执行结束。 
2018-05-18 09:57:20.0292 Info: 【测试作业】开始执行IJOB的[Execute]... 
2018-05-18 09:57:20.0292 Info: 【测试作业】开始执行IJOB的[Execute]... 
2018-05-18 09:57:20.0292 Info: 【测试作业】开始执行IJOB的[Execute]... 
2018-05-18 09:57:20.0292 Info: 【测试作业】开始执行IJOB的[Execute]... 
2018-05-18 09:57:20.0292 Info: 【测试作业】开始执行IJOB的[Execute]... 
2018-05-18 09:57:20.0292 Info: 【测试作业】开始执行IJOB的[Execute]... 
2018-05-18 09:57:20.0292 Info: 【测试作业】开始执行IJOB的[Execute]... 
2018-05-18 09:57:20.0292 Info: 【测试作业】开始执行IJOB的[Execute]... 
2018-05-18 09:57:20.0292 Info: 【测试作业】开始执行IJOB的[Execute]... 
2018-05-18 09:57:23.3052 Info: 【测试作业】执行完毕，执行结果：失败 
2018-05-18 09:57:23.3052 Info: 【测试作业】执行完毕，执行结果：失败 
2018-05-18 09:57:23.3052 Info: 【测试作业】执行完毕，执行结果：失败 
2018-05-18 09:57:23.3052 Info: 【测试作业】执行完毕，执行结果：失败 
2018-05-18 09:57:23.3052 Info: 【测试作业】执行完毕，执行结果：失败 
2018-05-18 09:57:23.3052 Info: 【测试作业】执行完毕，执行结果：失败 
2018-05-18 09:57:23.3052 Info: 【测试作业】执行完毕，执行结果：失败 
2018-05-18 09:57:23.3052 Info: 【测试作业】执行完毕，执行结果：失败 
2018-05-18 09:57:23.3052 Info: 【测试作业】执行完毕，执行结果：失败 
2018-05-18 09:57:25.0002 Info: 【主控作业】本次开始执行... 
2018-05-18 09:57:25.0002 Info: 【测试作业】开始执行IJOB的[Execute]... 
2018-05-18 09:57:25.0002 Info: 【测试作业】执行完毕，执行结果：失败 
2018-05-18 09:57:25.0002 Info: 【主控作业】本次执行结束。 
2018-05-18 09:57:30.0002 Info: 【主控作业】本次开始执行... 
2018-05-18 09:57:30.0002 Info: 【测试作业】开始执行IJOB的[Execute]... 
2018-05-18 09:57:31.5542 Info: 【测试作业】执行完毕，执行结果：失败 
2018-05-18 09:57:31.5542 Info: 【主控作业】本次执行结束。 
2018-05-18 09:57:35.0002 Info: 【主控作业】本次开始执行... 
2018-05-18 09:57:35.0002 Info: 【测试作业】开始执行IJOB的[Execute]... 
2018-05-18 09:57:35.0002 Info: 【测试作业】执行完毕，执行结果：失败 
2018-05-18 09:57:35.0002 Info: 【主控作业】本次执行结束。 
2018-05-18 16:38:12.6350 Info: 【信息发送作业】本次开始执行... 
2018-05-18 16:38:12.6350 Info: 【主控作业】本次开始执行... 
2018-05-18 16:38:12.7040 Info: 【测试作业】开始执行IJOB的[Execute]... 
2018-05-18 16:38:12.7040 Info: 【测试作业】执行完毕，执行结果：失败 
2018-05-18 16:38:12.7040 Info: 【信息发送作业】本次执行结束。 
2018-05-18 16:38:12.7250 Info: 【主控作业】本次执行结束。 
2018-05-18 16:38:15.0000 Info: 【主控作业】本次开始执行... 
2018-05-18 16:38:52.1740 Info: 【信息发送作业】本次开始执行... 
2018-05-18 16:38:52.1740 Info: 【主控作业】本次开始执行... 
2018-05-18 16:38:52.2220 Info: 【测试作业】开始执行IJOB的[Execute]... 
2018-05-18 16:38:52.2220 Info: 【主控作业】本次执行结束。 
2018-05-18 16:39:19.7450 Info: 【主控作业】本次开始执行... 
2018-05-18 16:39:24.9530 Info: 【信息发送作业】本次开始执行... 
2018-05-18 16:39:24.9530 Info: 【测试作业】开始执行IJOB的[Execute]... 
2018-05-18 16:39:24.9530 Info: 【信息发送作业】本次开始执行... 
2018-05-18 16:39:24.9720 Info: 【测试作业】开始执行IJOB的[Execute]... 
2018-05-18 16:39:24.9720 Info: 【测试作业】执行完毕，执行结果：失败 
2018-05-18 16:39:24.9760 Info: 【信息发送作业】本次执行结束。 
2018-05-18 16:39:24.9760 Info: 【信息发送作业】本次开始执行... 
2018-05-18 16:39:24.9760 Info: 【测试作业】开始执行IJOB的[Execute]... 
2018-05-18 16:39:24.9980 Info: 【信息发送作业】本次开始执行... 
2018-05-18 16:39:24.9980 Info: 【测试作业】开始执行IJOB的[Execute]... 
2018-05-18 16:39:25.0070 Info: 【信息发送作业】本次开始执行... 
2018-05-18 16:39:25.0070 Info: 【测试作业】开始执行IJOB的[Execute]... 
2018-05-18 16:39:25.0070 Info: 【信息发送作业】本次开始执行... 
2018-05-18 16:39:25.0070 Info: 【测试作业】开始执行IJOB的[Execute]... 
2018-05-18 16:39:25.0560 Info: 【测试作业】执行完毕，执行结果：失败 
2018-05-18 16:39:25.0560 Info: 【信息发送作业】本次执行结束。 
2018-05-18 16:39:25.0560 Info: 【测试作业】执行完毕，执行结果：失败 
2018-05-18 16:39:25.0560 Info: 【信息发送作业】本次执行结束。 
2018-05-18 16:39:25.0560 Info: 【测试作业】执行完毕，执行结果：失败 
2018-05-18 16:39:25.0560 Info: 【信息发送作业】本次执行结束。 
2018-05-18 16:39:25.0560 Info: 【测试作业】执行完毕，执行结果：失败 
2018-05-18 16:39:25.0560 Info: 【信息发送作业】本次执行结束。 
2018-05-18 16:39:25.0560 Info: 【测试作业】执行完毕，执行结果：失败 
2018-05-18 16:39:25.0560 Info: 【信息发送作业】本次执行结束。 
2018-05-18 16:39:25.0560 Info: 【主控作业】本次执行结束。 
2018-05-18 16:39:25.0560 Info: 【信息发送作业】本次开始执行... 
2018-05-18 16:39:25.0560 Info: 【测试作业】开始执行IJOB的[Execute]... 
2018-05-18 16:39:25.0560 Info: 【测试作业】执行完毕，执行结果：失败 
2018-05-18 16:39:25.0560 Info: 【信息发送作业】本次执行结束。 
2018-05-18 16:39:25.0560 Info: 【测试作业】执行完毕，执行结果：失败 
2018-05-18 16:39:25.0560 Info: 【信息发送作业】本次执行结束。 
2018-05-18 16:39:30.0000 Info: 【主控作业】本次开始执行... 
2018-05-18 16:39:30.0000 Info: 【信息发送作业】本次开始执行... 
2018-05-18 16:39:30.0000 Info: 【测试作业】开始执行IJOB的[Execute]... 
2018-05-18 16:39:30.0000 Info: 【测试作业】执行完毕，执行结果：失败 
2018-05-18 16:39:30.0000 Info: 【信息发送作业】本次执行结束。 
2018-05-18 16:39:30.0000 Info: 【主控作业】本次执行结束。 
2018-05-18 16:39:35.0000 Info: 【主控作业】本次开始执行... 
2018-05-18 16:39:35.0000 Info: 【信息发送作业】本次开始执行... 
2018-05-18 16:39:35.0000 Info: 【测试作业】开始执行IJOB的[Execute]... 
2018-05-18 16:39:35.0000 Info: 【测试作业】执行完毕，执行结果：失败 
2018-05-18 16:39:35.0000 Info: 【信息发送作业】本次执行结束。 
2018-05-18 16:39:35.0000 Info: 【主控作业】本次执行结束。 
2018-05-18 16:39:40.0000 Info: 【主控作业】本次开始执行... 
2018-05-18 16:39:40.0000 Info: 【信息发送作业】本次开始执行... 
2018-05-18 16:39:40.0000 Info: 【测试作业】开始执行IJOB的[Execute]... 
2018-05-18 16:39:40.0000 Info: 【测试作业】执行完毕，执行结果：失败 
2018-05-18 16:39:40.0000 Info: 【信息发送作业】本次执行结束。 
2018-05-18 16:39:40.0000 Info: 【主控作业】本次执行结束。 
2018-05-18 16:39:45.0000 Info: 【主控作业】本次开始执行... 
2018-05-18 16:39:45.0000 Info: 【信息发送作业】本次开始执行... 
2018-05-18 16:39:45.0000 Info: 【测试作业】开始执行IJOB的[Execute]... 
2018-05-18 16:39:45.0000 Info: 【测试作业】执行完毕，执行结果：失败 
2018-05-18 16:39:45.0000 Info: 【信息发送作业】本次执行结束。 
2018-05-18 16:39:45.0000 Info: 【主控作业】本次执行结束。 
2018-05-18 16:39:50.0000 Info: 【主控作业】本次开始执行... 
2018-05-18 16:39:50.0000 Info: 【信息发送作业】本次开始执行... 
2018-05-18 16:39:50.0000 Info: 【测试作业】开始执行IJOB的[Execute]... 
2018-05-18 16:39:50.0000 Info: 【主控作业】本次执行结束。 
2018-05-18 16:39:50.0000 Info: 【测试作业】执行完毕，执行结果：失败 
2018-05-18 16:39:50.0000 Info: 【信息发送作业】本次执行结束。 
