2018-05-24 10:07:11.2240 Info: 【信息发送作业】本次开始执行... 
2018-05-24 10:07:11.2240 Info: 【主控作业】本次开始执行... 
2018-05-24 10:07:11.3590 Info: 【主控作业】本次执行结束。 
2018-05-24 10:07:11.4610 Info: 【信息发送作业】执行作业失败，消息：找不到方法:“System.Collections.Generic.IEnumerable`1<Lcgoc.Model.ScheduleJob_Details> Lcgoc.BLL.ScheduleBLL.QueryScheduleDetails(System.String, System.String)”。 
2018-05-24 10:07:15.0000 Info: 【主控作业】本次开始执行... 
2018-05-24 10:07:15.0000 Info: 【信息发送作业】本次开始执行... 
2018-05-24 10:07:15.0720 Info: 【信息发送作业】执行作业失败，消息：找不到方法:“System.Collections.Generic.IEnumerable`1<Lcgoc.Model.ScheduleJob_Details> Lcgoc.BLL.ScheduleBLL.QueryScheduleDetails(System.String, System.String)”。 
2018-05-24 10:07:15.0720 Info: 【主控作业】本次执行结束。 
2018-05-24 10:07:20.0010 Info: 【主控作业】本次开始执行... 
2018-05-24 10:07:20.0010 Info: 【信息发送作业】本次开始执行... 
2018-05-24 10:07:20.0010 Info: 【主控作业】本次执行结束。 
2018-05-24 10:07:20.0240 Info: 【信息发送作业】执行作业失败，消息：找不到方法:“System.Collections.Generic.IEnumerable`1<Lcgoc.Model.ScheduleJob_Details> Lcgoc.BLL.ScheduleBLL.QueryScheduleDetails(System.String, System.String)”。 
2018-05-24 10:07:25.0000 Info: 【主控作业】本次开始执行... 
2018-05-24 10:07:25.0000 Info: 【信息发送作业】本次开始执行... 
2018-05-24 10:07:25.0170 Info: 【主控作业】本次执行结束。 
2018-05-24 10:07:25.0170 Info: 【信息发送作业】执行作业失败，消息：找不到方法:“System.Collections.Generic.IEnumerable`1<Lcgoc.Model.ScheduleJob_Details> Lcgoc.BLL.ScheduleBLL.QueryScheduleDetails(System.String, System.String)”。 
2018-05-24 10:07:30.0000 Info: 【主控作业】本次开始执行... 
2018-05-24 10:07:30.0000 Info: 【信息发送作业】本次开始执行... 
2018-05-24 10:07:30.0240 Info: 【信息发送作业】执行作业失败，消息：找不到方法:“System.Collections.Generic.IEnumerable`1<Lcgoc.Model.ScheduleJob_Details> Lcgoc.BLL.ScheduleBLL.QueryScheduleDetails(System.String, System.String)”。 
2018-05-24 10:07:30.0240 Info: 【主控作业】本次执行结束。 
2018-05-24 10:07:35.0000 Info: 【主控作业】本次开始执行... 
2018-05-24 10:07:35.0000 Info: 【信息发送作业】本次开始执行... 
2018-05-24 10:07:35.0370 Info: 【信息发送作业】执行作业失败，消息：找不到方法:“System.Collections.Generic.IEnumerable`1<Lcgoc.Model.ScheduleJob_Details> Lcgoc.BLL.ScheduleBLL.QueryScheduleDetails(System.String, System.String)”。 
2018-05-24 10:07:35.0370 Info: 【主控作业】本次执行结束。 
2018-05-24 10:07:40.0000 Info: 【信息发送作业】本次开始执行... 
2018-05-24 10:07:40.0000 Info: 【主控作业】本次开始执行... 
2018-05-24 10:07:40.0050 Info: 【主控作业】本次执行结束。 
2018-05-24 10:07:40.0240 Info: 【信息发送作业】执行作业失败，消息：找不到方法:“System.Collections.Generic.IEnumerable`1<Lcgoc.Model.ScheduleJob_Details> Lcgoc.BLL.ScheduleBLL.QueryScheduleDetails(System.String, System.String)”。 
2018-05-24 10:07:45.0000 Info: 【主控作业】本次开始执行... 
2018-05-24 10:07:45.0000 Info: 【信息发送作业】本次开始执行... 
2018-05-24 10:07:45.0180 Info: 【主控作业】本次执行结束。 
2018-05-24 10:07:45.0180 Info: 【信息发送作业】执行作业失败，消息：找不到方法:“System.Collections.Generic.IEnumerable`1<Lcgoc.Model.ScheduleJob_Details> Lcgoc.BLL.ScheduleBLL.QueryScheduleDetails(System.String, System.String)”。 
2018-05-24 10:07:50.0000 Info: 【主控作业】本次开始执行... 
2018-05-24 10:07:50.0300 Info: 【信息发送作业】本次开始执行... 
2018-05-24 10:07:50.0670 Info: 【主控作业】本次执行结束。 
2018-05-24 10:07:50.0670 Info: 【信息发送作业】执行作业失败，消息：找不到方法:“System.Collections.Generic.IEnumerable`1<Lcgoc.Model.ScheduleJob_Details> Lcgoc.BLL.ScheduleBLL.QueryScheduleDetails(System.String, System.String)”。 
2018-05-24 10:07:55.0000 Info: 【主控作业】本次开始执行... 
2018-05-24 10:07:55.0000 Info: 【信息发送作业】本次开始执行... 
2018-05-24 10:07:55.0130 Info: 【主控作业】本次执行结束。 
2018-05-24 10:07:55.0130 Info: 【信息发送作业】执行作业失败，消息：找不到方法:“System.Collections.Generic.IEnumerable`1<Lcgoc.Model.ScheduleJob_Details> Lcgoc.BLL.ScheduleBLL.QueryScheduleDetails(System.String, System.String)”。 
2018-05-24 10:08:00.0000 Info: 【主控作业】本次开始执行... 
2018-05-24 10:08:00.0000 Info: 【信息发送作业】本次开始执行... 
2018-05-24 10:08:00.0260 Info: 【信息发送作业】执行作业失败，消息：找不到方法:“System.Collections.Generic.IEnumerable`1<Lcgoc.Model.ScheduleJob_Details> Lcgoc.BLL.ScheduleBLL.QueryScheduleDetails(System.String, System.String)”。 
2018-05-24 10:08:00.0260 Info: 【主控作业】本次执行结束。 
2018-05-24 10:08:05.0000 Info: 【主控作业】本次开始执行... 
2018-05-24 10:08:05.0000 Info: 【信息发送作业】本次开始执行... 
2018-05-24 10:08:05.0230 Info: 【信息发送作业】执行作业失败，消息：找不到方法:“System.Collections.Generic.IEnumerable`1<Lcgoc.Model.ScheduleJob_Details> Lcgoc.BLL.ScheduleBLL.QueryScheduleDetails(System.String, System.String)”。 
2018-05-24 10:08:05.0230 Info: 【主控作业】本次执行结束。 
2018-05-24 10:08:10.0000 Info: 【信息发送作业】本次开始执行... 
2018-05-24 10:08:10.0000 Info: 【主控作业】本次开始执行... 
2018-05-24 10:08:10.0140 Info: 【信息发送作业】执行作业失败，消息：找不到方法:“System.Collections.Generic.IEnumerable`1<Lcgoc.Model.ScheduleJob_Details> Lcgoc.BLL.ScheduleBLL.QueryScheduleDetails(System.String, System.String)”。 
2018-05-24 10:08:10.0140 Info: 【主控作业】本次执行结束。 
2018-05-24 10:08:15.0000 Info: 【主控作业】本次开始执行... 
2018-05-24 10:08:15.0000 Info: 【信息发送作业】本次开始执行... 
2018-05-24 10:08:15.0260 Info: 【主控作业】本次执行结束。 
2018-05-24 10:08:15.0400 Info: 【信息发送作业】执行作业失败，消息：找不到方法:“System.Collections.Generic.IEnumerable`1<Lcgoc.Model.ScheduleJob_Details> Lcgoc.BLL.ScheduleBLL.QueryScheduleDetails(System.String, System.String)”。 
2018-05-24 10:08:20.0000 Info: 【主控作业】本次开始执行... 
2018-05-24 10:08:20.0000 Info: 【信息发送作业】本次开始执行... 
2018-05-24 10:08:20.0190 Info: 【信息发送作业】执行作业失败，消息：找不到方法:“System.Collections.Generic.IEnumerable`1<Lcgoc.Model.ScheduleJob_Details> Lcgoc.BLL.ScheduleBLL.QueryScheduleDetails(System.String, System.String)”。 
2018-05-24 10:08:20.0190 Info: 【主控作业】本次执行结束。 
2018-05-24 10:08:25.0000 Info: 【主控作业】本次开始执行... 
2018-05-24 10:08:25.0000 Info: 【信息发送作业】本次开始执行... 
2018-05-24 10:08:25.0420 Info: 【信息发送作业】执行作业失败，消息：找不到方法:“System.Collections.Generic.IEnumerable`1<Lcgoc.Model.ScheduleJob_Details> Lcgoc.BLL.ScheduleBLL.QueryScheduleDetails(System.String, System.String)”。 
2018-05-24 10:08:25.0420 Info: 【主控作业】本次执行结束。 
2018-05-24 10:08:30.0000 Info: 【主控作业】本次开始执行... 
2018-05-24 10:08:30.0000 Info: 【信息发送作业】本次开始执行... 
2018-05-24 10:08:30.0240 Info: 【信息发送作业】执行作业失败，消息：找不到方法:“System.Collections.Generic.IEnumerable`1<Lcgoc.Model.ScheduleJob_Details> Lcgoc.BLL.ScheduleBLL.QueryScheduleDetails(System.String, System.String)”。 
2018-05-24 10:08:30.0240 Info: 【主控作业】本次执行结束。 
2018-05-24 10:08:35.0000 Info: 【主控作业】本次开始执行... 
2018-05-24 10:08:35.0260 Info: 【主控作业】本次执行结束。 
2018-05-24 10:08:35.0000 Info: 【信息发送作业】本次开始执行... 
2018-05-24 10:08:35.0520 Info: 【信息发送作业】执行作业失败，消息：找不到方法:“System.Collections.Generic.IEnumerable`1<Lcgoc.Model.ScheduleJob_Details> Lcgoc.BLL.ScheduleBLL.QueryScheduleDetails(System.String, System.String)”。 
2018-05-24 10:08:40.0000 Info: 【主控作业】本次开始执行... 
2018-05-24 10:08:40.0000 Info: 【信息发送作业】本次开始执行... 
2018-05-24 10:08:40.0180 Info: 【信息发送作业】执行作业失败，消息：找不到方法:“System.Collections.Generic.IEnumerable`1<Lcgoc.Model.ScheduleJob_Details> Lcgoc.BLL.ScheduleBLL.QueryScheduleDetails(System.String, System.String)”。 
2018-05-24 10:08:40.0180 Info: 【主控作业】本次执行结束。 
2018-05-24 10:08:45.0000 Info: 【主控作业】本次开始执行... 
2018-05-24 10:08:45.0000 Info: 【信息发送作业】本次开始执行... 
2018-05-24 10:08:45.0110 Info: 【主控作业】本次执行结束。 
2018-05-24 10:08:45.0110 Info: 【信息发送作业】执行作业失败，消息：找不到方法:“System.Collections.Generic.IEnumerable`1<Lcgoc.Model.ScheduleJob_Details> Lcgoc.BLL.ScheduleBLL.QueryScheduleDetails(System.String, System.String)”。 
2018-05-24 10:08:50.0000 Info: 【主控作业】本次开始执行... 
2018-05-24 10:08:50.0000 Info: 【信息发送作业】本次开始执行... 
2018-05-24 10:08:50.0240 Info: 【主控作业】本次执行结束。 
2018-05-24 10:08:50.0240 Info: 【信息发送作业】执行作业失败，消息：找不到方法:“System.Collections.Generic.IEnumerable`1<Lcgoc.Model.ScheduleJob_Details> Lcgoc.BLL.ScheduleBLL.QueryScheduleDetails(System.String, System.String)”。 
2018-05-24 10:08:55.0000 Info: 【主控作业】本次开始执行... 
2018-05-24 10:08:55.0000 Info: 【信息发送作业】本次开始执行... 
2018-05-24 10:08:55.0190 Info: 【信息发送作业】执行作业失败，消息：找不到方法:“System.Collections.Generic.IEnumerable`1<Lcgoc.Model.ScheduleJob_Details> Lcgoc.BLL.ScheduleBLL.QueryScheduleDetails(System.String, System.String)”。 
2018-05-24 10:08:55.0190 Info: 【主控作业】本次执行结束。 
2018-05-24 10:09:00.0000 Info: 【主控作业】本次开始执行... 
2018-05-24 10:09:00.0000 Info: 【信息发送作业】本次开始执行... 
2018-05-24 10:09:00.0120 Info: 【信息发送作业】执行作业失败，消息：找不到方法:“System.Collections.Generic.IEnumerable`1<Lcgoc.Model.ScheduleJob_Details> Lcgoc.BLL.ScheduleBLL.QueryScheduleDetails(System.String, System.String)”。 
2018-05-24 10:09:00.0120 Info: 【主控作业】本次执行结束。 
2018-05-24 10:09:05.0000 Info: 【主控作业】本次开始执行... 
2018-05-24 10:09:08.9250 Info: 【主控作业】本次执行结束。 
2018-05-24 10:09:08.9250 Info: 【信息发送作业】本次开始执行... 
2018-05-24 10:09:10.7290 Info: 【主控作业】本次开始执行... 
2018-05-24 10:09:10.7290 Info: 【主控作业】本次执行结束。 
2018-05-24 10:09:16.3900 Info: 【主控作业】本次开始执行... 
2018-05-24 10:09:16.3900 Info: 【主控作业】本次执行结束。 
2018-05-24 10:11:05.1020 Info: 【主控作业】本次开始执行... 
2018-05-24 10:11:13.1500 Info: 【信息发送作业】本次开始执行... 
2018-05-24 10:11:13.1500 Info: 【信息发送作业】本次开始执行... 
2018-05-24 10:11:13.1890 Info: 【主控作业】本次执行结束。 
2018-05-24 10:11:13.1890 Info: 【测试作业】开始执行IJOB的[Execute]... 
2018-05-24 10:11:13.1890 Info: 【测试作业】开始执行IJOB的[Execute]... 
2018-05-24 10:11:13.1890 Info: 【测试作业】执行完毕，执行结果：失败 
2018-05-24 10:11:13.1890 Info: 【测试作业】执行完毕，执行结果：失败 
2018-05-24 10:11:13.1990 Info: 【信息发送作业】本次执行结束。 
2018-05-24 10:11:13.1990 Info: 【信息发送作业】本次执行结束。 
2018-05-24 10:11:15.0000 Info: 【主控作业】本次开始执行... 
2018-05-24 10:11:15.0000 Info: 【信息发送作业】本次开始执行... 
2018-05-24 10:11:15.0000 Info: 【测试作业】开始执行IJOB的[Execute]... 
2018-05-24 10:11:15.0090 Info: 【测试作业】执行完毕，执行结果：失败 
2018-05-24 10:11:15.0090 Info: 【信息发送作业】本次执行结束。 
2018-05-24 10:11:15.0090 Info: 【主控作业】本次执行结束。 
2018-05-24 10:11:20.0000 Info: 【主控作业】本次开始执行... 
2018-05-24 10:11:20.0000 Info: 【信息发送作业】本次开始执行... 
2018-05-24 10:11:20.0000 Info: 【测试作业】开始执行IJOB的[Execute]... 
2018-05-24 10:11:20.0000 Info: 【主控作业】本次执行结束。 
2018-05-24 10:11:20.0000 Info: 【测试作业】执行完毕，执行结果：失败 
2018-05-24 10:11:20.0000 Info: 【信息发送作业】本次执行结束。 
2018-05-24 10:11:25.0000 Info: 【主控作业】本次开始执行... 
2018-05-24 10:11:25.0000 Info: 【信息发送作业】本次开始执行... 
2018-05-24 10:11:25.0000 Info: 【测试作业】开始执行IJOB的[Execute]... 
2018-05-24 10:11:25.0000 Info: 【主控作业】本次执行结束。 
2018-05-24 10:11:25.0000 Info: 【测试作业】执行完毕，执行结果：失败 
2018-05-24 10:11:25.0000 Info: 【信息发送作业】本次执行结束。 
2018-05-24 10:11:30.0000 Info: 【主控作业】本次开始执行... 
2018-05-24 10:11:30.0000 Info: 【信息发送作业】本次开始执行... 
2018-05-24 10:11:30.0000 Info: 【测试作业】开始执行IJOB的[Execute]... 
2018-05-24 10:11:30.0000 Info: 【主控作业】本次执行结束。 
2018-05-24 10:11:30.0200 Info: 【测试作业】执行完毕，执行结果：失败 
2018-05-24 10:11:30.0200 Info: 【信息发送作业】本次执行结束。 
2018-05-24 10:11:35.0000 Info: 【主控作业】本次开始执行... 
2018-05-24 10:11:35.0000 Info: 【主控作业】本次执行结束。 
2018-05-24 10:11:35.0050 Info: 【信息发送作业】本次开始执行... 
2018-05-24 10:11:35.0050 Info: 【测试作业】开始执行IJOB的[Execute]... 
2018-05-24 10:11:35.0050 Info: 【测试作业】执行完毕，执行结果：失败 
2018-05-24 10:11:35.0050 Info: 【信息发送作业】本次执行结束。 
2018-05-24 10:20:00.1290 Info: 【主控作业】本次开始执行... 
2018-05-24 10:20:00.1290 Info: 【信息发送作业】本次开始执行... 
2018-05-24 10:20:00.1560 Info: 【测试作业】开始执行IJOB的[Execute]... 
2018-05-24 10:20:00.1560 Info: 【主控作业】本次执行结束。 
2018-05-24 10:20:00.1560 Info: 【测试作业】执行完毕，执行结果：失败 
2018-05-24 10:20:00.1560 Info: 【信息发送作业】本次执行结束。 
2018-05-24 10:20:05.0000 Info: 【主控作业】本次开始执行... 
2018-05-24 10:20:05.0000 Info: 【信息发送作业】本次开始执行... 
2018-05-24 10:20:05.0000 Info: 【测试作业】开始执行IJOB的[Execute]... 
2018-05-24 10:20:05.0030 Info: 【主控作业】本次执行结束。 
2018-05-24 10:20:05.0030 Info: 【测试作业】执行完毕，执行结果：失败 
2018-05-24 10:20:05.0030 Info: 【信息发送作业】本次执行结束。 
2018-05-24 10:20:10.0000 Info: 【主控作业】本次开始执行... 
2018-05-24 10:20:10.0000 Info: 【信息发送作业】本次开始执行... 
2018-05-24 10:20:10.0000 Info: 【测试作业】开始执行IJOB的[Execute]... 
2018-05-24 10:20:10.0000 Info: 【测试作业】执行完毕，执行结果：失败 
2018-05-24 10:20:10.0000 Info: 【信息发送作业】本次执行结束。 
2018-05-24 10:20:10.0000 Info: 【主控作业】本次执行结束。 
2018-05-24 10:20:15.0000 Info: 【主控作业】本次开始执行... 
2018-05-24 10:20:15.0000 Info: 【信息发送作业】本次开始执行... 
2018-05-24 10:20:15.0000 Info: 【测试作业】开始执行IJOB的[Execute]... 
2018-05-24 10:20:15.0000 Info: 【测试作业】执行完毕，执行结果：失败 
2018-05-24 10:20:15.0000 Info: 【信息发送作业】本次执行结束。 
2018-05-24 10:20:15.0000 Info: 【主控作业】本次执行结束。 
2018-05-24 10:20:20.0000 Info: 【主控作业】本次开始执行... 
2018-05-24 10:20:20.0000 Info: 【信息发送作业】本次开始执行... 
2018-05-24 10:20:20.0000 Info: 【测试作业】开始执行IJOB的[Execute]... 
2018-05-24 10:20:20.0000 Info: 【测试作业】执行完毕，执行结果：失败 
2018-05-24 10:20:20.0000 Info: 【信息发送作业】本次执行结束。 
2018-05-24 10:20:20.0000 Info: 【主控作业】本次执行结束。 
2018-05-24 10:20:25.0000 Info: 【主控作业】本次开始执行... 
2018-05-24 10:20:25.0000 Info: 【信息发送作业】本次开始执行... 
2018-05-24 10:20:25.0000 Info: 【测试作业】开始执行IJOB的[Execute]... 
2018-05-24 10:20:25.0030 Info: 【测试作业】执行完毕，执行结果：失败 
2018-05-24 10:20:25.0030 Info: 【信息发送作业】本次执行结束。 
2018-05-24 10:20:25.0030 Info: 【主控作业】本次执行结束。 
2018-05-24 10:20:30.0000 Info: 【主控作业】本次开始执行... 
2018-05-24 10:20:30.0000 Info: 【信息发送作业】本次开始执行... 
2018-05-24 10:20:30.0000 Info: 【测试作业】开始执行IJOB的[Execute]... 
2018-05-24 10:20:30.0000 Info: 【测试作业】执行完毕，执行结果：失败 
2018-05-24 10:20:30.0000 Info: 【信息发送作业】本次执行结束。 
2018-05-24 10:20:30.0000 Info: 【主控作业】本次执行结束。 
2018-05-24 10:20:35.0000 Info: 【主控作业】本次开始执行... 
2018-05-24 10:20:35.0000 Info: 【信息发送作业】本次开始执行... 
2018-05-24 10:20:35.0000 Info: 【测试作业】开始执行IJOB的[Execute]... 
2018-05-24 10:20:35.0020 Info: 【主控作业】本次执行结束。 
2018-05-24 10:20:35.0020 Info: 【测试作业】执行完毕，执行结果：失败 
2018-05-24 10:20:35.0020 Info: 【信息发送作业】本次执行结束。 
2018-05-24 10:20:40.0000 Info: 【主控作业】本次开始执行... 
2018-05-24 10:20:40.0000 Info: 【信息发送作业】本次开始执行... 
2018-05-24 10:20:40.0000 Info: 【测试作业】开始执行IJOB的[Execute]... 
2018-05-24 10:20:40.0000 Info: 【测试作业】执行完毕，执行结果：失败 
2018-05-24 10:20:40.0000 Info: 【信息发送作业】本次执行结束。 
2018-05-24 10:20:40.0000 Info: 【主控作业】本次执行结束。 
2018-05-24 10:20:45.0000 Info: 【主控作业】本次开始执行... 
2018-05-24 10:20:45.0000 Info: 【信息发送作业】本次开始执行... 
2018-05-24 10:20:45.0000 Info: 【测试作业】开始执行IJOB的[Execute]... 
2018-05-24 10:20:45.0030 Info: 【测试作业】执行完毕，执行结果：失败 
2018-05-24 10:20:45.0030 Info: 【信息发送作业】本次执行结束。 
2018-05-24 10:20:45.0030 Info: 【主控作业】本次执行结束。 
2018-05-24 10:20:50.0000 Info: 【主控作业】本次开始执行... 
2018-05-24 10:20:50.0000 Info: 【信息发送作业】本次开始执行... 
2018-05-24 10:20:50.0210 Info: 【测试作业】开始执行IJOB的[Execute]... 
2018-05-24 10:20:50.0300 Info: 【测试作业】执行完毕，执行结果：失败 
2018-05-24 10:20:50.0300 Info: 【信息发送作业】本次执行结束。 
2018-05-24 10:20:50.0300 Info: 【主控作业】本次执行结束。 
2018-05-24 10:20:55.0000 Info: 【主控作业】本次开始执行... 
2018-05-24 10:20:55.0000 Info: 【信息发送作业】本次开始执行... 
2018-05-24 10:20:55.0000 Info: 【测试作业】开始执行IJOB的[Execute]... 
2018-05-24 10:20:55.0010 Info: 【测试作业】执行完毕，执行结果：失败 
2018-05-24 10:20:55.0010 Info: 【信息发送作业】本次执行结束。 
2018-05-24 10:20:55.0010 Info: 【主控作业】本次执行结束。 
2018-05-24 10:21:00.0000 Info: 【主控作业】本次开始执行... 
2018-05-24 10:21:00.0000 Info: 【信息发送作业】本次开始执行... 
2018-05-24 10:21:00.0000 Info: 【测试作业】开始执行IJOB的[Execute]... 
2018-05-24 10:21:00.0000 Info: 【测试作业】执行完毕，执行结果：失败 
2018-05-24 10:21:00.0000 Info: 【信息发送作业】本次执行结束。 
2018-05-24 10:21:00.0000 Info: 【主控作业】本次执行结束。 
2018-05-24 10:21:05.0000 Info: 【主控作业】本次开始执行... 
2018-05-24 10:21:05.0000 Info: 【信息发送作业】本次开始执行... 
2018-05-24 10:21:05.0010 Info: 【测试作业】开始执行IJOB的[Execute]... 
2018-05-24 10:21:05.0010 Info: 【测试作业】执行完毕，执行结果：失败 
2018-05-24 10:21:05.0010 Info: 【主控作业】本次执行结束。 
2018-05-24 10:21:05.0010 Info: 【信息发送作业】本次执行结束。 
2018-05-24 10:21:10.0000 Info: 【主控作业】本次开始执行... 
2018-05-24 10:21:10.0000 Info: 【信息发送作业】本次开始执行... 
2018-05-24 10:21:10.0000 Info: 【测试作业】开始执行IJOB的[Execute]... 
2018-05-24 10:21:10.0000 Info: 【主控作业】本次执行结束。 
2018-05-24 10:21:10.0000 Info: 【测试作业】执行完毕，执行结果：失败 
2018-05-24 10:21:10.0000 Info: 【信息发送作业】本次执行结束。 
2018-05-24 10:21:15.0000 Info: 【主控作业】本次开始执行... 
2018-05-24 10:21:15.0000 Info: 【信息发送作业】本次开始执行... 
2018-05-24 10:21:15.0000 Info: 【测试作业】开始执行IJOB的[Execute]... 
2018-05-24 10:21:15.0010 Info: 【测试作业】执行完毕，执行结果：失败 
2018-05-24 10:21:15.0010 Info: 【信息发送作业】本次执行结束。 
2018-05-24 10:21:15.0010 Info: 【主控作业】本次执行结束。 
2018-05-24 10:21:20.0000 Info: 【主控作业】本次开始执行... 
2018-05-24 10:21:20.0000 Info: 【信息发送作业】本次开始执行... 
2018-05-24 10:21:20.0000 Info: 【测试作业】开始执行IJOB的[Execute]... 
2018-05-24 10:21:20.0000 Info: 【测试作业】执行完毕，执行结果：失败 
2018-05-24 10:21:20.0000 Info: 【信息发送作业】本次执行结束。 
2018-05-24 10:21:20.0000 Info: 【主控作业】本次执行结束。 
2018-05-24 10:21:25.0000 Info: 【主控作业】本次开始执行... 
2018-05-24 10:21:25.0000 Info: 【信息发送作业】本次开始执行... 
2018-05-24 10:21:25.0000 Info: 【测试作业】开始执行IJOB的[Execute]... 
2018-05-24 10:21:25.0000 Info: 【测试作业】执行完毕，执行结果：失败 
2018-05-24 10:21:25.0000 Info: 【信息发送作业】本次执行结束。 
2018-05-24 10:21:25.0000 Info: 【主控作业】本次执行结束。 
2018-05-24 10:21:30.0000 Info: 【主控作业】本次开始执行... 
2018-05-24 10:21:30.0000 Info: 【信息发送作业】本次开始执行... 
2018-05-24 10:21:30.0000 Info: 【测试作业】开始执行IJOB的[Execute]... 
2018-05-24 10:21:30.0000 Info: 【主控作业】本次执行结束。 
2018-05-24 10:21:30.0000 Info: 【测试作业】执行完毕，执行结果：失败 
2018-05-24 10:21:30.0000 Info: 【信息发送作业】本次执行结束。 
2018-05-24 10:21:35.0000 Info: 【主控作业】本次开始执行... 
2018-05-24 10:21:35.0000 Info: 【信息发送作业】本次开始执行... 
2018-05-24 10:21:35.0000 Info: 【测试作业】开始执行IJOB的[Execute]... 
2018-05-24 10:21:35.0000 Info: 【测试作业】执行完毕，执行结果：失败 
2018-05-24 10:21:35.0000 Info: 【信息发送作业】本次执行结束。 
2018-05-24 10:21:35.0000 Info: 【主控作业】本次执行结束。 
2018-05-24 10:21:40.0000 Info: 【主控作业】本次开始执行... 
2018-05-24 10:21:40.0000 Info: 【信息发送作业】本次开始执行... 
2018-05-24 10:21:40.0000 Info: 【测试作业】开始执行IJOB的[Execute]... 
2018-05-24 10:21:40.0000 Info: 【测试作业】执行完毕，执行结果：失败 
2018-05-24 10:21:40.0000 Info: 【信息发送作业】本次执行结束。 
2018-05-24 10:21:40.0000 Info: 【主控作业】本次执行结束。 
2018-05-24 10:21:45.0000 Info: 【主控作业】本次开始执行... 
2018-05-24 10:21:45.0000 Info: 【信息发送作业】本次开始执行... 
2018-05-24 10:21:45.0000 Info: 【测试作业】开始执行IJOB的[Execute]... 
2018-05-24 10:21:45.0000 Info: 【主控作业】本次执行结束。 
2018-05-24 10:21:45.0000 Info: 【测试作业】执行完毕，执行结果：失败 
2018-05-24 10:21:45.0000 Info: 【信息发送作业】本次执行结束。 
2018-05-24 10:21:50.0000 Info: 【主控作业】本次开始执行... 
2018-05-24 10:21:50.0000 Info: 【信息发送作业】本次开始执行... 
2018-05-24 10:21:50.0000 Info: 【测试作业】开始执行IJOB的[Execute]... 
2018-05-24 10:21:50.0000 Info: 【测试作业】执行完毕，执行结果：失败 
2018-05-24 10:21:50.0000 Info: 【信息发送作业】本次执行结束。 
2018-05-24 10:21:50.0000 Info: 【主控作业】本次执行结束。 
2018-05-24 10:21:55.0000 Info: 【主控作业】本次开始执行... 
2018-05-24 10:21:55.0000 Info: 【信息发送作业】本次开始执行... 
2018-05-24 10:21:55.0000 Info: 【测试作业】开始执行IJOB的[Execute]... 
2018-05-24 10:21:55.0000 Info: 【主控作业】本次执行结束。 
2018-05-24 10:21:55.0000 Info: 【测试作业】执行完毕，执行结果：失败 
2018-05-24 10:21:55.0000 Info: 【信息发送作业】本次执行结束。 
2018-05-24 10:22:00.0000 Info: 【主控作业】本次开始执行... 
2018-05-24 10:22:00.0000 Info: 【信息发送作业】本次开始执行... 
2018-05-24 10:22:00.0000 Info: 【测试作业】开始执行IJOB的[Execute]... 
2018-05-24 10:22:00.0000 Info: 【测试作业】执行完毕，执行结果：失败 
2018-05-24 10:22:00.0000 Info: 【信息发送作业】本次执行结束。 
2018-05-24 10:22:00.0000 Info: 【主控作业】本次执行结束。 
2018-05-24 10:22:05.0000 Info: 【主控作业】本次开始执行... 
2018-05-24 10:22:05.0000 Info: 【信息发送作业】本次开始执行... 
2018-05-24 10:22:05.0000 Info: 【测试作业】开始执行IJOB的[Execute]... 
2018-05-24 10:22:05.0000 Info: 【测试作业】执行完毕，执行结果：失败 
2018-05-24 10:22:05.0000 Info: 【信息发送作业】本次执行结束。 
2018-05-24 10:22:05.0000 Info: 【主控作业】本次执行结束。 
2018-05-24 10:22:10.0000 Info: 【主控作业】本次开始执行... 
2018-05-24 10:22:10.0000 Info: 【信息发送作业】本次开始执行... 
2018-05-24 10:22:10.0000 Info: 【测试作业】开始执行IJOB的[Execute]... 
2018-05-24 10:22:10.0000 Info: 【测试作业】执行完毕，执行结果：失败 
2018-05-24 10:22:10.0000 Info: 【信息发送作业】本次执行结束。 
2018-05-24 10:22:10.0000 Info: 【主控作业】本次执行结束。 
2018-05-24 10:22:15.0000 Info: 【主控作业】本次开始执行... 
2018-05-24 10:22:15.0000 Info: 【信息发送作业】本次开始执行... 
2018-05-24 10:22:15.0000 Info: 【测试作业】开始执行IJOB的[Execute]... 
2018-05-24 10:22:15.0000 Info: 【主控作业】本次执行结束。 
2018-05-24 10:22:15.0000 Info: 【测试作业】执行完毕，执行结果：失败 
2018-05-24 10:22:15.0000 Info: 【信息发送作业】本次执行结束。 
2018-05-24 16:44:30.3130 Info: 【主控作业】本次开始执行... 
2018-05-24 16:44:30.3130 Info: 【信息发送作业】本次开始执行... 
2018-05-24 16:44:30.3380 Info: 【测试作业】开始执行IJOB的[Execute]... 
2018-05-24 16:44:30.3540 Info: 【主控作业】本次执行结束。 
2018-05-24 16:44:30.3540 Info: 【测试作业】执行完毕，执行结果：失败 
2018-05-24 16:44:30.4140 Info: 【信息发送作业】本次执行结束。 
2018-05-24 16:44:35.0150 Info: 【主控作业】本次开始执行... 
2018-05-24 16:44:35.0150 Info: 【信息发送作业】本次开始执行... 
2018-05-24 16:44:35.0150 Info: 【测试作业】开始执行IJOB的[Execute]... 
2018-05-24 16:44:35.0150 Info: 【主控作业】本次执行结束。 
2018-05-24 16:44:35.0150 Info: 【测试作业】执行完毕，执行结果：失败 
2018-05-24 16:44:35.0150 Info: 【信息发送作业】本次执行结束。 
2018-05-24 16:44:40.0000 Info: 【主控作业】本次开始执行... 
2018-05-24 16:44:40.0000 Info: 【信息发送作业】本次开始执行... 
2018-05-24 16:44:40.0000 Info: 【测试作业】开始执行IJOB的[Execute]... 
2018-05-24 16:44:40.0000 Info: 【测试作业】执行完毕，执行结果：失败 
2018-05-24 16:44:40.0000 Info: 【信息发送作业】本次执行结束。 
2018-05-24 16:44:40.0000 Info: 【主控作业】本次执行结束。 
2018-05-24 16:44:45.0000 Info: 【主控作业】本次开始执行... 
2018-05-24 16:44:45.0000 Info: 【信息发送作业】本次开始执行... 
2018-05-24 16:44:45.0000 Info: 【测试作业】开始执行IJOB的[Execute]... 
2018-05-24 16:44:45.0000 Info: 【测试作业】执行完毕，执行结果：失败 
2018-05-24 16:44:45.0000 Info: 【信息发送作业】本次执行结束。 
2018-05-24 16:44:45.0000 Info: 【主控作业】本次执行结束。 
2018-05-24 16:44:50.0000 Info: 【主控作业】本次开始执行... 
2018-05-24 16:44:50.0000 Info: 【信息发送作业】本次开始执行... 
2018-05-24 16:44:50.0000 Info: 【测试作业】开始执行IJOB的[Execute]... 
2018-05-24 16:44:50.0000 Info: 【测试作业】执行完毕，执行结果：失败 
2018-05-24 16:44:50.0000 Info: 【信息发送作业】本次执行结束。 
2018-05-24 16:44:50.0000 Info: 【主控作业】本次执行结束。 
2018-05-24 16:44:55.0000 Info: 【主控作业】本次开始执行... 
2018-05-24 16:44:55.0000 Info: 【信息发送作业】本次开始执行... 
2018-05-24 16:44:55.0000 Info: 【测试作业】开始执行IJOB的[Execute]... 
2018-05-24 16:44:55.0000 Info: 【主控作业】本次执行结束。 
2018-05-24 16:44:55.0000 Info: 【测试作业】执行完毕，执行结果：失败 
2018-05-24 16:44:55.0000 Info: 【信息发送作业】本次执行结束。 
2018-05-24 16:45:00.0000 Info: 【主控作业】本次开始执行... 
2018-05-24 16:45:00.0000 Info: 【信息发送作业】本次开始执行... 
2018-05-24 16:45:00.0000 Info: 【测试作业】开始执行IJOB的[Execute]... 
2018-05-24 16:45:00.0000 Info: 【测试作业】执行完毕，执行结果：失败 
2018-05-24 16:45:00.0000 Info: 【信息发送作业】本次执行结束。 
2018-05-24 16:45:00.0000 Info: 【主控作业】本次执行结束。 
2018-05-24 16:45:05.0000 Info: 【主控作业】本次开始执行... 
2018-05-24 16:45:05.0000 Info: 【信息发送作业】本次开始执行... 
2018-05-24 16:45:05.0000 Info: 【测试作业】开始执行IJOB的[Execute]... 
2018-05-24 16:45:05.0080 Info: 【测试作业】执行完毕，执行结果：失败 
2018-05-24 16:45:05.0080 Info: 【信息发送作业】本次执行结束。 
2018-05-24 16:45:05.0080 Info: 【主控作业】本次执行结束。 
2018-05-24 16:45:10.0000 Info: 【信息发送作业】本次开始执行... 
2018-05-24 16:45:10.0000 Info: 【主控作业】本次开始执行... 
2018-05-24 16:45:10.0000 Info: 【测试作业】开始执行IJOB的[Execute]... 
2018-05-24 16:45:10.0000 Info: 【测试作业】执行完毕，执行结果：失败 
2018-05-24 16:45:10.0000 Info: 【信息发送作业】本次执行结束。 
2018-05-24 16:45:10.0000 Info: 【主控作业】本次执行结束。 
2018-05-24 16:45:15.0000 Info: 【主控作业】本次开始执行... 
2018-05-24 16:45:15.0000 Info: 【信息发送作业】本次开始执行... 
2018-05-24 16:45:15.0000 Info: 【测试作业】开始执行IJOB的[Execute]... 
2018-05-24 16:45:15.0000 Info: 【主控作业】本次执行结束。 
2018-05-24 16:45:15.0000 Info: 【测试作业】执行完毕，执行结果：失败 
2018-05-24 16:45:15.0000 Info: 【信息发送作业】本次执行结束。 
2018-05-24 16:45:20.0000 Info: 【主控作业】本次开始执行... 
2018-05-24 16:45:20.0000 Info: 【信息发送作业】本次开始执行... 
2018-05-24 16:45:20.0000 Info: 【测试作业】开始执行IJOB的[Execute]... 
2018-05-24 16:45:20.0000 Info: 【测试作业】执行完毕，执行结果：失败 
2018-05-24 16:45:20.0000 Info: 【信息发送作业】本次执行结束。 
2018-05-24 16:45:20.0000 Info: 【主控作业】本次执行结束。 
2018-05-24 16:45:25.0000 Info: 【主控作业】本次开始执行... 
2018-05-24 16:45:25.0000 Info: 【信息发送作业】本次开始执行... 
2018-05-24 16:45:25.0000 Info: 【测试作业】开始执行IJOB的[Execute]... 
2018-05-24 16:45:25.0000 Info: 【测试作业】执行完毕，执行结果：失败 
2018-05-24 16:45:25.0000 Info: 【信息发送作业】本次执行结束。 
2018-05-24 16:45:25.0000 Info: 【主控作业】本次执行结束。 
2018-05-24 16:45:30.0000 Info: 【主控作业】本次开始执行... 
2018-05-24 16:45:30.0000 Info: 【信息发送作业】本次开始执行... 
2018-05-24 16:45:30.0000 Info: 【测试作业】开始执行IJOB的[Execute]... 
2018-05-24 16:45:30.0000 Info: 【主控作业】本次执行结束。 
2018-05-24 16:45:30.0000 Info: 【测试作业】执行完毕，执行结果：失败 
2018-05-24 16:45:30.0000 Info: 【信息发送作业】本次执行结束。 
2018-05-24 16:45:35.0000 Info: 【主控作业】本次开始执行... 
2018-05-24 16:45:35.0000 Info: 【信息发送作业】本次开始执行... 
2018-05-24 16:45:35.0000 Info: 【测试作业】开始执行IJOB的[Execute]... 
2018-05-24 16:45:35.0060 Info: 【测试作业】执行完毕，执行结果：失败 
2018-05-24 16:45:35.0060 Info: 【信息发送作业】本次执行结束。 
2018-05-24 16:45:35.0060 Info: 【主控作业】本次执行结束。 
2018-05-24 16:45:40.0000 Info: 【主控作业】本次开始执行... 
2018-05-24 16:45:40.0000 Info: 【信息发送作业】本次开始执行... 
2018-05-24 16:45:40.0000 Info: 【测试作业】开始执行IJOB的[Execute]... 
2018-05-24 16:45:40.0000 Info: 【主控作业】本次执行结束。 
2018-05-24 16:45:40.0000 Info: 【测试作业】执行完毕，执行结果：失败 
2018-05-24 16:45:40.0000 Info: 【信息发送作业】本次执行结束。 
2018-05-24 16:45:45.0000 Info: 【主控作业】本次开始执行... 
2018-05-24 16:45:45.0000 Info: 【信息发送作业】本次开始执行... 
2018-05-24 16:45:45.0000 Info: 【测试作业】开始执行IJOB的[Execute]... 
2018-05-24 16:45:45.0000 Info: 【测试作业】执行完毕，执行结果：失败 
2018-05-24 16:45:45.0000 Info: 【信息发送作业】本次执行结束。 
2018-05-24 16:45:45.0000 Info: 【主控作业】本次执行结束。 
2018-05-24 16:45:50.0000 Info: 【主控作业】本次开始执行... 
2018-05-24 16:45:50.0000 Info: 【信息发送作业】本次开始执行... 
2018-05-24 16:45:50.0000 Info: 【测试作业】开始执行IJOB的[Execute]... 
2018-05-24 16:45:50.0000 Info: 【测试作业】执行完毕，执行结果：失败 
2018-05-24 16:45:50.0000 Info: 【信息发送作业】本次执行结束。 
2018-05-24 16:45:50.0000 Info: 【主控作业】本次执行结束。 
2018-05-24 16:45:55.0000 Info: 【主控作业】本次开始执行... 
2018-05-24 16:45:55.0000 Info: 【信息发送作业】本次开始执行... 
2018-05-24 16:45:55.0000 Info: 【测试作业】开始执行IJOB的[Execute]... 
2018-05-24 16:45:55.0000 Info: 【测试作业】执行完毕，执行结果：失败 
2018-05-24 16:45:55.0000 Info: 【信息发送作业】本次执行结束。 
2018-05-24 16:45:55.0000 Info: 【主控作业】本次执行结束。 
2018-05-24 16:47:05.1630 Info: 【主控作业】本次开始执行... 
2018-05-24 16:47:05.1630 Info: 【信息发送作业】本次开始执行... 
2018-05-24 16:47:05.2020 Info: 【主控作业】本次执行结束。 
2018-05-24 16:47:05.2020 Info: 【测试作业】开始执行IJOB的[Execute]... 
2018-05-24 16:47:05.2020 Info: 【测试作业】执行完毕，执行结果：失败 
2018-05-24 16:47:05.2090 Info: 【信息发送作业】本次执行结束。 
2018-05-24 17:03:50.1000 Info: 【主控作业】本次开始执行... 
2018-05-24 17:03:50.1000 Info: 【信息发送作业】本次开始执行... 
2018-05-24 17:03:50.1230 Info: 【测试作业】开始执行IJOB的[Execute]... 
2018-05-24 17:03:50.1230 Info: 【主控作业】本次执行结束。 
2018-05-24 17:03:50.1230 Info: 【测试作业】执行完毕，执行结果：失败 
2018-05-24 17:03:50.1230 Info: 【信息发送作业】本次执行结束。 
2018-05-24 17:03:55.0000 Info: 【主控作业】本次开始执行... 
2018-05-24 17:03:55.0000 Info: 【信息发送作业】本次开始执行... 
2018-05-24 17:03:55.0000 Info: 【测试作业】开始执行IJOB的[Execute]... 
2018-05-24 17:03:55.0000 Info: 【测试作业】执行完毕，执行结果：失败 
2018-05-24 17:03:55.0000 Info: 【信息发送作业】本次执行结束。 
2018-05-24 17:03:55.0000 Info: 【主控作业】本次执行结束。 
2018-05-24 17:04:00.0000 Info: 【信息发送作业】本次开始执行... 
2018-05-24 17:04:00.0000 Info: 【测试作业】开始执行IJOB的[Execute]... 
2018-05-24 17:04:00.0000 Info: 【主控作业】本次开始执行... 
2018-05-24 17:04:00.0000 Info: 【测试作业】执行完毕，执行结果：失败 
2018-05-24 17:04:00.0000 Info: 【信息发送作业】本次执行结束。 
2018-05-24 17:04:00.0000 Info: 【主控作业】本次执行结束。 
2018-05-24 17:04:05.0000 Info: 【主控作业】本次开始执行... 
2018-05-24 17:04:05.0000 Info: 【信息发送作业】本次开始执行... 
2018-05-24 17:04:05.0000 Info: 【测试作业】开始执行IJOB的[Execute]... 
2018-05-24 17:04:05.0000 Info: 【主控作业】本次执行结束。 
2018-05-24 17:04:05.0000 Info: 【测试作业】执行完毕，执行结果：失败 
2018-05-24 17:04:05.0000 Info: 【信息发送作业】本次执行结束。 
2018-05-24 17:04:10.0000 Info: 【主控作业】本次开始执行... 
2018-05-24 17:04:10.0000 Info: 【信息发送作业】本次开始执行... 
2018-05-24 17:04:10.0000 Info: 【测试作业】开始执行IJOB的[Execute]... 
2018-05-24 17:04:10.0000 Info: 【测试作业】执行完毕，执行结果：失败 
2018-05-24 17:04:10.0000 Info: 【信息发送作业】本次执行结束。 
2018-05-24 17:04:10.0000 Info: 【主控作业】本次执行结束。 
2018-05-24 17:04:15.0000 Info: 【主控作业】本次开始执行... 
2018-05-24 17:04:15.0000 Info: 【信息发送作业】本次开始执行... 
2018-05-24 17:04:15.0000 Info: 【测试作业】开始执行IJOB的[Execute]... 
2018-05-24 17:04:15.0000 Info: 【测试作业】执行完毕，执行结果：失败 
2018-05-24 17:04:15.0000 Info: 【信息发送作业】本次执行结束。 
2018-05-24 17:04:15.0000 Info: 【主控作业】本次执行结束。 
2018-05-24 17:04:20.0010 Info: 【主控作业】本次开始执行... 
2018-05-24 17:04:20.0010 Info: 【信息发送作业】本次开始执行... 
2018-05-24 17:04:20.0010 Info: 【测试作业】开始执行IJOB的[Execute]... 
2018-05-24 17:04:20.0110 Info: 【测试作业】执行完毕，执行结果：失败 
2018-05-24 17:04:20.0110 Info: 【信息发送作业】本次执行结束。 
2018-05-24 17:04:20.0110 Info: 【主控作业】本次执行结束。 
2018-05-24 17:04:25.0000 Info: 【主控作业】本次开始执行... 
2018-05-24 17:04:25.0000 Info: 【信息发送作业】本次开始执行... 
2018-05-24 17:04:25.0000 Info: 【测试作业】开始执行IJOB的[Execute]... 
2018-05-24 17:04:25.0000 Info: 【主控作业】本次执行结束。 
2018-05-24 17:04:25.0000 Info: 【测试作业】执行完毕，执行结果：失败 
2018-05-24 17:04:25.0000 Info: 【信息发送作业】本次执行结束。 
2018-05-24 17:04:30.0000 Info: 【主控作业】本次开始执行... 
2018-05-24 17:04:30.0000 Info: 【信息发送作业】本次开始执行... 
2018-05-24 17:04:30.0000 Info: 【测试作业】开始执行IJOB的[Execute]... 
2018-05-24 17:04:30.0000 Info: 【测试作业】执行完毕，执行结果：失败 
2018-05-24 17:04:30.0000 Info: 【信息发送作业】本次执行结束。 
2018-05-24 17:04:30.0000 Info: 【主控作业】本次执行结束。 
2018-05-24 17:04:35.0000 Info: 【主控作业】本次开始执行... 
2018-05-24 17:04:35.0000 Info: 【信息发送作业】本次开始执行... 
2018-05-24 17:04:35.0000 Info: 【测试作业】开始执行IJOB的[Execute]... 
2018-05-24 17:04:35.0000 Info: 【主控作业】本次执行结束。 
2018-05-24 17:04:35.0000 Info: 【测试作业】执行完毕，执行结果：失败 
2018-05-24 17:04:35.0000 Info: 【信息发送作业】本次执行结束。 
2018-05-24 17:06:10.1130 Info: 【主控作业】本次开始执行... 
2018-05-24 17:06:10.1130 Info: 【信息发送作业】本次开始执行... 
2018-05-24 17:06:10.1380 Info: 【测试作业】开始执行IJOB的[Execute]... 
2018-05-24 17:06:10.1380 Info: 【主控作业】本次执行结束。 
2018-05-24 17:06:10.1380 Info: 【测试作业】执行完毕，执行结果：失败 
2018-05-24 17:06:10.1460 Info: 【信息发送作业】本次执行结束。 
2018-05-24 17:06:15.0000 Info: 【主控作业】本次开始执行... 
2018-05-24 17:06:15.0000 Info: 【信息发送作业】本次开始执行... 
2018-05-24 17:06:15.0000 Info: 【测试作业】开始执行IJOB的[Execute]... 
2018-05-24 17:06:15.0000 Info: 【测试作业】执行完毕，执行结果：失败 
2018-05-24 17:06:15.0000 Info: 【信息发送作业】本次执行结束。 
2018-05-24 17:06:15.0000 Info: 【主控作业】本次执行结束。 
2018-05-24 17:06:20.0000 Info: 【主控作业】本次开始执行... 
2018-05-24 17:06:20.0000 Info: 【信息发送作业】本次开始执行... 
2018-05-24 17:06:20.0000 Info: 【测试作业】开始执行IJOB的[Execute]... 
2018-05-24 17:06:20.0000 Info: 【主控作业】本次执行结束。 
2018-05-24 17:06:20.0000 Info: 【测试作业】执行完毕，执行结果：失败 
2018-05-24 17:06:20.0000 Info: 【信息发送作业】本次执行结束。 
2018-05-24 17:06:25.0000 Info: 【主控作业】本次开始执行... 
2018-05-24 17:06:25.0000 Info: 【信息发送作业】本次开始执行... 
2018-05-24 17:06:25.0000 Info: 【测试作业】开始执行IJOB的[Execute]... 
2018-05-24 17:06:25.0000 Info: 【测试作业】执行完毕，执行结果：失败 
2018-05-24 17:06:25.0000 Info: 【信息发送作业】本次执行结束。 
2018-05-24 17:06:25.0000 Info: 【主控作业】本次执行结束。 
2018-05-24 17:06:30.0000 Info: 【主控作业】本次开始执行... 
2018-05-24 17:06:30.0000 Info: 【信息发送作业】本次开始执行... 
2018-05-24 17:06:30.0000 Info: 【测试作业】开始执行IJOB的[Execute]... 
2018-05-24 17:06:30.0000 Info: 【测试作业】执行完毕，执行结果：失败 
2018-05-24 17:06:30.0000 Info: 【信息发送作业】本次执行结束。 
2018-05-24 17:06:30.0030 Info: 【主控作业】本次执行结束。 
2018-05-24 17:06:35.0000 Info: 【主控作业】本次开始执行... 
2018-05-24 17:06:35.0000 Info: 【信息发送作业】本次开始执行... 
2018-05-24 17:06:35.0000 Info: 【测试作业】开始执行IJOB的[Execute]... 
2018-05-24 17:06:35.0000 Info: 【测试作业】执行完毕，执行结果：失败 
2018-05-24 17:06:35.0000 Info: 【信息发送作业】本次执行结束。 
2018-05-24 17:06:35.0000 Info: 【主控作业】本次执行结束。 
2018-05-24 17:06:40.0020 Info: 【主控作业】本次开始执行... 
2018-05-24 17:06:40.0020 Info: 【信息发送作业】本次开始执行... 
2018-05-24 17:06:40.0020 Info: 【测试作业】开始执行IJOB的[Execute]... 
2018-05-24 17:06:40.0030 Info: 【测试作业】执行完毕，执行结果：失败 
2018-05-24 17:06:40.0030 Info: 【信息发送作业】本次执行结束。 
2018-05-24 17:06:40.0030 Info: 【主控作业】本次执行结束。 
2018-05-24 17:06:45.0000 Info: 【主控作业】本次开始执行... 
2018-05-24 17:06:45.0000 Info: 【信息发送作业】本次开始执行... 
2018-05-24 17:06:45.0000 Info: 【测试作业】开始执行IJOB的[Execute]... 
2018-05-24 17:06:45.0000 Info: 【主控作业】本次执行结束。 
2018-05-24 17:06:45.0000 Info: 【测试作业】执行完毕，执行结果：失败 
2018-05-24 17:06:45.0000 Info: 【信息发送作业】本次执行结束。 
2018-05-24 17:06:50.0000 Info: 【主控作业】本次开始执行... 
2018-05-24 17:06:50.0000 Info: 【信息发送作业】本次开始执行... 
2018-05-24 17:06:50.0000 Info: 【测试作业】开始执行IJOB的[Execute]... 
2018-05-24 17:06:50.0000 Info: 【测试作业】执行完毕，执行结果：失败 
2018-05-24 17:06:50.0000 Info: 【信息发送作业】本次执行结束。 
2018-05-24 17:06:50.0000 Info: 【主控作业】本次执行结束。 
2018-05-24 17:06:55.0000 Info: 【主控作业】本次开始执行... 
2018-05-24 17:06:55.0000 Info: 【信息发送作业】本次开始执行... 
2018-05-24 17:06:55.0000 Info: 【测试作业】开始执行IJOB的[Execute]... 
2018-05-24 17:06:55.0000 Info: 【测试作业】执行完毕，执行结果：失败 
2018-05-24 17:06:55.0000 Info: 【信息发送作业】本次执行结束。 
2018-05-24 17:06:55.0000 Info: 【主控作业】本次执行结束。 
2018-05-24 17:07:00.0000 Info: 【主控作业】本次开始执行... 
2018-05-24 17:07:00.0000 Info: 【信息发送作业】本次开始执行... 
2018-05-24 17:07:00.0000 Info: 【测试作业】开始执行IJOB的[Execute]... 
2018-05-24 17:07:00.0020 Info: 【主控作业】本次执行结束。 
2018-05-24 17:07:00.0020 Info: 【测试作业】执行完毕，执行结果：失败 
2018-05-24 17:07:00.0020 Info: 【信息发送作业】本次执行结束。 
2018-05-24 17:07:05.0000 Info: 【主控作业】本次开始执行... 
2018-05-24 17:07:05.0000 Info: 【信息发送作业】本次开始执行... 
2018-05-24 17:07:05.0000 Info: 【测试作业】开始执行IJOB的[Execute]... 
2018-05-24 17:07:05.0000 Info: 【主控作业】本次执行结束。 
2018-05-24 17:07:05.0000 Info: 【测试作业】执行完毕，执行结果：失败 
2018-05-24 17:07:05.0100 Info: 【信息发送作业】本次执行结束。 
2018-05-24 17:07:10.0000 Info: 【主控作业】本次开始执行... 
2018-05-24 17:07:10.0000 Info: 【信息发送作业】本次开始执行... 
2018-05-24 17:07:10.0000 Info: 【测试作业】开始执行IJOB的[Execute]... 
2018-05-24 17:07:10.0000 Info: 【测试作业】执行完毕，执行结果：失败 
2018-05-24 17:07:10.0000 Info: 【信息发送作业】本次执行结束。 
2018-05-24 17:07:10.0020 Info: 【主控作业】本次执行结束。 
2018-05-24 17:07:15.0000 Info: 【主控作业】本次开始执行... 
2018-05-24 17:07:15.0000 Info: 【信息发送作业】本次开始执行... 
2018-05-24 17:07:15.0000 Info: 【测试作业】开始执行IJOB的[Execute]... 
2018-05-24 17:07:15.0000 Info: 【测试作业】执行完毕，执行结果：失败 
2018-05-24 17:07:15.0000 Info: 【信息发送作业】本次执行结束。 
2018-05-24 17:07:15.0000 Info: 【主控作业】本次执行结束。 
2018-05-24 17:07:20.0000 Info: 【主控作业】本次开始执行... 
2018-05-24 17:07:20.0000 Info: 【信息发送作业】本次开始执行... 
2018-05-24 17:07:20.0010 Info: 【测试作业】开始执行IJOB的[Execute]... 
2018-05-24 17:07:20.0010 Info: 【测试作业】执行完毕，执行结果：失败 
2018-05-24 17:07:20.0010 Info: 【信息发送作业】本次执行结束。 
2018-05-24 17:07:20.0010 Info: 【主控作业】本次执行结束。 
2018-05-24 17:07:25.0000 Info: 【主控作业】本次开始执行... 
2018-05-24 17:07:25.0000 Info: 【信息发送作业】本次开始执行... 
2018-05-24 17:07:25.0000 Info: 【测试作业】开始执行IJOB的[Execute]... 
2018-05-24 17:07:25.0000 Info: 【测试作业】执行完毕，执行结果：失败 
2018-05-24 17:07:25.0000 Info: 【主控作业】本次执行结束。 
2018-05-24 17:07:25.0000 Info: 【信息发送作业】本次执行结束。 
2018-05-24 17:07:30.0000 Info: 【主控作业】本次开始执行... 
2018-05-24 17:07:30.0000 Info: 【信息发送作业】本次开始执行... 
2018-05-24 17:07:30.0060 Info: 【测试作业】开始执行IJOB的[Execute]... 
2018-05-24 17:07:30.0060 Info: 【测试作业】执行完毕，执行结果：失败 
2018-05-24 17:07:30.0060 Info: 【信息发送作业】本次执行结束。 
2018-05-24 17:07:30.0060 Info: 【主控作业】本次执行结束。 
2018-05-24 17:07:35.0000 Info: 【主控作业】本次开始执行... 
2018-05-24 17:07:35.0000 Info: 【信息发送作业】本次开始执行... 
2018-05-24 17:07:35.0000 Info: 【测试作业】开始执行IJOB的[Execute]... 
2018-05-24 17:07:35.0000 Info: 【测试作业】执行完毕，执行结果：失败 
2018-05-24 17:07:35.0000 Info: 【信息发送作业】本次执行结束。 
2018-05-24 17:07:35.0000 Info: 【主控作业】本次执行结束。 
2018-05-24 17:07:40.0000 Info: 【信息发送作业】本次开始执行... 
2018-05-24 17:07:40.0000 Info: 【测试作业】开始执行IJOB的[Execute]... 
2018-05-24 17:07:40.0000 Info: 【主控作业】本次开始执行... 
2018-05-24 17:07:40.0010 Info: 【测试作业】执行完毕，执行结果：失败 
2018-05-24 17:07:40.0010 Info: 【信息发送作业】本次执行结束。 
2018-05-24 17:07:40.0010 Info: 【主控作业】本次执行结束。 
2018-05-24 17:07:45.0000 Info: 【主控作业】本次开始执行... 
2018-05-24 17:07:45.0000 Info: 【信息发送作业】本次开始执行... 
2018-05-24 17:07:45.0000 Info: 【测试作业】开始执行IJOB的[Execute]... 
2018-05-24 17:07:45.0000 Info: 【测试作业】执行完毕，执行结果：失败 
2018-05-24 17:07:45.0000 Info: 【信息发送作业】本次执行结束。 
2018-05-24 17:07:45.0000 Info: 【主控作业】本次执行结束。 
2018-05-24 17:07:50.0000 Info: 【主控作业】本次开始执行... 
2018-05-24 17:07:50.0000 Info: 【信息发送作业】本次开始执行... 
2018-05-24 17:07:50.0000 Info: 【测试作业】开始执行IJOB的[Execute]... 
2018-05-24 17:07:50.0000 Info: 【主控作业】本次执行结束。 
2018-05-24 17:07:50.0000 Info: 【测试作业】执行完毕，执行结果：失败 
2018-05-24 17:07:50.0000 Info: 【信息发送作业】本次执行结束。 
2018-05-24 17:07:55.0000 Info: 【主控作业】本次开始执行... 
2018-05-24 17:07:55.0000 Info: 【信息发送作业】本次开始执行... 
2018-05-24 17:07:55.0000 Info: 【测试作业】开始执行IJOB的[Execute]... 
2018-05-24 17:07:55.0000 Info: 【测试作业】执行完毕，执行结果：失败 
2018-05-24 17:07:55.0000 Info: 【信息发送作业】本次执行结束。 
2018-05-24 17:07:55.0000 Info: 【主控作业】本次执行结束。 
2018-05-24 17:08:00.0000 Info: 【主控作业】本次开始执行... 
2018-05-24 17:08:00.0000 Info: 【信息发送作业】本次开始执行... 
2018-05-24 17:08:00.0000 Info: 【测试作业】开始执行IJOB的[Execute]... 
2018-05-24 17:08:00.0000 Info: 【测试作业】执行完毕，执行结果：失败 
2018-05-24 17:08:00.0000 Info: 【信息发送作业】本次执行结束。 
2018-05-24 17:08:00.0000 Info: 【主控作业】本次执行结束。 
2018-05-24 17:08:05.0000 Info: 【主控作业】本次开始执行... 
2018-05-24 17:08:05.0000 Info: 【信息发送作业】本次开始执行... 
2018-05-24 17:08:05.0000 Info: 【测试作业】开始执行IJOB的[Execute]... 
2018-05-24 17:08:05.0000 Info: 【测试作业】执行完毕，执行结果：失败 
2018-05-24 17:08:05.0000 Info: 【信息发送作业】本次执行结束。 
2018-05-24 17:08:05.0000 Info: 【主控作业】本次执行结束。 
2018-05-24 17:08:10.0000 Info: 【主控作业】本次开始执行... 
2018-05-24 17:08:10.0000 Info: 【信息发送作业】本次开始执行... 
2018-05-24 17:08:10.0000 Info: 【测试作业】开始执行IJOB的[Execute]... 
2018-05-24 17:08:10.0000 Info: 【测试作业】执行完毕，执行结果：失败 
2018-05-24 17:08:10.0000 Info: 【信息发送作业】本次执行结束。 
2018-05-24 17:08:10.0000 Info: 【主控作业】本次执行结束。 
2018-05-24 17:08:15.0000 Info: 【主控作业】本次开始执行... 
2018-05-24 17:08:15.0000 Info: 【信息发送作业】本次开始执行... 
2018-05-24 17:08:15.0000 Info: 【测试作业】开始执行IJOB的[Execute]... 
2018-05-24 17:08:15.0000 Info: 【测试作业】执行完毕，执行结果：失败 
2018-05-24 17:08:15.0000 Info: 【信息发送作业】本次执行结束。 
2018-05-24 17:08:15.0000 Info: 【主控作业】本次执行结束。 
2018-05-24 17:08:20.0000 Info: 【主控作业】本次开始执行... 
2018-05-24 17:08:20.0000 Info: 【信息发送作业】本次开始执行... 
2018-05-24 17:08:20.0000 Info: 【测试作业】开始执行IJOB的[Execute]... 
2018-05-24 17:08:20.0000 Info: 【主控作业】本次执行结束。 
2018-05-24 17:08:20.0000 Info: 【测试作业】执行完毕，执行结果：失败 
2018-05-24 17:08:20.0000 Info: 【信息发送作业】本次执行结束。 
2018-05-24 17:08:25.0000 Info: 【主控作业】本次开始执行... 
2018-05-24 17:08:25.0000 Info: 【信息发送作业】本次开始执行... 
2018-05-24 17:08:25.0000 Info: 【测试作业】开始执行IJOB的[Execute]... 
2018-05-24 17:08:25.0000 Info: 【测试作业】执行完毕，执行结果：失败 
2018-05-24 17:08:25.0000 Info: 【信息发送作业】本次执行结束。 
2018-05-24 17:08:25.0000 Info: 【主控作业】本次执行结束。 
2018-05-24 17:08:30.0000 Info: 【主控作业】本次开始执行... 
2018-05-24 17:08:30.0000 Info: 【信息发送作业】本次开始执行... 
2018-05-24 17:08:30.0000 Info: 【测试作业】开始执行IJOB的[Execute]... 
2018-05-24 17:08:30.0000 Info: 【主控作业】本次执行结束。 
2018-05-24 17:08:30.0000 Info: 【测试作业】执行完毕，执行结果：失败 
2018-05-24 17:08:30.0000 Info: 【信息发送作业】本次执行结束。 
2018-05-24 17:08:35.0000 Info: 【主控作业】本次开始执行... 
2018-05-24 17:08:35.0000 Info: 【信息发送作业】本次开始执行... 
2018-05-24 17:08:35.0000 Info: 【测试作业】开始执行IJOB的[Execute]... 
2018-05-24 17:08:35.0000 Info: 【测试作业】执行完毕，执行结果：失败 
2018-05-24 17:08:35.0000 Info: 【信息发送作业】本次执行结束。 
2018-05-24 17:08:35.0000 Info: 【主控作业】本次执行结束。 
2018-05-24 17:08:40.0000 Info: 【信息发送作业】本次开始执行... 
2018-05-24 17:08:40.0000 Info: 【测试作业】开始执行IJOB的[Execute]... 
2018-05-24 17:08:40.0000 Info: 【主控作业】本次开始执行... 
2018-05-24 17:08:40.0000 Info: 【测试作业】执行完毕，执行结果：失败 
2018-05-24 17:08:40.0000 Info: 【信息发送作业】本次执行结束。 
2018-05-24 17:08:40.0000 Info: 【主控作业】本次执行结束。 
2018-05-24 17:08:45.0000 Info: 【主控作业】本次开始执行... 
2018-05-24 17:08:45.0000 Info: 【信息发送作业】本次开始执行... 
2018-05-24 17:08:45.0000 Info: 【测试作业】开始执行IJOB的[Execute]... 
2018-05-24 17:08:45.0000 Info: 【测试作业】执行完毕，执行结果：失败 
2018-05-24 17:08:45.0000 Info: 【信息发送作业】本次执行结束。 
2018-05-24 17:08:45.0000 Info: 【主控作业】本次执行结束。 
2018-05-24 17:08:50.0000 Info: 【主控作业】本次开始执行... 
2018-05-24 17:08:50.0000 Info: 【信息发送作业】本次开始执行... 
2018-05-24 17:08:50.0000 Info: 【测试作业】开始执行IJOB的[Execute]... 
2018-05-24 17:08:50.0000 Info: 【主控作业】本次执行结束。 
2018-05-24 17:08:50.0000 Info: 【测试作业】执行完毕，执行结果：失败 
2018-05-24 17:08:50.0000 Info: 【信息发送作业】本次执行结束。 
2018-05-24 17:08:55.0000 Info: 【主控作业】本次开始执行... 
2018-05-24 17:08:55.0000 Info: 【信息发送作业】本次开始执行... 
2018-05-24 17:08:55.0000 Info: 【测试作业】开始执行IJOB的[Execute]... 
2018-05-24 17:08:55.0000 Info: 【测试作业】执行完毕，执行结果：失败 
2018-05-24 17:08:55.0000 Info: 【信息发送作业】本次执行结束。 
2018-05-24 17:08:55.0000 Info: 【主控作业】本次执行结束。 
2018-05-24 17:09:00.0000 Info: 【主控作业】本次开始执行... 
2018-05-24 17:09:00.0000 Info: 【信息发送作业】本次开始执行... 
2018-05-24 17:09:00.0000 Info: 【测试作业】开始执行IJOB的[Execute]... 
2018-05-24 17:09:00.0000 Info: 【测试作业】执行完毕，执行结果：失败 
2018-05-24 17:09:00.0000 Info: 【信息发送作业】本次执行结束。 
2018-05-24 17:09:00.0000 Info: 【主控作业】本次执行结束。 
2018-05-24 17:09:05.0000 Info: 【主控作业】本次开始执行... 
2018-05-24 17:09:05.0000 Info: 【信息发送作业】本次开始执行... 
2018-05-24 17:09:05.0000 Info: 【测试作业】开始执行IJOB的[Execute]... 
2018-05-24 17:09:05.0000 Info: 【测试作业】执行完毕，执行结果：失败 
2018-05-24 17:09:05.0000 Info: 【信息发送作业】本次执行结束。 
2018-05-24 17:09:05.0000 Info: 【主控作业】本次执行结束。 
2018-05-24 17:09:10.0000 Info: 【主控作业】本次开始执行... 
2018-05-24 17:09:10.0000 Info: 【信息发送作业】本次开始执行... 
2018-05-24 17:09:10.0000 Info: 【测试作业】开始执行IJOB的[Execute]... 
2018-05-24 17:09:10.0000 Info: 【测试作业】执行完毕，执行结果：失败 
2018-05-24 17:09:10.0000 Info: 【信息发送作业】本次执行结束。 
2018-05-24 17:09:10.0000 Info: 【主控作业】本次执行结束。 
2018-05-24 17:09:15.0000 Info: 【主控作业】本次开始执行... 
2018-05-24 17:09:15.0000 Info: 【信息发送作业】本次开始执行... 
2018-05-24 17:09:15.0000 Info: 【测试作业】开始执行IJOB的[Execute]... 
2018-05-24 17:09:15.0000 Info: 【测试作业】执行完毕，执行结果：失败 
2018-05-24 17:09:15.0000 Info: 【信息发送作业】本次执行结束。 
2018-05-24 17:09:15.0000 Info: 【主控作业】本次执行结束。 
2018-05-24 17:09:20.0000 Info: 【主控作业】本次开始执行... 
2018-05-24 17:09:20.0000 Info: 【信息发送作业】本次开始执行... 
2018-05-24 17:09:20.0000 Info: 【测试作业】开始执行IJOB的[Execute]... 
2018-05-24 17:09:20.0000 Info: 【测试作业】执行完毕，执行结果：失败 
2018-05-24 17:09:20.0000 Info: 【信息发送作业】本次执行结束。 
2018-05-24 17:09:20.0000 Info: 【主控作业】本次执行结束。 
2018-05-24 17:09:25.0000 Info: 【主控作业】本次开始执行... 
2018-05-24 17:09:25.0000 Info: 【信息发送作业】本次开始执行... 
2018-05-24 17:09:25.0000 Info: 【测试作业】开始执行IJOB的[Execute]... 
2018-05-24 17:09:25.0000 Info: 【测试作业】执行完毕，执行结果：失败 
2018-05-24 17:09:25.0000 Info: 【主控作业】本次执行结束。 
2018-05-24 17:09:25.0000 Info: 【信息发送作业】本次执行结束。 
2018-05-24 17:09:30.0000 Info: 【主控作业】本次开始执行... 
2018-05-24 17:09:30.0000 Info: 【信息发送作业】本次开始执行... 
2018-05-24 17:09:30.0000 Info: 【测试作业】开始执行IJOB的[Execute]... 
2018-05-24 17:09:30.0000 Info: 【测试作业】执行完毕，执行结果：失败 
2018-05-24 17:09:30.0000 Info: 【信息发送作业】本次执行结束。 
2018-05-24 17:09:30.0000 Info: 【主控作业】本次执行结束。 
2018-05-24 17:09:35.0000 Info: 【主控作业】本次开始执行... 
2018-05-24 17:09:35.0000 Info: 【信息发送作业】本次开始执行... 
2018-05-24 17:09:35.0080 Info: 【测试作业】开始执行IJOB的[Execute]... 
2018-05-24 17:09:35.0080 Info: 【测试作业】执行完毕，执行结果：失败 
2018-05-24 17:09:35.0080 Info: 【信息发送作业】本次执行结束。 
2018-05-24 17:09:35.0080 Info: 【主控作业】本次执行结束。 
2018-05-24 17:09:40.0000 Info: 【主控作业】本次开始执行... 
2018-05-24 17:09:40.0000 Info: 【信息发送作业】本次开始执行... 
2018-05-24 17:09:40.0000 Info: 【测试作业】开始执行IJOB的[Execute]... 
2018-05-24 17:09:40.0000 Info: 【主控作业】本次执行结束。 
2018-05-24 17:09:40.0000 Info: 【测试作业】执行完毕，执行结果：失败 
2018-05-24 17:09:40.0000 Info: 【信息发送作业】本次执行结束。 
2018-05-24 17:09:45.0000 Info: 【主控作业】本次开始执行... 
2018-05-24 17:09:45.0000 Info: 【信息发送作业】本次开始执行... 
2018-05-24 17:09:45.0000 Info: 【测试作业】开始执行IJOB的[Execute]... 
2018-05-24 17:09:45.0000 Info: 【测试作业】执行完毕，执行结果：失败 
2018-05-24 17:09:45.0000 Info: 【信息发送作业】本次执行结束。 
2018-05-24 17:09:45.0000 Info: 【主控作业】本次执行结束。 
2018-05-24 17:09:50.0000 Info: 【主控作业】本次开始执行... 
2018-05-24 17:09:50.0000 Info: 【信息发送作业】本次开始执行... 
2018-05-24 17:09:50.0000 Info: 【测试作业】开始执行IJOB的[Execute]... 
2018-05-24 17:09:50.0000 Info: 【测试作业】执行完毕，执行结果：失败 
2018-05-24 17:09:50.0000 Info: 【信息发送作业】本次执行结束。 
2018-05-24 17:09:50.0000 Info: 【主控作业】本次执行结束。 
2018-05-24 17:09:55.0000 Info: 【主控作业】本次开始执行... 
2018-05-24 17:09:55.0000 Info: 【信息发送作业】本次开始执行... 
2018-05-24 17:09:55.0000 Info: 【测试作业】开始执行IJOB的[Execute]... 
2018-05-24 17:09:55.0000 Info: 【测试作业】执行完毕，执行结果：失败 
2018-05-24 17:09:55.0000 Info: 【信息发送作业】本次执行结束。 
2018-05-24 17:09:55.0000 Info: 【主控作业】本次执行结束。 
2018-05-24 17:10:00.0000 Info: 【主控作业】本次开始执行... 
2018-05-24 17:10:00.0000 Info: 【信息发送作业】本次开始执行... 
2018-05-24 17:10:00.0000 Info: 【测试作业】开始执行IJOB的[Execute]... 
2018-05-24 17:10:00.0000 Info: 【主控作业】本次执行结束。 
2018-05-24 17:10:00.0000 Info: 【测试作业】执行完毕，执行结果：失败 
2018-05-24 17:10:00.0000 Info: 【信息发送作业】本次执行结束。 
2018-05-24 17:10:05.0000 Info: 【主控作业】本次开始执行... 
2018-05-24 17:10:05.0000 Info: 【信息发送作业】本次开始执行... 
2018-05-24 17:10:05.0000 Info: 【测试作业】开始执行IJOB的[Execute]... 
2018-05-24 17:10:05.0060 Info: 【测试作业】执行完毕，执行结果：失败 
2018-05-24 17:10:05.0060 Info: 【信息发送作业】本次执行结束。 
2018-05-24 17:10:05.0250 Info: 【主控作业】本次执行结束。 
2018-05-24 17:10:10.0000 Info: 【主控作业】本次开始执行... 
2018-05-24 17:10:10.0000 Info: 【信息发送作业】本次开始执行... 
2018-05-24 17:10:10.0000 Info: 【测试作业】开始执行IJOB的[Execute]... 
2018-05-24 17:10:10.0000 Info: 【测试作业】执行完毕，执行结果：失败 
2018-05-24 17:10:10.0000 Info: 【信息发送作业】本次执行结束。 
2018-05-24 17:10:10.0000 Info: 【主控作业】本次执行结束。 
2018-05-24 17:10:15.0000 Info: 【主控作业】本次开始执行... 
2018-05-24 17:10:15.0000 Info: 【信息发送作业】本次开始执行... 
2018-05-24 17:10:15.0000 Info: 【测试作业】开始执行IJOB的[Execute]... 
2018-05-24 17:10:15.0030 Info: 【主控作业】本次执行结束。 
2018-05-24 17:10:15.0030 Info: 【测试作业】执行完毕，执行结果：失败 
2018-05-24 17:10:15.0030 Info: 【信息发送作业】本次执行结束。 
2018-05-24 17:10:20.0000 Info: 【主控作业】本次开始执行... 
2018-05-24 17:10:20.0000 Info: 【信息发送作业】本次开始执行... 
2018-05-24 17:10:20.0000 Info: 【测试作业】开始执行IJOB的[Execute]... 
2018-05-24 17:10:20.0000 Info: 【测试作业】执行完毕，执行结果：失败 
2018-05-24 17:10:20.0000 Info: 【信息发送作业】本次执行结束。 
2018-05-24 17:10:20.0000 Info: 【主控作业】本次执行结束。 
2018-05-24 17:10:25.0000 Info: 【主控作业】本次开始执行... 
2018-05-24 17:10:25.0000 Info: 【信息发送作业】本次开始执行... 
2018-05-24 17:10:25.0000 Info: 【测试作业】开始执行IJOB的[Execute]... 
2018-05-24 17:10:25.0030 Info: 【测试作业】执行完毕，执行结果：失败 
2018-05-24 17:10:25.0030 Info: 【主控作业】本次执行结束。 
2018-05-24 17:10:25.0030 Info: 【信息发送作业】本次执行结束。 
2018-05-24 17:10:30.0000 Info: 【主控作业】本次开始执行... 
2018-05-24 17:10:30.0000 Info: 【信息发送作业】本次开始执行... 
2018-05-24 17:10:30.0000 Info: 【测试作业】开始执行IJOB的[Execute]... 
2018-05-24 17:10:30.0000 Info: 【主控作业】本次执行结束。 
2018-05-24 17:10:30.0000 Info: 【测试作业】执行完毕，执行结果：失败 
2018-05-24 17:10:30.0000 Info: 【信息发送作业】本次执行结束。 
2018-05-24 17:10:35.0000 Info: 【主控作业】本次开始执行... 
2018-05-24 17:10:35.0000 Info: 【信息发送作业】本次开始执行... 
2018-05-24 17:10:35.0000 Info: 【测试作业】开始执行IJOB的[Execute]... 
2018-05-24 17:10:35.0000 Info: 【主控作业】本次执行结束。 
2018-05-24 17:10:35.0060 Info: 【测试作业】执行完毕，执行结果：失败 
2018-05-24 17:10:35.0060 Info: 【信息发送作业】本次执行结束。 
2018-05-24 17:10:40.0000 Info: 【主控作业】本次开始执行... 
2018-05-24 17:10:40.0000 Info: 【信息发送作业】本次开始执行... 
2018-05-24 17:10:40.0000 Info: 【测试作业】开始执行IJOB的[Execute]... 
2018-05-24 17:10:40.0000 Info: 【测试作业】执行完毕，执行结果：失败 
2018-05-24 17:10:40.0000 Info: 【信息发送作业】本次执行结束。 
2018-05-24 17:10:40.0000 Info: 【主控作业】本次执行结束。 
2018-05-24 17:10:45.0000 Info: 【主控作业】本次开始执行... 
2018-05-24 17:10:45.0000 Info: 【信息发送作业】本次开始执行... 
2018-05-24 17:10:45.0000 Info: 【测试作业】开始执行IJOB的[Execute]... 
2018-05-24 17:10:45.0030 Info: 【测试作业】执行完毕，执行结果：失败 
2018-05-24 17:10:45.0030 Info: 【信息发送作业】本次执行结束。 
2018-05-24 17:10:45.0030 Info: 【主控作业】本次执行结束。 
2018-05-24 17:10:50.0000 Info: 【主控作业】本次开始执行... 
2018-05-24 17:10:50.0000 Info: 【信息发送作业】本次开始执行... 
2018-05-24 17:10:50.0000 Info: 【测试作业】开始执行IJOB的[Execute]... 
2018-05-24 17:10:50.0000 Info: 【测试作业】执行完毕，执行结果：失败 
2018-05-24 17:10:50.0000 Info: 【信息发送作业】本次执行结束。 
2018-05-24 17:10:50.0000 Info: 【主控作业】本次执行结束。 
2018-05-24 17:10:55.0000 Info: 【主控作业】本次开始执行... 
2018-05-24 17:10:55.0000 Info: 【信息发送作业】本次开始执行... 
2018-05-24 17:10:55.0000 Info: 【测试作业】开始执行IJOB的[Execute]... 
2018-05-24 17:10:55.0020 Info: 【主控作业】本次执行结束。 
2018-05-24 17:10:55.0020 Info: 【测试作业】执行完毕，执行结果：失败 
2018-05-24 17:10:55.0020 Info: 【信息发送作业】本次执行结束。 
2018-05-24 17:11:00.0000 Info: 【主控作业】本次开始执行... 
2018-05-24 17:11:00.0000 Info: 【信息发送作业】本次开始执行... 
2018-05-24 17:11:00.0000 Info: 【测试作业】开始执行IJOB的[Execute]... 
2018-05-24 17:11:00.0000 Info: 【测试作业】执行完毕，执行结果：失败 
2018-05-24 17:11:00.0000 Info: 【信息发送作业】本次执行结束。 
2018-05-24 17:11:00.0000 Info: 【主控作业】本次执行结束。 
2018-05-24 17:11:05.0000 Info: 【主控作业】本次开始执行... 
2018-05-24 17:11:05.0000 Info: 【信息发送作业】本次开始执行... 
2018-05-24 17:11:05.0000 Info: 【测试作业】开始执行IJOB的[Execute]... 
2018-05-24 17:11:05.0020 Info: 【测试作业】执行完毕，执行结果：失败 
2018-05-24 17:11:05.0020 Info: 【信息发送作业】本次执行结束。 
2018-05-24 17:11:05.0020 Info: 【主控作业】本次执行结束。 
2018-05-24 17:11:10.0010 Info: 【主控作业】本次开始执行... 
2018-05-24 17:11:10.0010 Info: 【信息发送作业】本次开始执行... 
2018-05-24 17:11:10.0010 Info: 【测试作业】开始执行IJOB的[Execute]... 
2018-05-24 17:11:10.0010 Info: 【测试作业】执行完毕，执行结果：失败 
2018-05-24 17:11:10.0010 Info: 【信息发送作业】本次执行结束。 
2018-05-24 17:11:10.0010 Info: 【主控作业】本次执行结束。 
2018-05-24 17:11:15.0000 Info: 【主控作业】本次开始执行... 
2018-05-24 17:11:15.0000 Info: 【信息发送作业】本次开始执行... 
2018-05-24 17:11:15.0000 Info: 【测试作业】开始执行IJOB的[Execute]... 
2018-05-24 17:11:15.0020 Info: 【测试作业】执行完毕，执行结果：失败 
2018-05-24 17:11:15.0020 Info: 【信息发送作业】本次执行结束。 
2018-05-24 17:11:15.0020 Info: 【主控作业】本次执行结束。 
2018-05-24 17:11:20.0000 Info: 【主控作业】本次开始执行... 
2018-05-24 17:11:20.0000 Info: 【信息发送作业】本次开始执行... 
2018-05-24 17:11:20.0000 Info: 【测试作业】开始执行IJOB的[Execute]... 
2018-05-24 17:11:20.0000 Info: 【测试作业】执行完毕，执行结果：失败 
2018-05-24 17:11:20.0000 Info: 【信息发送作业】本次执行结束。 
2018-05-24 17:11:20.0000 Info: 【主控作业】本次执行结束。 
2018-05-24 17:11:25.0000 Info: 【主控作业】本次开始执行... 
2018-05-24 17:11:25.0000 Info: 【信息发送作业】本次开始执行... 
2018-05-24 17:11:25.0010 Info: 【测试作业】开始执行IJOB的[Execute]... 
2018-05-24 17:11:25.0010 Info: 【主控作业】本次执行结束。 
2018-05-24 17:11:25.0010 Info: 【测试作业】执行完毕，执行结果：失败 
2018-05-24 17:11:25.0010 Info: 【信息发送作业】本次执行结束。 
2018-05-24 17:11:30.0000 Info: 【主控作业】本次开始执行... 
2018-05-24 17:11:30.0000 Info: 【信息发送作业】本次开始执行... 
2018-05-24 17:11:30.0000 Info: 【测试作业】开始执行IJOB的[Execute]... 
2018-05-24 17:11:30.0000 Info: 【测试作业】执行完毕，执行结果：失败 
2018-05-24 17:11:30.0000 Info: 【信息发送作业】本次执行结束。 
2018-05-24 17:11:30.0000 Info: 【主控作业】本次执行结束。 
2018-05-24 17:11:35.0000 Info: 【主控作业】本次开始执行... 
2018-05-24 17:11:35.0000 Info: 【信息发送作业】本次开始执行... 
2018-05-24 17:11:35.0000 Info: 【测试作业】开始执行IJOB的[Execute]... 
2018-05-24 17:11:35.0010 Info: 【测试作业】执行完毕，执行结果：失败 
2018-05-24 17:11:35.0010 Info: 【信息发送作业】本次执行结束。 
2018-05-24 17:11:35.0010 Info: 【主控作业】本次执行结束。 
2018-05-24 17:11:40.0000 Info: 【主控作业】本次开始执行... 
2018-05-24 17:11:40.0000 Info: 【信息发送作业】本次开始执行... 
2018-05-24 17:11:40.0000 Info: 【测试作业】开始执行IJOB的[Execute]... 
2018-05-24 17:11:40.0000 Info: 【测试作业】执行完毕，执行结果：失败 
2018-05-24 17:11:40.0000 Info: 【信息发送作业】本次执行结束。 
2018-05-24 17:11:40.0000 Info: 【主控作业】本次执行结束。 
2018-05-24 17:11:45.0000 Info: 【主控作业】本次开始执行... 
2018-05-24 17:11:45.0000 Info: 【信息发送作业】本次开始执行... 
2018-05-24 17:11:45.0000 Info: 【测试作业】开始执行IJOB的[Execute]... 
2018-05-24 17:11:45.0000 Info: 【测试作业】执行完毕，执行结果：失败 
2018-05-24 17:11:45.0000 Info: 【信息发送作业】本次执行结束。 
2018-05-24 17:11:45.0000 Info: 【主控作业】本次执行结束。 
2018-05-24 17:11:50.0000 Info: 【主控作业】本次开始执行... 
2018-05-24 17:11:50.0000 Info: 【信息发送作业】本次开始执行... 
2018-05-24 17:11:50.0000 Info: 【测试作业】开始执行IJOB的[Execute]... 
2018-05-24 17:11:50.0000 Info: 【主控作业】本次执行结束。 
2018-05-24 17:11:50.0000 Info: 【测试作业】执行完毕，执行结果：失败 
2018-05-24 17:11:50.0000 Info: 【信息发送作业】本次执行结束。 
2018-05-24 17:11:55.0000 Info: 【主控作业】本次开始执行... 
2018-05-24 17:11:55.0000 Info: 【信息发送作业】本次开始执行... 
2018-05-24 17:11:55.0000 Info: 【测试作业】开始执行IJOB的[Execute]... 
2018-05-24 17:11:55.0000 Info: 【测试作业】执行完毕，执行结果：失败 
2018-05-24 17:11:55.0000 Info: 【信息发送作业】本次执行结束。 
2018-05-24 17:11:55.0000 Info: 【主控作业】本次执行结束。 
2018-05-24 17:12:00.0000 Info: 【主控作业】本次开始执行... 
2018-05-24 17:12:00.0000 Info: 【信息发送作业】本次开始执行... 
2018-05-24 17:12:00.0000 Info: 【测试作业】开始执行IJOB的[Execute]... 
2018-05-24 17:12:00.0000 Info: 【测试作业】执行完毕，执行结果：失败 
2018-05-24 17:12:00.0000 Info: 【信息发送作业】本次执行结束。 
2018-05-24 17:12:00.0000 Info: 【主控作业】本次执行结束。 
2018-05-24 17:12:05.0000 Info: 【主控作业】本次开始执行... 
2018-05-24 17:12:05.0000 Info: 【信息发送作业】本次开始执行... 
2018-05-24 17:12:05.0000 Info: 【测试作业】开始执行IJOB的[Execute]... 
2018-05-24 17:12:05.0000 Info: 【主控作业】本次执行结束。 
2018-05-24 17:12:05.0000 Info: 【测试作业】执行完毕，执行结果：失败 
2018-05-24 17:12:05.0000 Info: 【信息发送作业】本次执行结束。 
2018-05-24 17:12:10.0000 Info: 【主控作业】本次开始执行... 
2018-05-24 17:12:10.0000 Info: 【信息发送作业】本次开始执行... 
2018-05-24 17:12:10.0000 Info: 【测试作业】开始执行IJOB的[Execute]... 
2018-05-24 17:12:10.0000 Info: 【测试作业】执行完毕，执行结果：失败 
2018-05-24 17:12:10.0000 Info: 【信息发送作业】本次执行结束。 
2018-05-24 17:12:10.0000 Info: 【主控作业】本次执行结束。 
2018-05-24 17:12:15.0000 Info: 【主控作业】本次开始执行... 
2018-05-24 17:12:15.0000 Info: 【信息发送作业】本次开始执行... 
2018-05-24 17:12:15.0000 Info: 【测试作业】开始执行IJOB的[Execute]... 
2018-05-24 17:12:15.0000 Info: 【主控作业】本次执行结束。 
2018-05-24 17:12:15.0000 Info: 【测试作业】执行完毕，执行结果：失败 
2018-05-24 17:12:15.0000 Info: 【信息发送作业】本次执行结束。 
2018-05-24 17:12:20.0000 Info: 【主控作业】本次开始执行... 
2018-05-24 17:12:20.0000 Info: 【信息发送作业】本次开始执行... 
2018-05-24 17:12:20.0000 Info: 【测试作业】开始执行IJOB的[Execute]... 
2018-05-24 17:12:20.0000 Info: 【主控作业】本次执行结束。 
2018-05-24 17:12:20.0000 Info: 【测试作业】执行完毕，执行结果：失败 
2018-05-24 17:12:20.0000 Info: 【信息发送作业】本次执行结束。 
2018-05-24 17:12:25.0000 Info: 【主控作业】本次开始执行... 
2018-05-24 17:12:25.0000 Info: 【信息发送作业】本次开始执行... 
2018-05-24 17:12:25.0000 Info: 【测试作业】开始执行IJOB的[Execute]... 
2018-05-24 17:12:25.0000 Info: 【主控作业】本次执行结束。 
2018-05-24 17:12:25.0000 Info: 【测试作业】执行完毕，执行结果：失败 
2018-05-24 17:12:25.0000 Info: 【信息发送作业】本次执行结束。 
2018-05-24 17:12:30.0000 Info: 【主控作业】本次开始执行... 
2018-05-24 17:12:30.0000 Info: 【信息发送作业】本次开始执行... 
2018-05-24 17:12:30.0000 Info: 【测试作业】开始执行IJOB的[Execute]... 
2018-05-24 17:12:30.0000 Info: 【测试作业】执行完毕，执行结果：失败 
2018-05-24 17:12:30.0000 Info: 【信息发送作业】本次执行结束。 
2018-05-24 17:12:30.0000 Info: 【主控作业】本次执行结束。 
2018-05-24 17:12:35.0000 Info: 【主控作业】本次开始执行... 
2018-05-24 17:12:35.0230 Info: 【信息发送作业】本次开始执行... 
2018-05-24 17:12:35.0230 Info: 【测试作业】开始执行IJOB的[Execute]... 
2018-05-24 17:12:35.0230 Info: 【测试作业】执行完毕，执行结果：失败 
2018-05-24 17:12:35.0230 Info: 【信息发送作业】本次执行结束。 
2018-05-24 17:12:35.0230 Info: 【主控作业】本次执行结束。 
2018-05-24 17:12:40.0000 Info: 【主控作业】本次开始执行... 
2018-05-24 17:12:40.0000 Info: 【信息发送作业】本次开始执行... 
2018-05-24 17:12:40.0000 Info: 【测试作业】开始执行IJOB的[Execute]... 
2018-05-24 17:12:40.0060 Info: 【测试作业】执行完毕，执行结果：失败 
2018-05-24 17:12:40.0060 Info: 【信息发送作业】本次执行结束。 
2018-05-24 17:12:40.0000 Info: 【主控作业】本次执行结束。 
2018-05-24 17:12:45.0000 Info: 【主控作业】本次开始执行... 
2018-05-24 17:12:45.0000 Info: 【信息发送作业】本次开始执行... 
2018-05-24 17:12:45.0000 Info: 【测试作业】开始执行IJOB的[Execute]... 
2018-05-24 17:12:45.0000 Info: 【测试作业】执行完毕，执行结果：失败 
2018-05-24 17:12:45.0000 Info: 【信息发送作业】本次执行结束。 
2018-05-24 17:12:45.0000 Info: 【主控作业】本次执行结束。 
2018-05-24 17:12:50.0000 Info: 【主控作业】本次开始执行... 
2018-05-24 17:12:50.0000 Info: 【信息发送作业】本次开始执行... 
2018-05-24 17:12:50.0000 Info: 【测试作业】开始执行IJOB的[Execute]... 
2018-05-24 17:12:50.0000 Info: 【测试作业】执行完毕，执行结果：失败 
2018-05-24 17:12:50.0000 Info: 【信息发送作业】本次执行结束。 
2018-05-24 17:12:50.0000 Info: 【主控作业】本次执行结束。 
2018-05-24 17:12:55.0000 Info: 【主控作业】本次开始执行... 
2018-05-24 17:12:55.0000 Info: 【信息发送作业】本次开始执行... 
2018-05-24 17:12:55.0000 Info: 【测试作业】开始执行IJOB的[Execute]... 
2018-05-24 17:12:55.0000 Info: 【测试作业】执行完毕，执行结果：失败 
2018-05-24 17:12:55.0000 Info: 【信息发送作业】本次执行结束。 
2018-05-24 17:12:55.0000 Info: 【主控作业】本次执行结束。 
2018-05-24 17:13:00.0000 Info: 【主控作业】本次开始执行... 
2018-05-24 17:13:00.0000 Info: 【信息发送作业】本次开始执行... 
2018-05-24 17:13:00.0000 Info: 【测试作业】开始执行IJOB的[Execute]... 
2018-05-24 17:13:00.0000 Info: 【测试作业】执行完毕，执行结果：失败 
2018-05-24 17:13:00.0000 Info: 【信息发送作业】本次执行结束。 
2018-05-24 17:13:00.0000 Info: 【主控作业】本次执行结束。 
2018-05-24 17:13:05.0000 Info: 【主控作业】本次开始执行... 
2018-05-24 17:13:05.0000 Info: 【信息发送作业】本次开始执行... 
2018-05-24 17:13:05.0000 Info: 【测试作业】开始执行IJOB的[Execute]... 
2018-05-24 17:13:05.0000 Info: 【测试作业】执行完毕，执行结果：失败 
2018-05-24 17:13:05.0130 Info: 【主控作业】本次执行结束。 
2018-05-24 17:13:05.0130 Info: 【信息发送作业】本次执行结束。 
2018-05-24 17:13:10.0000 Info: 【主控作业】本次开始执行... 
2018-05-24 17:13:10.0000 Info: 【信息发送作业】本次开始执行... 
2018-05-24 17:13:10.0000 Info: 【测试作业】开始执行IJOB的[Execute]... 
2018-05-24 17:13:10.0000 Info: 【测试作业】执行完毕，执行结果：失败 
2018-05-24 17:13:10.0000 Info: 【信息发送作业】本次执行结束。 
2018-05-24 17:13:10.0000 Info: 【主控作业】本次执行结束。 
2018-05-24 17:13:15.0000 Info: 【主控作业】本次开始执行... 
2018-05-24 17:13:15.0000 Info: 【信息发送作业】本次开始执行... 
2018-05-24 17:13:15.0000 Info: 【测试作业】开始执行IJOB的[Execute]... 
2018-05-24 17:13:15.0000 Info: 【主控作业】本次执行结束。 
2018-05-24 17:13:15.0000 Info: 【测试作业】执行完毕，执行结果：失败 
2018-05-24 17:13:15.0000 Info: 【信息发送作业】本次执行结束。 
2018-05-24 17:13:20.0000 Info: 【主控作业】本次开始执行... 
2018-05-24 17:13:20.0000 Info: 【信息发送作业】本次开始执行... 
2018-05-24 17:13:20.0000 Info: 【测试作业】开始执行IJOB的[Execute]... 
2018-05-24 17:13:20.0000 Info: 【主控作业】本次执行结束。 
2018-05-24 17:13:20.0000 Info: 【测试作业】执行完毕，执行结果：失败 
2018-05-24 17:13:20.0000 Info: 【信息发送作业】本次执行结束。 
2018-05-24 17:13:25.0000 Info: 【主控作业】本次开始执行... 
2018-05-24 17:13:25.0000 Info: 【信息发送作业】本次开始执行... 
2018-05-24 17:13:25.0000 Info: 【测试作业】开始执行IJOB的[Execute]... 
2018-05-24 17:13:25.0000 Info: 【测试作业】执行完毕，执行结果：失败 
2018-05-24 17:13:25.0000 Info: 【信息发送作业】本次执行结束。 
2018-05-24 17:13:25.0000 Info: 【主控作业】本次执行结束。 
2018-05-24 17:13:30.0000 Info: 【主控作业】本次开始执行... 
2018-05-24 17:13:30.0000 Info: 【信息发送作业】本次开始执行... 
2018-05-24 17:13:30.0000 Info: 【测试作业】开始执行IJOB的[Execute]... 
2018-05-24 17:13:30.0000 Info: 【测试作业】执行完毕，执行结果：失败 
2018-05-24 17:13:30.0000 Info: 【信息发送作业】本次执行结束。 
2018-05-24 17:13:30.0000 Info: 【主控作业】本次执行结束。 
2018-05-24 17:13:35.0000 Info: 【主控作业】本次开始执行... 
2018-05-24 17:13:35.0000 Info: 【信息发送作业】本次开始执行... 
2018-05-24 17:13:35.0000 Info: 【测试作业】开始执行IJOB的[Execute]... 
2018-05-24 17:13:35.0000 Info: 【主控作业】本次执行结束。 
2018-05-24 17:13:35.0000 Info: 【测试作业】执行完毕，执行结果：失败 
2018-05-24 17:13:35.0000 Info: 【信息发送作业】本次执行结束。 
2018-05-24 17:13:40.0000 Info: 【主控作业】本次开始执行... 
2018-05-24 17:13:40.0000 Info: 【信息发送作业】本次开始执行... 
2018-05-24 17:13:40.0000 Info: 【测试作业】开始执行IJOB的[Execute]... 
2018-05-24 17:13:40.0000 Info: 【测试作业】执行完毕，执行结果：失败 
2018-05-24 17:13:40.0000 Info: 【信息发送作业】本次执行结束。 
2018-05-24 17:13:40.0000 Info: 【主控作业】本次执行结束。 
2018-05-24 17:13:45.0000 Info: 【主控作业】本次开始执行... 
2018-05-24 17:13:45.0000 Info: 【信息发送作业】本次开始执行... 
2018-05-24 17:13:45.0000 Info: 【测试作业】开始执行IJOB的[Execute]... 
2018-05-24 17:13:45.0000 Info: 【主控作业】本次执行结束。 
2018-05-24 17:13:45.0000 Info: 【测试作业】执行完毕，执行结果：失败 
2018-05-24 17:13:45.0000 Info: 【信息发送作业】本次执行结束。 
2018-05-24 17:13:50.0000 Info: 【主控作业】本次开始执行... 
2018-05-24 17:13:50.0000 Info: 【信息发送作业】本次开始执行... 
2018-05-24 17:13:50.0000 Info: 【测试作业】开始执行IJOB的[Execute]... 
2018-05-24 17:13:50.0000 Info: 【测试作业】执行完毕，执行结果：失败 
2018-05-24 17:13:50.0000 Info: 【信息发送作业】本次执行结束。 
2018-05-24 17:13:50.0000 Info: 【主控作业】本次执行结束。 
2018-05-24 17:13:55.0000 Info: 【主控作业】本次开始执行... 
2018-05-24 17:13:55.0000 Info: 【主控作业】本次执行结束。 
2018-05-24 17:13:55.0000 Info: 【信息发送作业】本次开始执行... 
2018-05-24 17:13:55.0000 Info: 【测试作业】开始执行IJOB的[Execute]... 
2018-05-24 17:13:55.0000 Info: 【测试作业】执行完毕，执行结果：失败 
2018-05-24 17:13:55.0000 Info: 【信息发送作业】本次执行结束。 
2018-05-24 17:14:00.0000 Info: 【主控作业】本次开始执行... 
2018-05-24 17:14:00.0000 Info: 【信息发送作业】本次开始执行... 
2018-05-24 17:14:00.0000 Info: 【测试作业】开始执行IJOB的[Execute]... 
2018-05-24 17:14:00.0000 Info: 【测试作业】执行完毕，执行结果：失败 
2018-05-24 17:14:00.0000 Info: 【信息发送作业】本次执行结束。 
2018-05-24 17:14:00.0000 Info: 【主控作业】本次执行结束。 
2018-05-24 17:14:05.0000 Info: 【主控作业】本次开始执行... 
2018-05-24 17:14:05.0000 Info: 【信息发送作业】本次开始执行... 
2018-05-24 17:14:05.0000 Info: 【测试作业】开始执行IJOB的[Execute]... 
2018-05-24 17:14:05.0000 Info: 【主控作业】本次执行结束。 
2018-05-24 17:14:05.0000 Info: 【测试作业】执行完毕，执行结果：失败 
2018-05-24 17:14:05.0000 Info: 【信息发送作业】本次执行结束。 
2018-05-24 17:14:10.0000 Info: 【主控作业】本次开始执行... 
2018-05-24 17:14:10.0000 Info: 【信息发送作业】本次开始执行... 
2018-05-24 17:14:10.0000 Info: 【测试作业】开始执行IJOB的[Execute]... 
2018-05-24 17:14:10.0000 Info: 【主控作业】本次执行结束。 
2018-05-24 17:14:10.0000 Info: 【测试作业】执行完毕，执行结果：失败 
2018-05-24 17:14:10.0000 Info: 【信息发送作业】本次执行结束。 
2018-05-24 17:14:15.0000 Info: 【主控作业】本次开始执行... 
2018-05-24 17:14:15.0000 Info: 【信息发送作业】本次开始执行... 
2018-05-24 17:14:15.0000 Info: 【测试作业】开始执行IJOB的[Execute]... 
2018-05-24 17:14:15.0000 Info: 【测试作业】执行完毕，执行结果：失败 
2018-05-24 17:14:15.0000 Info: 【信息发送作业】本次执行结束。 
2018-05-24 17:14:15.0000 Info: 【主控作业】本次执行结束。 
2018-05-24 17:14:20.0000 Info: 【主控作业】本次开始执行... 
2018-05-24 17:14:20.0000 Info: 【信息发送作业】本次开始执行... 
2018-05-24 17:14:20.0000 Info: 【测试作业】开始执行IJOB的[Execute]... 
2018-05-24 17:14:20.0000 Info: 【主控作业】本次执行结束。 
2018-05-24 17:14:20.0030 Info: 【测试作业】执行完毕，执行结果：失败 
2018-05-24 17:14:20.0030 Info: 【信息发送作业】本次执行结束。 
2018-05-24 17:14:25.0000 Info: 【主控作业】本次开始执行... 
2018-05-24 17:14:25.0000 Info: 【信息发送作业】本次开始执行... 
2018-05-24 17:14:25.0000 Info: 【测试作业】开始执行IJOB的[Execute]... 
2018-05-24 17:14:25.0000 Info: 【主控作业】本次执行结束。 
2018-05-24 17:14:25.0000 Info: 【测试作业】执行完毕，执行结果：失败 
2018-05-24 17:14:25.0000 Info: 【信息发送作业】本次执行结束。 
2018-05-24 17:14:30.0000 Info: 【主控作业】本次开始执行... 
2018-05-24 17:14:30.0000 Info: 【信息发送作业】本次开始执行... 
2018-05-24 17:14:30.0000 Info: 【测试作业】开始执行IJOB的[Execute]... 
2018-05-24 17:14:30.0000 Info: 【测试作业】执行完毕，执行结果：失败 
2018-05-24 17:14:30.0030 Info: 【信息发送作业】本次执行结束。 
2018-05-24 17:14:30.0030 Info: 【主控作业】本次执行结束。 
2018-05-24 17:14:35.0000 Info: 【主控作业】本次开始执行... 
2018-05-24 17:14:35.0000 Info: 【信息发送作业】本次开始执行... 
2018-05-24 17:14:35.0000 Info: 【测试作业】开始执行IJOB的[Execute]... 
2018-05-24 17:14:35.0000 Info: 【主控作业】本次执行结束。 
2018-05-24 17:14:35.0000 Info: 【测试作业】执行完毕，执行结果：失败 
2018-05-24 17:14:35.0000 Info: 【信息发送作业】本次执行结束。 
2018-05-24 17:14:40.0000 Info: 【主控作业】本次开始执行... 
2018-05-24 17:14:40.0000 Info: 【信息发送作业】本次开始执行... 
2018-05-24 17:14:40.0330 Info: 【测试作业】开始执行IJOB的[Execute]... 
2018-05-24 17:14:40.0330 Info: 【主控作业】本次执行结束。 
2018-05-24 17:14:40.0330 Info: 【测试作业】执行完毕，执行结果：失败 
2018-05-24 17:14:40.0330 Info: 【信息发送作业】本次执行结束。 
2018-05-24 17:14:45.0000 Info: 【主控作业】本次开始执行... 
2018-05-24 17:14:45.0000 Info: 【信息发送作业】本次开始执行... 
2018-05-24 17:14:45.0000 Info: 【测试作业】开始执行IJOB的[Execute]... 
2018-05-24 17:14:45.0000 Info: 【主控作业】本次执行结束。 
2018-05-24 17:14:45.0000 Info: 【测试作业】执行完毕，执行结果：失败 
2018-05-24 17:14:45.0000 Info: 【信息发送作业】本次执行结束。 
2018-05-24 17:14:50.0000 Info: 【主控作业】本次开始执行... 
2018-05-24 17:14:50.0000 Info: 【信息发送作业】本次开始执行... 
2018-05-24 17:14:50.0000 Info: 【测试作业】开始执行IJOB的[Execute]... 
2018-05-24 17:14:50.0020 Info: 【主控作业】本次执行结束。 
2018-05-24 17:14:50.0020 Info: 【测试作业】执行完毕，执行结果：失败 
2018-05-24 17:14:50.0020 Info: 【信息发送作业】本次执行结束。 
2018-05-24 17:14:55.0000 Info: 【主控作业】本次开始执行... 
2018-05-24 17:14:55.0000 Info: 【信息发送作业】本次开始执行... 
2018-05-24 17:14:55.0000 Info: 【测试作业】开始执行IJOB的[Execute]... 
2018-05-24 17:14:55.0000 Info: 【主控作业】本次执行结束。 
2018-05-24 17:14:55.0000 Info: 【测试作业】执行完毕，执行结果：失败 
2018-05-24 17:14:55.0000 Info: 【信息发送作业】本次执行结束。 
2018-05-24 17:15:00.0000 Info: 【主控作业】本次开始执行... 
2018-05-24 17:15:00.0000 Info: 【信息发送作业】本次开始执行... 
2018-05-24 17:15:00.0000 Info: 【测试作业】开始执行IJOB的[Execute]... 
2018-05-24 17:15:00.0020 Info: 【主控作业】本次执行结束。 
2018-05-24 17:15:00.0020 Info: 【测试作业】执行完毕，执行结果：失败 
2018-05-24 17:15:00.0020 Info: 【信息发送作业】本次执行结束。 
2018-05-24 17:15:05.0000 Info: 【主控作业】本次开始执行... 
2018-05-24 17:15:05.0000 Info: 【信息发送作业】本次开始执行... 
2018-05-24 17:15:05.0000 Info: 【测试作业】开始执行IJOB的[Execute]... 
2018-05-24 17:15:05.0000 Info: 【测试作业】执行完毕，执行结果：失败 
2018-05-24 17:15:05.0000 Info: 【信息发送作业】本次执行结束。 
2018-05-24 17:15:05.0000 Info: 【主控作业】本次执行结束。 
2018-05-24 17:15:10.0000 Info: 【主控作业】本次开始执行... 
2018-05-24 17:15:10.0000 Info: 【信息发送作业】本次开始执行... 
2018-05-24 17:15:10.0020 Info: 【测试作业】开始执行IJOB的[Execute]... 
2018-05-24 17:15:10.0020 Info: 【主控作业】本次执行结束。 
2018-05-24 17:15:10.0020 Info: 【测试作业】执行完毕，执行结果：失败 
2018-05-24 17:15:10.0020 Info: 【信息发送作业】本次执行结束。 
2018-05-24 17:15:15.0000 Info: 【主控作业】本次开始执行... 
2018-05-24 17:15:15.0000 Info: 【信息发送作业】本次开始执行... 
2018-05-24 17:15:15.0000 Info: 【测试作业】开始执行IJOB的[Execute]... 
2018-05-24 17:15:15.0000 Info: 【测试作业】执行完毕，执行结果：失败 
2018-05-24 17:15:15.0000 Info: 【信息发送作业】本次执行结束。 
2018-05-24 17:15:15.0000 Info: 【主控作业】本次执行结束。 
2018-05-24 17:15:20.0000 Info: 【主控作业】本次开始执行... 
2018-05-24 17:15:20.0000 Info: 【信息发送作业】本次开始执行... 
2018-05-24 17:15:20.0010 Info: 【测试作业】开始执行IJOB的[Execute]... 
2018-05-24 17:15:20.0010 Info: 【主控作业】本次执行结束。 
2018-05-24 17:15:20.0010 Info: 【测试作业】执行完毕，执行结果：失败 
2018-05-24 17:15:20.0010 Info: 【信息发送作业】本次执行结束。 
2018-05-24 17:15:25.0000 Info: 【主控作业】本次开始执行... 
2018-05-24 17:15:25.0000 Info: 【信息发送作业】本次开始执行... 
2018-05-24 17:15:25.0000 Info: 【测试作业】开始执行IJOB的[Execute]... 
2018-05-24 17:15:25.0000 Info: 【测试作业】执行完毕，执行结果：失败 
2018-05-24 17:15:25.0000 Info: 【信息发送作业】本次执行结束。 
2018-05-24 17:15:25.0000 Info: 【主控作业】本次执行结束。 
2018-05-24 17:15:30.0000 Info: 【主控作业】本次开始执行... 
2018-05-24 17:15:30.0000 Info: 【信息发送作业】本次开始执行... 
2018-05-24 17:15:30.0010 Info: 【测试作业】开始执行IJOB的[Execute]... 
2018-05-24 17:15:30.0010 Info: 【测试作业】执行完毕，执行结果：失败 
2018-05-24 17:15:30.0010 Info: 【信息发送作业】本次执行结束。 
2018-05-24 17:15:30.0010 Info: 【主控作业】本次执行结束。 
2018-05-24 17:15:35.0000 Info: 【主控作业】本次开始执行... 
2018-05-24 17:15:35.0000 Info: 【信息发送作业】本次开始执行... 
2018-05-24 17:15:35.0000 Info: 【测试作业】开始执行IJOB的[Execute]... 
2018-05-24 17:15:35.0000 Info: 【主控作业】本次执行结束。 
2018-05-24 17:15:35.0000 Info: 【测试作业】执行完毕，执行结果：失败 
2018-05-24 17:15:35.0000 Info: 【信息发送作业】本次执行结束。 
2018-05-24 17:15:40.0000 Info: 【主控作业】本次开始执行... 
2018-05-24 17:15:40.0000 Info: 【信息发送作业】本次开始执行... 
2018-05-24 17:15:40.0000 Info: 【测试作业】开始执行IJOB的[Execute]... 
2018-05-24 17:15:40.0000 Info: 【主控作业】本次执行结束。 
2018-05-24 17:15:40.0000 Info: 【测试作业】执行完毕，执行结果：失败 
2018-05-24 17:15:40.0000 Info: 【信息发送作业】本次执行结束。 
2018-05-24 17:15:45.0000 Info: 【主控作业】本次开始执行... 
2018-05-24 17:15:45.0000 Info: 【信息发送作业】本次开始执行... 
2018-05-24 17:15:45.0000 Info: 【测试作业】开始执行IJOB的[Execute]... 
2018-05-24 17:15:45.0000 Info: 【测试作业】执行完毕，执行结果：失败 
2018-05-24 17:15:45.0000 Info: 【信息发送作业】本次执行结束。 
2018-05-24 17:15:45.0000 Info: 【主控作业】本次执行结束。 
2018-05-24 17:15:50.0000 Info: 【主控作业】本次开始执行... 
2018-05-24 17:15:50.0000 Info: 【信息发送作业】本次开始执行... 
2018-05-24 17:15:50.0000 Info: 【测试作业】开始执行IJOB的[Execute]... 
2018-05-24 17:15:50.0000 Info: 【主控作业】本次执行结束。 
2018-05-24 17:15:50.0000 Info: 【测试作业】执行完毕，执行结果：失败 
2018-05-24 17:15:50.0000 Info: 【信息发送作业】本次执行结束。 
2018-05-24 17:15:55.0000 Info: 【主控作业】本次开始执行... 
2018-05-24 17:15:55.0000 Info: 【信息发送作业】本次开始执行... 
2018-05-24 17:15:55.0000 Info: 【测试作业】开始执行IJOB的[Execute]... 
2018-05-24 17:15:55.0000 Info: 【测试作业】执行完毕，执行结果：失败 
2018-05-24 17:15:55.0000 Info: 【信息发送作业】本次执行结束。 
2018-05-24 17:15:55.0000 Info: 【主控作业】本次执行结束。 
2018-05-24 17:16:00.0000 Info: 【主控作业】本次开始执行... 
2018-05-24 17:16:00.0000 Info: 【信息发送作业】本次开始执行... 
2018-05-24 17:16:00.0000 Info: 【测试作业】开始执行IJOB的[Execute]... 
2018-05-24 17:16:00.0000 Info: 【主控作业】本次执行结束。 
2018-05-24 17:16:00.0000 Info: 【测试作业】执行完毕，执行结果：失败 
2018-05-24 17:16:00.0000 Info: 【信息发送作业】本次执行结束。 
2018-05-24 17:16:05.0000 Info: 【主控作业】本次开始执行... 
2018-05-24 17:16:05.0000 Info: 【信息发送作业】本次开始执行... 
2018-05-24 17:16:05.0000 Info: 【测试作业】开始执行IJOB的[Execute]... 
2018-05-24 17:16:05.0000 Info: 【测试作业】执行完毕，执行结果：失败 
2018-05-24 17:16:05.0000 Info: 【信息发送作业】本次执行结束。 
2018-05-24 17:16:05.0000 Info: 【主控作业】本次执行结束。 
2018-05-24 17:16:10.0000 Info: 【主控作业】本次开始执行... 
2018-05-24 17:16:10.0000 Info: 【信息发送作业】本次开始执行... 
2018-05-24 17:16:10.0000 Info: 【测试作业】开始执行IJOB的[Execute]... 
2018-05-24 17:16:10.0000 Info: 【主控作业】本次执行结束。 
2018-05-24 17:16:10.0000 Info: 【测试作业】执行完毕，执行结果：失败 
2018-05-24 17:16:10.0000 Info: 【信息发送作业】本次执行结束。 
2018-05-24 17:16:15.0000 Info: 【主控作业】本次开始执行... 
2018-05-24 17:16:15.0000 Info: 【信息发送作业】本次开始执行... 
2018-05-24 17:16:15.0000 Info: 【测试作业】开始执行IJOB的[Execute]... 
2018-05-24 17:16:15.0000 Info: 【主控作业】本次执行结束。 
2018-05-24 17:16:15.0000 Info: 【测试作业】执行完毕，执行结果：失败 
2018-05-24 17:16:15.0000 Info: 【信息发送作业】本次执行结束。 
2018-05-24 17:16:20.0000 Info: 【主控作业】本次开始执行... 
2018-05-24 17:16:20.0000 Info: 【信息发送作业】本次开始执行... 
2018-05-24 17:16:20.0000 Info: 【测试作业】开始执行IJOB的[Execute]... 
2018-05-24 17:16:20.0000 Info: 【主控作业】本次执行结束。 
2018-05-24 17:16:20.0000 Info: 【测试作业】执行完毕，执行结果：失败 
2018-05-24 17:16:20.0000 Info: 【信息发送作业】本次执行结束。 
2018-05-24 17:16:25.0000 Info: 【主控作业】本次开始执行... 
2018-05-24 17:16:25.0000 Info: 【信息发送作业】本次开始执行... 
2018-05-24 17:16:25.0000 Info: 【测试作业】开始执行IJOB的[Execute]... 
2018-05-24 17:16:25.0000 Info: 【测试作业】执行完毕，执行结果：失败 
2018-05-24 17:16:25.0000 Info: 【主控作业】本次执行结束。 
2018-05-24 17:16:25.0000 Info: 【信息发送作业】本次执行结束。 
2018-05-24 17:16:30.0000 Info: 【主控作业】本次开始执行... 
2018-05-24 17:16:30.0000 Info: 【信息发送作业】本次开始执行... 
2018-05-24 17:16:30.0000 Info: 【主控作业】本次执行结束。 
2018-05-24 17:16:30.0000 Info: 【测试作业】开始执行IJOB的[Execute]... 
2018-05-24 17:16:30.0000 Info: 【测试作业】执行完毕，执行结果：失败 
2018-05-24 17:16:30.0000 Info: 【信息发送作业】本次执行结束。 
2018-05-24 17:16:35.0000 Info: 【主控作业】本次开始执行... 
2018-05-24 17:16:35.0000 Info: 【信息发送作业】本次开始执行... 
2018-05-24 17:16:35.0000 Info: 【测试作业】开始执行IJOB的[Execute]... 
2018-05-24 17:16:35.0000 Info: 【测试作业】执行完毕，执行结果：失败 
2018-05-24 17:16:35.0000 Info: 【信息发送作业】本次执行结束。 
2018-05-24 17:16:35.0000 Info: 【主控作业】本次执行结束。 
2018-05-24 17:16:40.0000 Info: 【主控作业】本次开始执行... 
2018-05-24 17:16:40.0000 Info: 【信息发送作业】本次开始执行... 
2018-05-24 17:16:40.0000 Info: 【测试作业】开始执行IJOB的[Execute]... 
2018-05-24 17:16:40.0000 Info: 【测试作业】执行完毕，执行结果：失败 
2018-05-24 17:16:40.0000 Info: 【信息发送作业】本次执行结束。 
2018-05-24 17:16:40.0000 Info: 【主控作业】本次执行结束。 
2018-05-24 17:16:45.0000 Info: 【主控作业】本次开始执行... 
2018-05-24 17:16:45.0090 Info: 【主控作业】本次执行结束。 
2018-05-24 17:16:45.0000 Info: 【信息发送作业】本次开始执行... 
2018-05-24 17:16:45.0090 Info: 【测试作业】开始执行IJOB的[Execute]... 
2018-05-24 17:16:45.0090 Info: 【测试作业】执行完毕，执行结果：失败 
2018-05-24 17:16:45.0090 Info: 【信息发送作业】本次执行结束。 
2018-05-24 17:16:50.0000 Info: 【主控作业】本次开始执行... 
2018-05-24 17:16:50.0000 Info: 【信息发送作业】本次开始执行... 
2018-05-24 17:16:50.0000 Info: 【测试作业】开始执行IJOB的[Execute]... 
2018-05-24 17:16:50.0000 Info: 【主控作业】本次执行结束。 
2018-05-24 17:16:50.0000 Info: 【测试作业】执行完毕，执行结果：失败 
2018-05-24 17:16:50.0000 Info: 【信息发送作业】本次执行结束。 
2018-05-24 17:16:55.0000 Info: 【主控作业】本次开始执行... 
2018-05-24 17:16:55.0000 Info: 【信息发送作业】本次开始执行... 
2018-05-24 17:16:55.0000 Info: 【测试作业】开始执行IJOB的[Execute]... 
2018-05-24 17:16:55.0000 Info: 【测试作业】执行完毕，执行结果：失败 
2018-05-24 17:16:55.0000 Info: 【信息发送作业】本次执行结束。 
2018-05-24 17:16:55.0000 Info: 【主控作业】本次执行结束。 
2018-05-24 17:17:00.0000 Info: 【主控作业】本次开始执行... 
2018-05-24 17:17:00.0000 Info: 【信息发送作业】本次开始执行... 
2018-05-24 17:17:00.0000 Info: 【测试作业】开始执行IJOB的[Execute]... 
2018-05-24 17:17:00.0000 Info: 【测试作业】执行完毕，执行结果：失败 
2018-05-24 17:17:00.0000 Info: 【信息发送作业】本次执行结束。 
2018-05-24 17:17:00.0000 Info: 【主控作业】本次执行结束。 
2018-05-24 17:17:05.0000 Info: 【主控作业】本次开始执行... 
2018-05-24 17:17:05.0000 Info: 【信息发送作业】本次开始执行... 
2018-05-24 17:17:05.0000 Info: 【测试作业】开始执行IJOB的[Execute]... 
2018-05-24 17:17:05.0000 Info: 【主控作业】本次执行结束。 
2018-05-24 17:17:05.0000 Info: 【测试作业】执行完毕，执行结果：失败 
2018-05-24 17:17:05.0000 Info: 【信息发送作业】本次执行结束。 
2018-05-24 17:17:10.0000 Info: 【主控作业】本次开始执行... 
2018-05-24 17:17:10.0000 Info: 【信息发送作业】本次开始执行... 
2018-05-24 17:17:10.0000 Info: 【测试作业】开始执行IJOB的[Execute]... 
2018-05-24 17:17:10.0000 Info: 【主控作业】本次执行结束。 
2018-05-24 17:17:10.0000 Info: 【测试作业】执行完毕，执行结果：失败 
2018-05-24 17:17:10.0000 Info: 【信息发送作业】本次执行结束。 
2018-05-24 17:17:15.0000 Info: 【主控作业】本次开始执行... 
2018-05-24 17:17:15.0000 Info: 【信息发送作业】本次开始执行... 
2018-05-24 17:17:15.0000 Info: 【测试作业】开始执行IJOB的[Execute]... 
2018-05-24 17:17:15.0000 Info: 【测试作业】执行完毕，执行结果：失败 
2018-05-24 17:17:15.0000 Info: 【信息发送作业】本次执行结束。 
2018-05-24 17:17:15.0050 Info: 【主控作业】本次执行结束。 
2018-05-24 17:17:20.0000 Info: 【主控作业】本次开始执行... 
2018-05-24 17:17:20.0000 Info: 【信息发送作业】本次开始执行... 
2018-05-24 17:17:20.0000 Info: 【测试作业】开始执行IJOB的[Execute]... 
2018-05-24 17:17:20.0000 Info: 【测试作业】执行完毕，执行结果：失败 
2018-05-24 17:17:20.0000 Info: 【信息发送作业】本次执行结束。 
2018-05-24 17:17:20.0000 Info: 【主控作业】本次执行结束。 
2018-05-24 17:17:25.0000 Info: 【主控作业】本次开始执行... 
2018-05-24 17:17:25.0000 Info: 【信息发送作业】本次开始执行... 
2018-05-24 17:17:25.0000 Info: 【测试作业】开始执行IJOB的[Execute]... 
2018-05-24 17:17:25.0000 Info: 【测试作业】执行完毕，执行结果：失败 
2018-05-24 17:17:25.0000 Info: 【信息发送作业】本次执行结束。 
2018-05-24 17:17:25.0000 Info: 【主控作业】本次执行结束。 
2018-05-24 17:17:30.0000 Info: 【主控作业】本次开始执行... 
2018-05-24 17:17:30.0000 Info: 【主控作业】本次执行结束。 
2018-05-24 17:17:30.0000 Info: 【信息发送作业】本次开始执行... 
2018-05-24 17:17:30.0000 Info: 【测试作业】开始执行IJOB的[Execute]... 
2018-05-24 17:17:30.0000 Info: 【测试作业】执行完毕，执行结果：失败 
2018-05-24 17:17:30.0000 Info: 【信息发送作业】本次执行结束。 
2018-05-24 17:17:35.0000 Info: 【主控作业】本次开始执行... 
2018-05-24 17:17:35.0000 Info: 【信息发送作业】本次开始执行... 
2018-05-24 17:17:35.0000 Info: 【测试作业】开始执行IJOB的[Execute]... 
2018-05-24 17:17:35.0000 Info: 【测试作业】执行完毕，执行结果：失败 
2018-05-24 17:17:35.0000 Info: 【信息发送作业】本次执行结束。 
2018-05-24 17:17:35.0000 Info: 【主控作业】本次执行结束。 
2018-05-24 17:17:40.0000 Info: 【主控作业】本次开始执行... 
2018-05-24 17:17:40.0000 Info: 【信息发送作业】本次开始执行... 
2018-05-24 17:17:40.0000 Info: 【测试作业】开始执行IJOB的[Execute]... 
2018-05-24 17:17:40.0000 Info: 【测试作业】执行完毕，执行结果：失败 
2018-05-24 17:17:40.0000 Info: 【信息发送作业】本次执行结束。 
2018-05-24 17:17:40.0000 Info: 【主控作业】本次执行结束。 
2018-05-24 17:17:45.0000 Info: 【主控作业】本次开始执行... 
2018-05-24 17:17:45.0000 Info: 【信息发送作业】本次开始执行... 
2018-05-24 17:17:45.0000 Info: 【测试作业】开始执行IJOB的[Execute]... 
2018-05-24 17:17:45.0000 Info: 【测试作业】执行完毕，执行结果：失败 
2018-05-24 17:17:45.0000 Info: 【信息发送作业】本次执行结束。 
2018-05-24 17:17:45.0000 Info: 【主控作业】本次执行结束。 
2018-05-24 17:17:50.0000 Info: 【主控作业】本次开始执行... 
2018-05-24 17:17:50.0000 Info: 【信息发送作业】本次开始执行... 
2018-05-24 17:17:50.0000 Info: 【测试作业】开始执行IJOB的[Execute]... 
2018-05-24 17:17:50.0000 Info: 【测试作业】执行完毕，执行结果：失败 
2018-05-24 17:17:50.0000 Info: 【信息发送作业】本次执行结束。 
2018-05-24 17:17:50.0000 Info: 【主控作业】本次执行结束。 
2018-05-24 17:17:55.0000 Info: 【主控作业】本次开始执行... 
2018-05-24 17:17:55.0000 Info: 【信息发送作业】本次开始执行... 
2018-05-24 17:17:55.0000 Info: 【测试作业】开始执行IJOB的[Execute]... 
2018-05-24 17:17:55.0000 Info: 【测试作业】执行完毕，执行结果：失败 
2018-05-24 17:17:55.0000 Info: 【信息发送作业】本次执行结束。 
2018-05-24 17:17:55.0000 Info: 【主控作业】本次执行结束。 
2018-05-24 17:18:00.0000 Info: 【主控作业】本次开始执行... 
2018-05-24 17:18:00.0000 Info: 【信息发送作业】本次开始执行... 
2018-05-24 17:18:00.0000 Info: 【测试作业】开始执行IJOB的[Execute]... 
2018-05-24 17:18:00.0000 Info: 【主控作业】本次执行结束。 
2018-05-24 17:18:00.0000 Info: 【测试作业】执行完毕，执行结果：失败 
2018-05-24 17:18:00.0000 Info: 【信息发送作业】本次执行结束。 
2018-05-24 17:18:05.0000 Info: 【主控作业】本次开始执行... 
2018-05-24 17:18:05.0000 Info: 【信息发送作业】本次开始执行... 
2018-05-24 17:18:05.0000 Info: 【测试作业】开始执行IJOB的[Execute]... 
2018-05-24 17:18:05.0000 Info: 【主控作业】本次执行结束。 
2018-05-24 17:18:05.0000 Info: 【测试作业】执行完毕，执行结果：失败 
2018-05-24 17:18:05.0000 Info: 【信息发送作业】本次执行结束。 
2018-05-24 17:18:10.0000 Info: 【主控作业】本次开始执行... 
2018-05-24 17:18:10.0000 Info: 【信息发送作业】本次开始执行... 
2018-05-24 17:18:10.0000 Info: 【测试作业】开始执行IJOB的[Execute]... 
2018-05-24 17:18:10.0000 Info: 【测试作业】执行完毕，执行结果：失败 
2018-05-24 17:18:10.0000 Info: 【信息发送作业】本次执行结束。 
2018-05-24 17:18:10.0000 Info: 【主控作业】本次执行结束。 
2018-05-24 17:18:15.0000 Info: 【主控作业】本次开始执行... 
2018-05-24 17:18:15.0000 Info: 【信息发送作业】本次开始执行... 
2018-05-24 17:18:15.0000 Info: 【测试作业】开始执行IJOB的[Execute]... 
2018-05-24 17:18:15.0000 Info: 【测试作业】执行完毕，执行结果：失败 
2018-05-24 17:18:15.0030 Info: 【信息发送作业】本次执行结束。 
2018-05-24 17:18:15.0030 Info: 【主控作业】本次执行结束。 
2018-05-24 17:18:20.0000 Info: 【主控作业】本次开始执行... 
2018-05-24 17:18:20.0000 Info: 【信息发送作业】本次开始执行... 
2018-05-24 17:18:20.0000 Info: 【测试作业】开始执行IJOB的[Execute]... 
2018-05-24 17:18:20.0130 Info: 【测试作业】执行完毕，执行结果：失败 
2018-05-24 17:18:20.0130 Info: 【信息发送作业】本次执行结束。 
2018-05-24 17:18:20.0130 Info: 【主控作业】本次执行结束。 
2018-05-24 17:18:25.0000 Info: 【主控作业】本次开始执行... 
2018-05-24 17:18:25.0000 Info: 【信息发送作业】本次开始执行... 
2018-05-24 17:18:25.0000 Info: 【测试作业】开始执行IJOB的[Execute]... 
2018-05-24 17:18:25.0020 Info: 【测试作业】执行完毕，执行结果：失败 
2018-05-24 17:18:25.0020 Info: 【信息发送作业】本次执行结束。 
2018-05-24 17:18:25.0020 Info: 【主控作业】本次执行结束。 
2018-05-24 17:18:30.0000 Info: 【主控作业】本次开始执行... 
2018-05-24 17:18:30.0000 Info: 【信息发送作业】本次开始执行... 
2018-05-24 17:18:30.0000 Info: 【测试作业】开始执行IJOB的[Execute]... 
2018-05-24 17:18:30.0000 Info: 【主控作业】本次执行结束。 
2018-05-24 17:18:30.0000 Info: 【测试作业】执行完毕，执行结果：失败 
2018-05-24 17:18:30.0000 Info: 【信息发送作业】本次执行结束。 
2018-05-24 17:18:35.0000 Info: 【主控作业】本次开始执行... 
2018-05-24 17:18:35.0000 Info: 【信息发送作业】本次开始执行... 
2018-05-24 17:18:35.0000 Info: 【测试作业】开始执行IJOB的[Execute]... 
2018-05-24 17:18:35.0030 Info: 【测试作业】执行完毕，执行结果：失败 
2018-05-24 17:18:35.0030 Info: 【信息发送作业】本次执行结束。 
2018-05-24 17:18:35.0030 Info: 【主控作业】本次执行结束。 
2018-05-24 17:18:40.0060 Info: 【主控作业】本次开始执行... 
2018-05-24 17:18:40.0060 Info: 【信息发送作业】本次开始执行... 
2018-05-24 17:18:40.0060 Info: 【测试作业】开始执行IJOB的[Execute]... 
2018-05-24 17:18:40.0060 Info: 【主控作业】本次执行结束。 
2018-05-24 17:18:40.0060 Info: 【测试作业】执行完毕，执行结果：失败 
2018-05-24 17:18:40.0060 Info: 【信息发送作业】本次执行结束。 
2018-05-24 17:18:45.0000 Info: 【主控作业】本次开始执行... 
2018-05-24 17:18:45.0000 Info: 【信息发送作业】本次开始执行... 
2018-05-24 17:18:45.0000 Info: 【测试作业】开始执行IJOB的[Execute]... 
2018-05-24 17:18:45.0000 Info: 【测试作业】执行完毕，执行结果：失败 
2018-05-24 17:18:45.0000 Info: 【信息发送作业】本次执行结束。 
2018-05-24 17:18:45.0020 Info: 【主控作业】本次执行结束。 
2018-05-24 17:18:50.0000 Info: 【主控作业】本次开始执行... 
2018-05-24 17:18:50.0000 Info: 【信息发送作业】本次开始执行... 
2018-05-24 17:18:50.0000 Info: 【测试作业】开始执行IJOB的[Execute]... 
2018-05-24 17:18:50.0000 Info: 【测试作业】执行完毕，执行结果：失败 
2018-05-24 17:18:50.0000 Info: 【主控作业】本次执行结束。 
2018-05-24 17:18:50.0000 Info: 【信息发送作业】本次执行结束。 
2018-05-24 17:18:55.0000 Info: 【主控作业】本次开始执行... 
2018-05-24 17:18:55.0000 Info: 【信息发送作业】本次开始执行... 
2018-05-24 17:18:55.0010 Info: 【测试作业】开始执行IJOB的[Execute]... 
2018-05-24 17:18:55.0010 Info: 【主控作业】本次执行结束。 
2018-05-24 17:18:55.0010 Info: 【测试作业】执行完毕，执行结果：失败 
2018-05-24 17:18:55.0010 Info: 【信息发送作业】本次执行结束。 
2018-05-24 17:19:00.0000 Info: 【主控作业】本次开始执行... 
2018-05-24 17:19:00.0000 Info: 【信息发送作业】本次开始执行... 
2018-05-24 17:19:00.0000 Info: 【测试作业】开始执行IJOB的[Execute]... 
2018-05-24 17:19:00.0000 Info: 【测试作业】执行完毕，执行结果：失败 
2018-05-24 17:19:00.0000 Info: 【信息发送作业】本次执行结束。 
2018-05-24 17:19:00.0000 Info: 【主控作业】本次执行结束。 
2018-05-24 17:19:05.0000 Info: 【主控作业】本次开始执行... 
2018-05-24 17:19:05.0000 Info: 【信息发送作业】本次开始执行... 
2018-05-24 17:19:05.0000 Info: 【测试作业】开始执行IJOB的[Execute]... 
2018-05-24 17:19:05.0010 Info: 【测试作业】执行完毕，执行结果：失败 
2018-05-24 17:19:05.0010 Info: 【信息发送作业】本次执行结束。 
2018-05-24 17:19:05.0010 Info: 【主控作业】本次执行结束。 
2018-05-24 17:19:10.0000 Info: 【主控作业】本次开始执行... 
2018-05-24 17:19:10.0000 Info: 【信息发送作业】本次开始执行... 
2018-05-24 17:19:10.0000 Info: 【测试作业】开始执行IJOB的[Execute]... 
2018-05-24 17:19:10.0000 Info: 【主控作业】本次执行结束。 
2018-05-24 17:19:10.0000 Info: 【测试作业】执行完毕，执行结果：失败 
2018-05-24 17:19:10.0000 Info: 【信息发送作业】本次执行结束。 
2018-05-24 17:19:15.0000 Info: 【主控作业】本次开始执行... 
2018-05-24 17:19:15.0000 Info: 【信息发送作业】本次开始执行... 
2018-05-24 17:19:15.0010 Info: 【测试作业】开始执行IJOB的[Execute]... 
2018-05-24 17:19:15.0010 Info: 【测试作业】执行完毕，执行结果：失败 
2018-05-24 17:19:15.0010 Info: 【信息发送作业】本次执行结束。 
2018-05-24 17:19:15.0010 Info: 【主控作业】本次执行结束。 
2018-05-24 17:20:41.8440 Info: 【主控作业】本次开始执行... 
2018-05-24 17:20:41.8440 Info: 【信息发送作业】本次开始执行... 
2018-05-24 17:20:41.8440 Info: 【测试作业】开始执行IJOB的[Execute]... 
2018-05-24 17:20:41.8440 Info: 【主控作业】本次执行结束。 
2018-05-24 17:20:41.8470 Info: 【测试作业】执行完毕，执行结果：失败 
2018-05-24 17:20:41.8470 Info: 【信息发送作业】本次执行结束。 
2018-05-24 17:20:45.0000 Info: 【主控作业】本次开始执行... 
2018-05-24 17:20:45.0000 Info: 【信息发送作业】本次开始执行... 
2018-05-24 17:20:45.0000 Info: 【测试作业】开始执行IJOB的[Execute]... 
2018-05-24 17:20:45.0000 Info: 【主控作业】本次执行结束。 
2018-05-24 17:20:45.0000 Info: 【测试作业】执行完毕，执行结果：失败 
2018-05-24 17:20:45.0000 Info: 【信息发送作业】本次执行结束。 
2018-05-24 17:20:50.0010 Info: 【主控作业】本次开始执行... 
2018-05-24 17:20:50.0010 Info: 【信息发送作业】本次开始执行... 
2018-05-24 17:20:50.0010 Info: 【测试作业】开始执行IJOB的[Execute]... 
2018-05-24 17:20:50.0010 Info: 【测试作业】执行完毕，执行结果：失败 
2018-05-24 17:20:50.0010 Info: 【信息发送作业】本次执行结束。 
2018-05-24 17:20:50.0010 Info: 【主控作业】本次执行结束。 
2018-05-24 17:20:55.0000 Info: 【主控作业】本次开始执行... 
2018-05-24 17:20:55.0000 Info: 【信息发送作业】本次开始执行... 
2018-05-24 17:20:55.0000 Info: 【测试作业】开始执行IJOB的[Execute]... 
2018-05-24 17:20:55.0000 Info: 【主控作业】本次执行结束。 
2018-05-24 17:20:55.0000 Info: 【测试作业】执行完毕，执行结果：失败 
2018-05-24 17:20:55.0000 Info: 【信息发送作业】本次执行结束。 
2018-05-24 17:21:00.0000 Info: 【主控作业】本次开始执行... 
2018-05-24 17:21:00.0000 Info: 【信息发送作业】本次开始执行... 
2018-05-24 17:21:00.0000 Info: 【测试作业】开始执行IJOB的[Execute]... 
2018-05-24 17:21:00.0000 Info: 【测试作业】执行完毕，执行结果：失败 
2018-05-24 17:21:00.0000 Info: 【信息发送作业】本次执行结束。 
2018-05-24 17:21:00.0000 Info: 【主控作业】本次执行结束。 
2018-05-24 17:21:05.0000 Info: 【主控作业】本次开始执行... 
2018-05-24 17:21:05.0000 Info: 【信息发送作业】本次开始执行... 
2018-05-24 17:21:05.0000 Info: 【测试作业】开始执行IJOB的[Execute]... 
2018-05-24 17:21:05.0000 Info: 【测试作业】执行完毕，执行结果：失败 
2018-05-24 17:21:05.0000 Info: 【信息发送作业】本次执行结束。 
2018-05-24 17:21:05.0000 Info: 【主控作业】本次执行结束。 
2018-05-24 17:21:10.0000 Info: 【主控作业】本次开始执行... 
2018-05-24 17:21:10.0000 Info: 【信息发送作业】本次开始执行... 
2018-05-24 17:21:10.0000 Info: 【测试作业】开始执行IJOB的[Execute]... 
2018-05-24 17:21:10.0000 Info: 【测试作业】执行完毕，执行结果：失败 
2018-05-24 17:21:10.0000 Info: 【信息发送作业】本次执行结束。 
2018-05-24 17:21:10.0000 Info: 【主控作业】本次执行结束。 
2018-05-24 17:21:15.0000 Info: 【主控作业】本次开始执行... 
2018-05-24 17:21:15.0000 Info: 【信息发送作业】本次开始执行... 
2018-05-24 17:21:15.0000 Info: 【测试作业】开始执行IJOB的[Execute]... 
2018-05-24 17:21:15.0000 Info: 【主控作业】本次执行结束。 
2018-05-24 17:21:15.0000 Info: 【测试作业】执行完毕，执行结果：失败 
2018-05-24 17:21:15.0000 Info: 【信息发送作业】本次执行结束。 
2018-05-24 17:21:20.0000 Info: 【主控作业】本次开始执行... 
2018-05-24 17:21:20.0000 Info: 【信息发送作业】本次开始执行... 
2018-05-24 17:21:20.0000 Info: 【测试作业】开始执行IJOB的[Execute]... 
2018-05-24 17:21:20.0000 Info: 【测试作业】执行完毕，执行结果：失败 
2018-05-24 17:21:20.0000 Info: 【信息发送作业】本次执行结束。 
2018-05-24 17:21:20.0000 Info: 【主控作业】本次执行结束。 
2018-05-24 17:21:25.0000 Info: 【主控作业】本次开始执行... 
2018-05-24 17:21:25.0000 Info: 【信息发送作业】本次开始执行... 
2018-05-24 17:21:25.0000 Info: 【测试作业】开始执行IJOB的[Execute]... 
2018-05-24 17:21:25.0000 Info: 【测试作业】执行完毕，执行结果：失败 
2018-05-24 17:21:25.0000 Info: 【信息发送作业】本次执行结束。 
2018-05-24 17:21:25.0000 Info: 【主控作业】本次执行结束。 
2018-05-24 17:21:30.0000 Info: 【主控作业】本次开始执行... 
2018-05-24 17:21:30.0000 Info: 【信息发送作业】本次开始执行... 
2018-05-24 17:21:30.0000 Info: 【测试作业】开始执行IJOB的[Execute]... 
2018-05-24 17:21:30.0000 Info: 【主控作业】本次执行结束。 
2018-05-24 17:21:30.0000 Info: 【测试作业】执行完毕，执行结果：失败 
2018-05-24 17:21:30.0000 Info: 【信息发送作业】本次执行结束。 
2018-05-24 17:21:35.0000 Info: 【主控作业】本次开始执行... 
2018-05-24 17:21:35.0000 Info: 【信息发送作业】本次开始执行... 
2018-05-24 17:21:35.0000 Info: 【测试作业】开始执行IJOB的[Execute]... 
2018-05-24 17:21:35.0000 Info: 【测试作业】执行完毕，执行结果：失败 
2018-05-24 17:21:35.0000 Info: 【信息发送作业】本次执行结束。 
2018-05-24 17:21:35.0000 Info: 【主控作业】本次执行结束。 
2018-05-24 17:21:40.0000 Info: 【主控作业】本次开始执行... 
2018-05-24 17:21:40.0040 Info: 【信息发送作业】本次开始执行... 
2018-05-24 17:21:40.0040 Info: 【测试作业】开始执行IJOB的[Execute]... 
2018-05-24 17:21:40.0040 Info: 【测试作业】执行完毕，执行结果：失败 
2018-05-24 17:21:40.0040 Info: 【信息发送作业】本次执行结束。 
2018-05-24 17:21:40.0040 Info: 【主控作业】本次执行结束。 
2018-05-24 17:21:45.0000 Info: 【主控作业】本次开始执行... 
2018-05-24 17:21:45.0000 Info: 【信息发送作业】本次开始执行... 
2018-05-24 17:21:45.0000 Info: 【测试作业】开始执行IJOB的[Execute]... 
2018-05-24 17:21:45.0000 Info: 【测试作业】执行完毕，执行结果：失败 
2018-05-24 17:21:45.0000 Info: 【信息发送作业】本次执行结束。 
2018-05-24 17:21:45.0000 Info: 【主控作业】本次执行结束。 
2018-05-24 17:21:50.0000 Info: 【主控作业】本次开始执行... 
2018-05-24 17:21:50.0000 Info: 【信息发送作业】本次开始执行... 
2018-05-24 17:21:50.0000 Info: 【测试作业】开始执行IJOB的[Execute]... 
2018-05-24 17:21:50.0030 Info: 【测试作业】执行完毕，执行结果：失败 
2018-05-24 17:21:50.0030 Info: 【信息发送作业】本次执行结束。 
2018-05-24 17:21:50.0030 Info: 【主控作业】本次执行结束。 
2018-05-24 17:21:55.0000 Info: 【主控作业】本次开始执行... 
2018-05-24 17:21:55.0000 Info: 【信息发送作业】本次开始执行... 
2018-05-24 17:21:55.0000 Info: 【测试作业】开始执行IJOB的[Execute]... 
2018-05-24 17:21:55.0000 Info: 【测试作业】执行完毕，执行结果：失败 
2018-05-24 17:21:55.0000 Info: 【信息发送作业】本次执行结束。 
2018-05-24 17:21:55.0000 Info: 【主控作业】本次执行结束。 
2018-05-24 17:22:00.0000 Info: 【主控作业】本次开始执行... 
2018-05-24 17:22:00.0000 Info: 【信息发送作业】本次开始执行... 
2018-05-24 17:22:00.0000 Info: 【测试作业】开始执行IJOB的[Execute]... 
2018-05-24 17:22:00.0040 Info: 【主控作业】本次执行结束。 
2018-05-24 17:22:00.0040 Info: 【测试作业】执行完毕，执行结果：失败 
2018-05-24 17:22:00.0040 Info: 【信息发送作业】本次执行结束。 
2018-05-24 17:22:05.0000 Info: 【主控作业】本次开始执行... 
2018-05-24 17:22:05.0000 Info: 【信息发送作业】本次开始执行... 
2018-05-24 17:22:05.0000 Info: 【测试作业】开始执行IJOB的[Execute]... 
2018-05-24 17:22:05.0000 Info: 【测试作业】执行完毕，执行结果：失败 
2018-05-24 17:22:05.0000 Info: 【信息发送作业】本次执行结束。 
2018-05-24 17:22:05.0000 Info: 【主控作业】本次执行结束。 
2018-05-24 17:22:10.0000 Info: 【主控作业】本次开始执行... 
2018-05-24 17:22:10.0000 Info: 【信息发送作业】本次开始执行... 
2018-05-24 17:22:10.0000 Info: 【测试作业】开始执行IJOB的[Execute]... 
2018-05-24 17:22:10.0030 Info: 【主控作业】本次执行结束。 
2018-05-24 17:22:10.0030 Info: 【测试作业】执行完毕，执行结果：失败 
2018-05-24 17:22:10.0030 Info: 【信息发送作业】本次执行结束。 
2018-05-24 17:22:15.0030 Info: 【主控作业】本次开始执行... 
2018-05-24 17:22:15.0030 Info: 【信息发送作业】本次开始执行... 
2018-05-24 17:22:15.0030 Info: 【测试作业】开始执行IJOB的[Execute]... 
2018-05-24 17:22:15.0030 Info: 【主控作业】本次执行结束。 
2018-05-24 17:22:15.0030 Info: 【测试作业】执行完毕，执行结果：失败 
2018-05-24 17:22:15.0030 Info: 【信息发送作业】本次执行结束。 
2018-05-24 17:22:20.0000 Info: 【主控作业】本次开始执行... 
2018-05-24 17:22:20.0000 Info: 【信息发送作业】本次开始执行... 
2018-05-24 17:22:20.0000 Info: 【测试作业】开始执行IJOB的[Execute]... 
2018-05-24 17:22:20.0020 Info: 【主控作业】本次执行结束。 
2018-05-24 17:22:20.0020 Info: 【测试作业】执行完毕，执行结果：失败 
2018-05-24 17:22:20.0020 Info: 【信息发送作业】本次执行结束。 
2018-05-24 17:22:25.0000 Info: 【主控作业】本次开始执行... 
2018-05-24 17:22:25.0000 Info: 【信息发送作业】本次开始执行... 
2018-05-24 17:22:25.0000 Info: 【测试作业】开始执行IJOB的[Execute]... 
2018-05-24 17:22:25.0000 Info: 【测试作业】执行完毕，执行结果：失败 
2018-05-24 17:22:25.0000 Info: 【信息发送作业】本次执行结束。 
2018-05-24 17:22:25.0000 Info: 【主控作业】本次执行结束。 
2018-05-24 17:22:30.0000 Info: 【主控作业】本次开始执行... 
2018-05-24 17:22:30.0000 Info: 【信息发送作业】本次开始执行... 
2018-05-24 17:22:30.0000 Info: 【测试作业】开始执行IJOB的[Execute]... 
2018-05-24 17:22:30.0000 Info: 【测试作业】执行完毕，执行结果：失败 
2018-05-24 17:22:30.0000 Info: 【信息发送作业】本次执行结束。 
2018-05-24 17:22:30.0000 Info: 【主控作业】本次执行结束。 
2018-05-24 17:22:35.0000 Info: 【主控作业】本次开始执行... 
2018-05-24 17:22:35.0000 Info: 【信息发送作业】本次开始执行... 
2018-05-24 17:22:35.0000 Info: 【测试作业】开始执行IJOB的[Execute]... 
2018-05-24 17:22:35.0000 Info: 【测试作业】执行完毕，执行结果：失败 
2018-05-24 17:22:35.0000 Info: 【信息发送作业】本次执行结束。 
2018-05-24 17:22:35.0000 Info: 【主控作业】本次执行结束。 
2018-05-24 17:22:40.0000 Info: 【主控作业】本次开始执行... 
2018-05-24 17:22:40.0000 Info: 【信息发送作业】本次开始执行... 
2018-05-24 17:22:40.0000 Info: 【测试作业】开始执行IJOB的[Execute]... 
2018-05-24 17:22:40.0020 Info: 【测试作业】执行完毕，执行结果：失败 
2018-05-24 17:22:40.0020 Info: 【信息发送作业】本次执行结束。 
2018-05-24 17:22:40.0020 Info: 【主控作业】本次执行结束。 
2018-05-24 17:22:45.0000 Info: 【主控作业】本次开始执行... 
2018-05-24 17:22:45.0000 Info: 【信息发送作业】本次开始执行... 
2018-05-24 17:22:45.0000 Info: 【测试作业】开始执行IJOB的[Execute]... 
2018-05-24 17:22:45.0000 Info: 【测试作业】执行完毕，执行结果：失败 
2018-05-24 17:22:45.0000 Info: 【信息发送作业】本次执行结束。 
2018-05-24 17:22:45.0000 Info: 【主控作业】本次执行结束。 
2018-05-24 17:22:50.0000 Info: 【主控作业】本次开始执行... 
2018-05-24 17:22:50.0000 Info: 【信息发送作业】本次开始执行... 
2018-05-24 17:22:50.0010 Info: 【测试作业】开始执行IJOB的[Execute]... 
2018-05-24 17:22:50.0010 Info: 【主控作业】本次执行结束。 
2018-05-24 17:22:50.0010 Info: 【测试作业】执行完毕，执行结果：失败 
2018-05-24 17:22:50.0010 Info: 【信息发送作业】本次执行结束。 
2018-05-24 17:22:55.0000 Info: 【主控作业】本次开始执行... 
2018-05-24 17:22:55.0000 Info: 【信息发送作业】本次开始执行... 
2018-05-24 17:22:55.0000 Info: 【测试作业】开始执行IJOB的[Execute]... 
2018-05-24 17:22:55.0000 Info: 【测试作业】执行完毕，执行结果：失败 
2018-05-24 17:22:55.0000 Info: 【主控作业】本次执行结束。 
2018-05-24 17:22:55.0000 Info: 【信息发送作业】本次执行结束。 
2018-05-24 17:23:00.0000 Info: 【主控作业】本次开始执行... 
2018-05-24 17:23:00.0000 Info: 【信息发送作业】本次开始执行... 
2018-05-24 17:23:00.0000 Info: 【测试作业】开始执行IJOB的[Execute]... 
2018-05-24 17:23:00.0010 Info: 【测试作业】执行完毕，执行结果：失败 
2018-05-24 17:23:00.0010 Info: 【信息发送作业】本次执行结束。 
2018-05-24 17:23:00.0010 Info: 【主控作业】本次执行结束。 
2018-05-24 17:23:05.0000 Info: 【主控作业】本次开始执行... 
2018-05-24 17:23:05.0000 Info: 【信息发送作业】本次开始执行... 
2018-05-24 17:23:05.0000 Info: 【测试作业】开始执行IJOB的[Execute]... 
2018-05-24 17:23:05.0000 Info: 【主控作业】本次执行结束。 
2018-05-24 17:23:05.0000 Info: 【测试作业】执行完毕，执行结果：失败 
2018-05-24 17:23:05.0000 Info: 【信息发送作业】本次执行结束。 
2018-05-24 17:23:10.0000 Info: 【主控作业】本次开始执行... 
2018-05-24 17:23:10.0000 Info: 【信息发送作业】本次开始执行... 
2018-05-24 17:23:10.0010 Info: 【测试作业】开始执行IJOB的[Execute]... 
2018-05-24 17:23:10.0010 Info: 【测试作业】执行完毕，执行结果：失败 
2018-05-24 17:23:10.0010 Info: 【信息发送作业】本次执行结束。 
2018-05-24 17:23:10.0010 Info: 【主控作业】本次执行结束。 
2018-05-24 18:20:45.1460 Info: 【信息发送作业】本次开始执行... 
2018-05-24 18:20:45.1460 Info: 【主控作业】本次开始执行... 
2018-05-24 18:20:45.1590 Info: 【测试作业】开始执行IJOB的[Execute]... 
2018-05-24 18:20:45.1760 Info: 【主控作业】本次执行结束。 
2018-05-24 18:20:45.1760 Info: 【测试作业】执行完毕，执行结果：失败 
2018-05-24 18:20:45.1760 Info: 【信息发送作业】本次执行结束。 
2018-05-24 18:20:50.0000 Info: 【主控作业】本次开始执行... 
2018-05-24 18:20:50.0000 Info: 【信息发送作业】本次开始执行... 
2018-05-24 18:20:50.0000 Info: 【测试作业】开始执行IJOB的[Execute]... 
2018-05-24 18:20:50.0000 Info: 【测试作业】执行完毕，执行结果：失败 
2018-05-24 18:20:50.0000 Info: 【主控作业】本次执行结束。 
2018-05-24 18:20:50.0000 Info: 【信息发送作业】本次执行结束。 
2018-05-24 18:20:55.0000 Info: 【主控作业】本次开始执行... 
2018-05-24 18:20:55.0000 Info: 【信息发送作业】本次开始执行... 
2018-05-24 18:20:55.0000 Info: 【测试作业】开始执行IJOB的[Execute]... 
2018-05-24 18:20:55.0020 Info: 【测试作业】执行完毕，执行结果：失败 
2018-05-24 18:20:55.0020 Info: 【主控作业】本次执行结束。 
2018-05-24 18:20:55.0020 Info: 【信息发送作业】本次执行结束。 
2018-05-24 18:21:00.0000 Info: 【主控作业】本次开始执行... 
2018-05-24 18:21:00.0000 Info: 【信息发送作业】本次开始执行... 
2018-05-24 18:21:00.0000 Info: 【测试作业】开始执行IJOB的[Execute]... 
2018-05-24 18:21:00.0000 Info: 【测试作业】执行完毕，执行结果：失败 
2018-05-24 18:21:00.0000 Info: 【信息发送作业】本次执行结束。 
2018-05-24 18:21:00.0000 Info: 【主控作业】本次执行结束。 
2018-05-24 18:21:05.0000 Info: 【主控作业】本次开始执行... 
2018-05-24 18:21:05.0000 Info: 【信息发送作业】本次开始执行... 
2018-05-24 18:21:05.0000 Info: 【测试作业】开始执行IJOB的[Execute]... 
2018-05-24 18:21:05.0010 Info: 【主控作业】本次执行结束。 
2018-05-24 18:21:05.0010 Info: 【测试作业】执行完毕，执行结果：失败 
2018-05-24 18:21:05.0010 Info: 【信息发送作业】本次执行结束。 
2018-05-24 18:21:10.0000 Info: 【主控作业】本次开始执行... 
2018-05-24 18:21:10.0000 Info: 【信息发送作业】本次开始执行... 
2018-05-24 18:21:10.0000 Info: 【测试作业】开始执行IJOB的[Execute]... 
2018-05-24 18:21:10.0000 Info: 【测试作业】执行完毕，执行结果：失败 
2018-05-24 18:21:10.0000 Info: 【信息发送作业】本次执行结束。 
2018-05-24 18:21:10.0000 Info: 【主控作业】本次执行结束。 
2018-05-24 18:21:15.0000 Info: 【主控作业】本次开始执行... 
2018-05-24 18:21:15.0000 Info: 【信息发送作业】本次开始执行... 
2018-05-24 18:21:15.0000 Info: 【测试作业】开始执行IJOB的[Execute]... 
2018-05-24 18:21:15.0010 Info: 【测试作业】执行完毕，执行结果：失败 
2018-05-24 18:21:15.0010 Info: 【信息发送作业】本次执行结束。 
2018-05-24 18:21:15.0010 Info: 【主控作业】本次执行结束。 
2018-05-24 18:21:20.0000 Info: 【信息发送作业】本次开始执行... 
2018-05-24 18:21:20.0000 Info: 【主控作业】本次开始执行... 
2018-05-24 18:21:20.0000 Info: 【测试作业】开始执行IJOB的[Execute]... 
2018-05-24 18:21:20.0000 Info: 【测试作业】执行完毕，执行结果：失败 
2018-05-24 18:21:20.0000 Info: 【信息发送作业】本次执行结束。 
2018-05-24 18:21:20.0000 Info: 【主控作业】本次执行结束。 
2018-05-24 18:21:25.0000 Info: 【主控作业】本次开始执行... 
2018-05-24 18:21:25.0000 Info: 【信息发送作业】本次开始执行... 
2018-05-24 18:21:25.0000 Info: 【测试作业】开始执行IJOB的[Execute]... 
2018-05-24 18:21:25.0000 Info: 【测试作业】执行完毕，执行结果：失败 
2018-05-24 18:21:25.0000 Info: 【信息发送作业】本次执行结束。 
2018-05-24 18:21:25.0000 Info: 【主控作业】本次执行结束。 
2018-05-24 18:21:30.0000 Info: 【主控作业】本次开始执行... 
2018-05-24 18:21:30.0000 Info: 【信息发送作业】本次开始执行... 
2018-05-24 18:21:30.0000 Info: 【测试作业】开始执行IJOB的[Execute]... 
2018-05-24 18:21:30.0000 Info: 【测试作业】执行完毕，执行结果：失败 
2018-05-24 18:21:30.0000 Info: 【信息发送作业】本次执行结束。 
2018-05-24 18:21:30.0000 Info: 【主控作业】本次执行结束。 
2018-05-24 18:21:35.0000 Info: 【主控作业】本次开始执行... 
2018-05-24 18:21:35.0000 Info: 【主控作业】本次执行结束。 
2018-05-24 18:21:40.0000 Info: 【主控作业】本次开始执行... 
2018-05-24 18:21:40.0000 Info: 【主控作业】本次执行结束。 
2018-05-24 18:21:45.0000 Info: 【主控作业】本次开始执行... 
2018-05-24 18:21:45.0000 Info: 【主控作业】本次执行结束。 
2018-05-24 18:21:50.0000 Info: 【主控作业】本次开始执行... 
2018-05-24 18:21:50.0000 Info: 【主控作业】本次执行结束。 
2018-05-24 18:21:55.0000 Info: 【主控作业】本次开始执行... 
2018-05-24 18:21:55.0000 Info: 【主控作业】本次执行结束。 
2018-05-24 18:22:00.0020 Info: 【主控作业】本次开始执行... 
2018-05-24 18:22:00.0020 Info: 【主控作业】本次执行结束。 
2018-05-24 18:22:05.0000 Info: 【主控作业】本次开始执行... 
2018-05-24 18:22:05.0000 Info: 【主控作业】本次执行结束。 
2018-05-24 18:22:10.0000 Info: 【主控作业】本次开始执行... 
2018-05-24 18:22:10.0000 Info: 【主控作业】本次执行结束。 
2018-05-24 18:22:15.0000 Info: 【主控作业】本次开始执行... 
2018-05-24 18:22:15.0000 Info: 【主控作业】本次执行结束。 
2018-05-24 18:22:20.0000 Info: 【主控作业】本次开始执行... 
2018-05-24 18:22:20.0000 Info: 【主控作业】本次执行结束。 
2018-05-24 18:22:25.0000 Info: 【主控作业】本次开始执行... 
2018-05-24 18:22:25.0000 Info: 【主控作业】本次执行结束。 
2018-05-24 18:22:30.0000 Info: 【主控作业】本次开始执行... 
2018-05-24 18:22:30.0000 Info: 【主控作业】本次执行结束。 
2018-05-24 18:22:35.0000 Info: 【主控作业】本次开始执行... 
2018-05-24 18:22:35.0000 Info: 【主控作业】本次执行结束。 
2018-05-24 18:22:40.0000 Info: 【主控作业】本次开始执行... 
2018-05-24 18:22:40.0000 Info: 【主控作业】本次执行结束。 
2018-05-24 18:22:45.0000 Info: 【主控作业】本次开始执行... 
2018-05-24 18:22:45.0000 Info: 【主控作业】本次执行结束。 
2018-05-24 18:22:50.0000 Info: 【主控作业】本次开始执行... 
2018-05-24 18:22:50.0000 Info: 【主控作业】本次执行结束。 
2018-05-24 18:22:55.0000 Info: 【主控作业】本次开始执行... 
2018-05-24 18:22:55.0000 Info: 【主控作业】本次执行结束。 
2018-05-24 18:23:00.0000 Info: 【主控作业】本次开始执行... 
2018-05-24 18:23:00.0000 Info: 【主控作业】本次执行结束。 
2018-05-24 18:23:05.0000 Info: 【主控作业】本次开始执行... 
2018-05-24 18:23:05.0000 Info: 【主控作业】本次执行结束。 
2018-05-24 18:23:10.0000 Info: 【主控作业】本次开始执行... 
2018-05-24 18:23:10.0000 Info: 【主控作业】本次执行结束。 
2018-05-24 18:23:15.0000 Info: 【主控作业】本次开始执行... 
2018-05-24 18:23:15.0000 Info: 【主控作业】本次执行结束。 
2018-05-24 18:23:20.0000 Info: 【主控作业】本次开始执行... 
2018-05-24 18:23:20.0000 Info: 【主控作业】本次执行结束。 
2018-05-24 18:23:25.0000 Info: 【主控作业】本次开始执行... 
2018-05-24 18:23:25.0000 Info: 【主控作业】本次执行结束。 
2018-05-24 18:23:30.0000 Info: 【主控作业】本次开始执行... 
2018-05-24 18:23:30.0000 Info: 【主控作业】本次执行结束。 
2018-05-24 18:23:35.0000 Info: 【主控作业】本次开始执行... 
2018-05-24 18:23:35.0000 Info: 【主控作业】本次执行结束。 
2018-05-24 18:23:40.0000 Info: 【主控作业】本次开始执行... 
2018-05-24 18:23:40.0000 Info: 【主控作业】本次执行结束。 
2018-05-24 18:23:45.0000 Info: 【主控作业】本次开始执行... 
2018-05-24 18:23:45.0000 Info: 【主控作业】本次执行结束。 
2018-05-24 18:23:50.0000 Info: 【主控作业】本次开始执行... 
2018-05-24 18:23:50.0000 Info: 【主控作业】本次执行结束。 
2018-05-24 18:23:55.0000 Info: 【主控作业】本次开始执行... 
2018-05-24 18:23:55.0000 Info: 【主控作业】本次执行结束。 
2018-05-24 18:24:00.0000 Info: 【主控作业】本次开始执行... 
2018-05-24 18:24:00.0000 Info: 【主控作业】本次执行结束。 
2018-05-24 18:24:05.0010 Info: 【主控作业】本次开始执行... 
2018-05-24 18:24:05.0010 Info: 【主控作业】本次执行结束。 
2018-05-24 18:24:10.0000 Info: 【主控作业】本次开始执行... 
2018-05-24 18:24:10.0000 Info: 【主控作业】本次执行结束。 
2018-05-24 18:24:15.0000 Info: 【主控作业】本次开始执行... 
2018-05-24 18:24:15.0000 Info: 【主控作业】本次执行结束。 
2018-05-24 18:24:20.0000 Info: 【主控作业】本次开始执行... 
2018-05-24 18:24:20.0020 Info: 【主控作业】本次执行结束。 
2018-05-24 18:24:25.0000 Info: 【主控作业】本次开始执行... 
2018-05-24 18:24:25.0000 Info: 【主控作业】本次执行结束。 
2018-05-24 18:24:30.0000 Info: 【主控作业】本次开始执行... 
2018-05-24 18:24:30.0020 Info: 【主控作业】本次执行结束。 
2018-05-24 18:24:35.0000 Info: 【主控作业】本次开始执行... 
2018-05-24 18:24:35.0000 Info: 【主控作业】本次执行结束。 
2018-05-24 18:24:40.0000 Info: 【主控作业】本次开始执行... 
2018-05-24 18:24:40.0000 Info: 【主控作业】本次执行结束。 
2018-05-24 18:24:45.0000 Info: 【主控作业】本次开始执行... 
2018-05-24 18:24:45.0000 Info: 【主控作业】本次执行结束。 
2018-05-24 18:24:50.0000 Info: 【主控作业】本次开始执行... 
2018-05-24 18:24:50.0010 Info: 【主控作业】本次执行结束。 
2018-05-24 18:24:55.0000 Info: 【主控作业】本次开始执行... 
2018-05-24 18:24:55.0000 Info: 【主控作业】本次执行结束。 
2018-05-24 18:25:00.0000 Info: 【主控作业】本次开始执行... 
2018-05-24 18:25:00.0020 Info: 【主控作业】本次执行结束。 
2018-05-24 18:25:05.0000 Info: 【主控作业】本次开始执行... 
2018-05-24 18:25:05.0000 Info: 【主控作业】本次执行结束。 
