2017-10-11 11:40:16,073 WARN  : app started.
2017-10-11 11:40:17,866 ERROR : 
.客户信息：
	Ip:::1
	浏览器:Chrome
	浏览器版本:59
	操作系统:WinNT
.错误信息：
	页面：http://localhost:55210/favicon.ico
	错误信息：未找到路径“/favicon.ico”的控制器或该控制器未实现 IController。
	错误源：System.Web.Mvc
	异常方法：System.Web.Mvc.IController GetControllerInstance(System.Web.Routing.RequestContext, System.Type)
	堆栈信息：   在 System.Web.Mvc.DefaultControllerFactory.GetControllerInstance(RequestContext requestContext, Type controllerType)
   在 System.Web.Mvc.DefaultControllerFactory.CreateController(RequestContext requestContext, String controllerName)
   在 System.Web.Mvc.MvcHandler.ProcessRequestInit(HttpContextBase httpContext, IController& controller, IControllerFactory& factory)
   在 System.Web.Mvc.MvcHandler.BeginProcessRequest(HttpContextBase httpContext, AsyncCallback callback, Object state)
   在 System.Web.Mvc.MvcHandler.BeginProcessRequest(HttpContext httpContext, AsyncCallback callback, Object state)
   在 System.Web.Mvc.MvcHandler.System.Web.IHttpAsyncHandler.BeginProcessRequest(HttpContext context, AsyncCallback cb, Object extraData)
   在 System.Web.HttpApplication.CallHandlerExecutionStep.System.Web.HttpApplication.IExecutionStep.Execute()
   在 System.Web.HttpApplication.ExecuteStep(IExecutionStep step, Boolean& completedSynchronously)
--------------------------------------------------------------------------------------------------
2017-10-11 11:45:25,035 WARN  : app stopped.
2017-10-11 11:45:45,771 WARN  : app started.
2017-10-11 17:18:47,203 WARN  : app stopped.
