2017-10-09 15:24:38,392 WARN  : app started.
2017-10-09 15:24:40,138 ERROR : 
.客户信息：
	Ip:::1
	浏览器:Chrome
	浏览器版本:59
	操作系统:WinNT
.错误信息：
	页面：http://localhost:55210/favicon.ico
	错误信息：未找到路径“/favicon.ico”的控制器或该控制器未实现 IController。
	错误源：System.Web.Mvc
	异常方法：System.Web.Mvc.IController GetControllerInstance(System.Web.Routing.RequestContext, System.Type)
	堆栈信息：   在 System.Web.Mvc.DefaultControllerFactory.GetControllerInstance(RequestContext requestContext, Type controllerType)
   在 System.Web.Mvc.DefaultControllerFactory.CreateController(RequestContext requestContext, String controllerName)
   在 System.Web.Mvc.MvcHandler.ProcessRequestInit(HttpContextBase httpContext, IController& controller, IControllerFactory& factory)
   在 System.Web.Mvc.MvcHandler.BeginProcessRequest(HttpContextBase httpContext, AsyncCallback callback, Object state)
   在 System.Web.Mvc.MvcHandler.BeginProcessRequest(HttpContext httpContext, AsyncCallback callback, Object state)
   在 System.Web.Mvc.MvcHandler.System.Web.IHttpAsyncHandler.BeginProcessRequest(HttpContext context, AsyncCallback cb, Object extraData)
   在 System.Web.HttpApplication.CallHandlerExecutionStep.System.Web.HttpApplication.IExecutionStep.Execute()
   在 System.Web.HttpApplication.ExecuteStep(IExecutionStep step, Boolean& completedSynchronously)
--------------------------------------------------------------------------------------------------
2017-10-09 15:26:54,609 ERROR : 
.客户信息：
	Ip:::1
	浏览器:Chrome
	浏览器版本:59
	操作系统:WinNT
.错误信息：
	页面：http://localhost:55210/HomeApi/Index
	错误信息：未找到路径“/HomeApi/Index”的控制器或该控制器未实现 IController。
	错误源：System.Web.Mvc
	异常方法：System.Web.Mvc.IController GetControllerInstance(System.Web.Routing.RequestContext, System.Type)
	堆栈信息：   在 System.Web.Mvc.DefaultControllerFactory.GetControllerInstance(RequestContext requestContext, Type controllerType)
   在 System.Web.Mvc.DefaultControllerFactory.CreateController(RequestContext requestContext, String controllerName)
   在 System.Web.Mvc.MvcHandler.ProcessRequestInit(HttpContextBase httpContext, IController& controller, IControllerFactory& factory)
   在 System.Web.Mvc.MvcHandler.BeginProcessRequest(HttpContextBase httpContext, AsyncCallback callback, Object state)
   在 System.Web.Mvc.MvcHandler.BeginProcessRequest(HttpContext httpContext, AsyncCallback callback, Object state)
   在 System.Web.Mvc.MvcHandler.System.Web.IHttpAsyncHandler.BeginProcessRequest(HttpContext context, AsyncCallback cb, Object extraData)
   在 System.Web.HttpApplication.CallHandlerExecutionStep.System.Web.HttpApplication.IExecutionStep.Execute()
   在 System.Web.HttpApplication.ExecuteStep(IExecutionStep step, Boolean& completedSynchronously)
--------------------------------------------------------------------------------------------------
2017-10-09 16:04:00,095 WARN  : app stopped.
2017-10-09 17:39:35,476 WARN  : app started.
2017-10-09 17:59:21,135 WARN  : app stopped.
2017-10-09 18:01:00,483 WARN  : app started.
2017-10-09 18:11:45,505 WARN  : app stopped.
2017-10-09 18:12:07,219 WARN  : app started.
2017-10-09 18:17:16,278 WARN  : app stopped.
2017-10-09 18:17:49,588 WARN  : app started.
2017-10-09 18:18:03,160 ERROR : 
.客户信息：
	Ip:::1
	浏览器:Chrome
	浏览器版本:59
	操作系统:WinNT
.错误信息：
	页面：http://localhost:55210/HomeApi/Index
	错误信息：未找到路径“/HomeApi/Index”的控制器或该控制器未实现 IController。
	错误源：System.Web.Mvc
	异常方法：System.Web.Mvc.IController GetControllerInstance(System.Web.Routing.RequestContext, System.Type)
	堆栈信息：   在 System.Web.Mvc.DefaultControllerFactory.GetControllerInstance(RequestContext requestContext, Type controllerType)
   在 System.Web.Mvc.DefaultControllerFactory.CreateController(RequestContext requestContext, String controllerName)
   在 System.Web.Mvc.MvcHandler.ProcessRequestInit(HttpContextBase httpContext, IController& controller, IControllerFactory& factory)
   在 System.Web.Mvc.MvcHandler.BeginProcessRequest(HttpContextBase httpContext, AsyncCallback callback, Object state)
   在 System.Web.Mvc.MvcHandler.BeginProcessRequest(HttpContext httpContext, AsyncCallback callback, Object state)
   在 System.Web.Mvc.MvcHandler.System.Web.IHttpAsyncHandler.BeginProcessRequest(HttpContext context, AsyncCallback cb, Object extraData)
   在 System.Web.HttpApplication.CallHandlerExecutionStep.System.Web.HttpApplication.IExecutionStep.Execute()
   在 System.Web.HttpApplication.ExecuteStep(IExecutionStep step, Boolean& completedSynchronously)
--------------------------------------------------------------------------------------------------
2017-10-09 18:21:18,924 WARN  : app stopped.
2017-10-09 18:21:29,703 WARN  : app started.
2017-10-09 18:27:49,489 WARN  : app stopped.
