2017-12-17 13:25:26,880 WARN  : app started.
2017-12-17 13:25:28,412 ERROR : 
.客户信息：
	Ip:::1
	浏览器:Chrome
	浏览器版本:62
	操作系统:WinNT
.错误信息：
	页面：http://localhost:65255/favicon.ico
	错误信息：The controller for path '/favicon.ico' was not found or does not implement IController.
	错误源：System.Web.Mvc
	异常方法：System.Web.Mvc.IController GetControllerInstance(System.Web.Routing.RequestContext, System.Type)
	堆栈信息：   在 System.Web.Mvc.DefaultControllerFactory.GetControllerInstance(RequestContext requestContext, Type controllerType)
   在 System.Web.Mvc.DefaultControllerFactory.CreateController(RequestContext requestContext, String controllerName)
   在 System.Web.Mvc.MvcHandler.ProcessRequestInit(HttpContextBase httpContext, IController& controller, IControllerFactory& factory)
   在 System.Web.Mvc.MvcHandler.BeginProcessRequest(HttpContextBase httpContext, AsyncCallback callback, Object state)
   在 System.Web.Mvc.MvcHandler.BeginProcessRequest(HttpContext httpContext, AsyncCallback callback, Object state)
   在 System.Web.Mvc.MvcHandler.System.Web.IHttpAsyncHandler.BeginProcessRequest(HttpContext context, AsyncCallback cb, Object extraData)
   在 System.Web.HttpApplication.CallHandlerExecutionStep.System.Web.HttpApplication.IExecutionStep.Execute()
   在 System.Web.HttpApplication.ExecuteStep(IExecutionStep step, Boolean& completedSynchronously)
--------------------------------------------------------------------------------------------------
2017-12-17 13:25:44,456 WARN  : app started.
2017-12-17 13:25:45,804 ERROR : 
.客户信息：
	Ip:::1
	浏览器:Chrome
	浏览器版本:62
	操作系统:WinNT
.错误信息：
	页面：http://localhost:65255/favicon.ico
	错误信息：The controller for path '/favicon.ico' was not found or does not implement IController.
	错误源：System.Web.Mvc
	异常方法：System.Web.Mvc.IController GetControllerInstance(System.Web.Routing.RequestContext, System.Type)
	堆栈信息：   在 System.Web.Mvc.DefaultControllerFactory.GetControllerInstance(RequestContext requestContext, Type controllerType)
   在 System.Web.Mvc.DefaultControllerFactory.CreateController(RequestContext requestContext, String controllerName)
   在 System.Web.Mvc.MvcHandler.ProcessRequestInit(HttpContextBase httpContext, IController& controller, IControllerFactory& factory)
   在 System.Web.Mvc.MvcHandler.BeginProcessRequest(HttpContextBase httpContext, AsyncCallback callback, Object state)
   在 System.Web.Mvc.MvcHandler.BeginProcessRequest(HttpContext httpContext, AsyncCallback callback, Object state)
   在 System.Web.Mvc.MvcHandler.System.Web.IHttpAsyncHandler.BeginProcessRequest(HttpContext context, AsyncCallback cb, Object extraData)
   在 System.Web.HttpApplication.CallHandlerExecutionStep.System.Web.HttpApplication.IExecutionStep.Execute()
   在 System.Web.HttpApplication.ExecuteStep(IExecutionStep step, Boolean& completedSynchronously)
--------------------------------------------------------------------------------------------------
2017-12-17 13:46:32,961 WARN  : app started.
2017-12-17 13:50:27,257 WARN  : app started.
2017-12-17 14:03:20,325 WARN  : app started.
2017-12-17 14:03:26,964 ERROR : 
.客户信息：
	Ip:::1
	浏览器:Chrome
	浏览器版本:62
	操作系统:WinNT
.错误信息：
	页面：http://localhost:65255/favicon.ico
	错误信息：The controller for path '/favicon.ico' was not found or does not implement IController.
	错误源：System.Web.Mvc
	异常方法：System.Web.Mvc.IController GetControllerInstance(System.Web.Routing.RequestContext, System.Type)
	堆栈信息：   在 System.Web.Mvc.DefaultControllerFactory.GetControllerInstance(RequestContext requestContext, Type controllerType)
   在 System.Web.Mvc.DefaultControllerFactory.CreateController(RequestContext requestContext, String controllerName)
   在 System.Web.Mvc.MvcHandler.ProcessRequestInit(HttpContextBase httpContext, IController& controller, IControllerFactory& factory)
   在 System.Web.Mvc.MvcHandler.BeginProcessRequest(HttpContextBase httpContext, AsyncCallback callback, Object state)
   在 System.Web.Mvc.MvcHandler.BeginProcessRequest(HttpContext httpContext, AsyncCallback callback, Object state)
   在 System.Web.Mvc.MvcHandler.System.Web.IHttpAsyncHandler.BeginProcessRequest(HttpContext context, AsyncCallback cb, Object extraData)
   在 System.Web.HttpApplication.CallHandlerExecutionStep.System.Web.HttpApplication.IExecutionStep.Execute()
   在 System.Web.HttpApplication.ExecuteStep(IExecutionStep step, Boolean& completedSynchronously)
--------------------------------------------------------------------------------------------------
2017-12-17 14:36:25,117 WARN  : app started.
2017-12-17 14:42:44,490 WARN  : app started.
2017-12-17 16:17:08,627 WARN  : app started.
2017-12-17 16:18:56,569 WARN  : app started.
2017-12-17 16:34:05,827 WARN  : app started.
2017-12-17 16:40:38,293 WARN  : app started.
2017-12-17 22:11:05,970 WARN  : app started.
2017-12-17 22:17:29,883 ERROR : 
.客户信息：
	Ip:::1
	浏览器:Chrome
	浏览器版本:62
	操作系统:WinNT
.错误信息：
	页面：http://localhost:65255/admin
	错误信息：远程主机强迫关闭了一个现有的连接。
	错误源：System
	异常方法：Int32 Receive(Byte[], Int32, Int32, System.Net.Sockets.SocketFlags)
	堆栈信息：   在 System.Net.Sockets.Socket.Receive(Byte[] buffer, Int32 offset, Int32 size, SocketFlags socketFlags)
   在 System.Net.Sockets.NetworkStream.Read(Byte[] buffer, Int32 offset, Int32 size)
--------------------------------------------------------------------------------------------------
2017-12-17 22:21:43,480 WARN  : app started.
2017-12-17 22:28:56,234 WARN  : app started.
2017-12-17 22:58:38,450 WARN  : app started.
