2018-01-04 15:32:31,710 WARN  : app started.
2018-01-04 15:32:33,963 ERROR : 
.客户信息：
	Ip:::1
	浏览器:Chrome
	浏览器版本:59
	操作系统:WinNT
.错误信息：
	页面：http://localhost:65255/favicon.ico
	错误信息：未找到路径“/favicon.ico”的控制器或该控制器未实现 IController。
	错误源：System.Web.Mvc
	异常方法：System.Web.Mvc.IController GetControllerInstance(System.Web.Routing.RequestContext, System.Type)
	堆栈信息：   在 System.Web.Mvc.DefaultControllerFactory.GetControllerInstance(RequestContext requestContext, Type controllerType)
   在 System.Web.Mvc.DefaultControllerFactory.CreateController(RequestContext requestContext, String controllerName)
   在 System.Web.Mvc.MvcHandler.ProcessRequestInit(HttpContextBase httpContext, IController& controller, IControllerFactory& factory)
   在 System.Web.Mvc.MvcHandler.BeginProcessRequest(HttpContextBase httpContext, AsyncCallback callback, Object state)
   在 System.Web.Mvc.MvcHandler.BeginProcessRequest(HttpContext httpContext, AsyncCallback callback, Object state)
   在 System.Web.Mvc.MvcHandler.System.Web.IHttpAsyncHandler.BeginProcessRequest(HttpContext context, AsyncCallback cb, Object extraData)
   在 System.Web.HttpApplication.CallHandlerExecutionStep.System.Web.HttpApplication.IExecutionStep.Execute()
   在 System.Web.HttpApplication.ExecuteStep(IExecutionStep step, Boolean& completedSynchronously)
--------------------------------------------------------------------------------------------------
2018-01-04 15:32:34,542 WARN  : app stopped.
2018-01-04 15:33:33,061 WARN  : app started.
2018-01-04 15:33:39,525 WARN  : app stopped.
2018-01-04 15:33:47,104 WARN  : app started.
2018-01-04 15:37:12,982 WARN  : app started.
2018-01-04 17:19:21,638 WARN  : app started.
2018-01-04 17:29:05,309 WARN  : app stopped.
2018-01-04 17:29:14,180 WARN  : app started.
2018-01-04 17:35:14,519 WARN  : app stopped.
2018-01-04 17:36:37,421 WARN  : app started.
