2017-11-24 08:56:46,316 WARN  : app started.
2017-11-24 11:51:44,576 WARN  : app stopped.
2017-11-24 11:54:02,449 WARN  : app started.
2017-11-24 14:08:51,845 ERROR : 
.客户信息：
	Ip:::1
	浏览器:Chrome
	浏览器版本:59
	操作系统:WinNT
.错误信息：
	页面：http://localhost:55210/Admin/Account/Login
	错误信息：e:\Lcgoc\Lcgoc.Web\Areas\Admin\Views\Account\Login.cshtml(58): error CS1061: “Lcgoc.Web.Areas.Admin.Models.LoginModel”不包含“RememberMe”的定义，并且找不到可接受类型为“Lcgoc.Web.Areas.Admin.Models.LoginModel”的第一个参数的扩展方法“RememberMe”(是否缺少 using 指令或程序集引用?)
	错误源：System.Web
	异常方法：System.CodeDom.Compiler.CompilerResults Compile()
	堆栈信息：   在 System.Web.Compilation.AssemblyBuilder.Compile()
   在 System.Web.Compilation.BuildProvidersCompiler.PerformBuild()
   在 System.Web.Compilation.BuildManager.CompileWebFile(VirtualPath virtualPath)
   在 System.Web.Compilation.BuildManager.GetVPathBuildResultInternal(VirtualPath virtualPath, Boolean noBuild, Boolean allowCrossApp, Boolean allowBuildInPrecompile, Boolean throwIfNotFound, Boolean ensureIsUpToDate)
   在 System.Web.Compilation.BuildManager.GetVPathBuildResultWithNoAssert(HttpContext context, VirtualPath virtualPath, Boolean noBuild, Boolean allowCrossApp, Boolean allowBuildInPrecompile, Boolean throwIfNotFound, Boolean ensureIsUpToDate)
   在 System.Web.Compilation.BuildManager.GetVirtualPathObjectFactory(VirtualPath virtualPath, HttpContext context, Boolean allowCrossApp, Boolean throwIfNotFound)
   在 System.Web.Mvc.BuildManagerWrapper.System.Web.Mvc.IBuildManager.FileExists(String virtualPath)
   在 System.Web.Mvc.BuildManagerViewEngine.FileExists(ControllerContext controllerContext, String virtualPath)
   在 System.Web.Mvc.VirtualPathProviderViewEngine.<>c__DisplayClass4.<GetPathFromGeneralName>b__0(String path)
   在 System.Web.WebPages.DefaultDisplayMode.GetDisplayInfo(HttpContextBase httpContext, String virtualPath, Func`2 virtualPathExists)
   在 System.Web.WebPages.DisplayModeProvider.<>c__DisplayClassb.<GetDisplayInfoForVirtualPath>b__8(IDisplayMode mode)
   在 System.Linq.Enumerable.WhereSelectListIterator`2.MoveNext()
   在 System.Linq.Enumerable.FirstOrDefault[TSource](IEnumerable`1 source, Func`2 predicate)
   在 System.Web.WebPages.DisplayModeProvider.GetDisplayInfoForVirtualPath(String virtualPath, HttpContextBase httpContext, Func`2 virtualPathExists, IDisplayMode currentDisplayMode, Boolean requireConsistentDisplayMode)
   在 System.Web.Mvc.VirtualPathProviderViewEngine.GetPathFromGeneralName(ControllerContext controllerContext, List`1 locations, String name, String controllerName, String areaName, String cacheKey, String[]& searchedLocations)
   在 System.Web.Mvc.VirtualPathProviderViewEngine.GetPath(ControllerContext controllerContext, String[] locations, String[] areaLocations, String locationsPropertyName, String name, String controllerName, String cacheKeyPrefix, Boolean useCache, String[]& searchedLocations)
   在 System.Web.Mvc.VirtualPathProviderViewEngine.FindView(ControllerContext controllerContext, String viewName, String masterName, Boolean useCache)
   在 System.Web.Mvc.ViewEngineCollection.<>c__DisplayClassc.<FindView>b__b(IViewEngine e)
   在 System.Web.Mvc.ViewEngineCollection.Find(Func`2 lookup, Boolean trackSearchedPaths)
   在 System.Web.Mvc.ViewEngineCollection.FindView(ControllerContext controllerContext, String viewName, String masterName)
   在 System.Web.Mvc.ViewResult.FindView(ControllerContext context)
   在 System.Web.Mvc.ViewResultBase.ExecuteResult(ControllerContext context)
   在 System.Web.Mvc.ControllerActionInvoker.InvokeActionResult(ControllerContext controllerContext, ActionResult actionResult)
   在 System.Web.Mvc.ControllerActionInvoker.<>c__DisplayClass1a.<InvokeActionResultWithFilters>b__17()
   在 System.Web.Mvc.ControllerActionInvoker.InvokeActionResultFilter(IResultFilter filter, ResultExecutingContext preContext, Func`1 continuation)
   在 System.Web.Mvc.ControllerActionInvoker.<>c__DisplayClass1a.<>c__DisplayClass1c.<InvokeActionResultWithFilters>b__19()
   在 System.Web.Mvc.ControllerActionInvoker.InvokeActionResultFilter(IResultFilter filter, ResultExecutingContext preContext, Func`1 continuation)
   在 System.Web.Mvc.ControllerActionInvoker.<>c__DisplayClass1a.<>c__DisplayClass1c.<InvokeActionResultWithFilters>b__19()
   在 System.Web.Mvc.ControllerActionInvoker.InvokeActionResultFilter(IResultFilter filter, ResultExecutingContext preContext, Func`1 continuation)
   在 System.Web.Mvc.ControllerActionInvoker.<>c__DisplayClass1a.<>c__DisplayClass1c.<InvokeActionResultWithFilters>b__19()
   在 System.Web.Mvc.ControllerActionInvoker.InvokeActionResultWithFilters(ControllerContext controllerContext, IList`1 filters, ActionResult actionResult)
   在 System.Web.Mvc.Async.AsyncControllerActionInvoker.<>c__DisplayClass25.<>c__DisplayClass2a.<BeginInvokeAction>b__20()
   在 System.Web.Mvc.Async.AsyncControllerActionInvoker.<>c__DisplayClass25.<BeginInvokeAction>b__22(IAsyncResult asyncResult)
   在 System.Web.Mvc.Async.AsyncResultWrapper.WrappedAsyncResult`1.End()
   在 System.Web.Mvc.Async.AsyncControllerActionInvoker.EndInvokeAction(IAsyncResult asyncResult)
   在 System.Web.Mvc.Controller.<>c__DisplayClass1d.<BeginExecuteCore>b__18(IAsyncResult asyncResult)
   在 System.Web.Mvc.Async.AsyncResultWrapper.<>c__DisplayClass4.<MakeVoidDelegate>b__3(IAsyncResult ar)
   在 System.Web.Mvc.Async.AsyncResultWrapper.WrappedAsyncResult`1.End()
   在 System.Web.Mvc.Controller.EndExecuteCore(IAsyncResult asyncResult)
   在 System.Web.Mvc.Async.AsyncResultWrapper.<>c__DisplayClass4.<MakeVoidDelegate>b__3(IAsyncResult ar)
   在 System.Web.Mvc.Async.AsyncResultWrapper.WrappedAsyncResult`1.End()
   在 System.Web.Mvc.Controller.EndExecute(IAsyncResult asyncResult)
   在 System.Web.Mvc.Controller.System.Web.Mvc.Async.IAsyncController.EndExecute(IAsyncResult asyncResult)
   在 System.Web.Mvc.MvcHandler.<>c__DisplayClass8.<BeginProcessRequest>b__3(IAsyncResult asyncResult)
   在 System.Web.Mvc.Async.AsyncResultWrapper.<>c__DisplayClass4.<MakeVoidDelegate>b__3(IAsyncResult ar)
   在 System.Web.Mvc.Async.AsyncResultWrapper.WrappedAsyncResult`1.End()
   在 System.Web.Mvc.MvcHandler.EndProcessRequest(IAsyncResult asyncResult)
   在 System.Web.Mvc.MvcHandler.System.Web.IHttpAsyncHandler.EndProcessRequest(IAsyncResult result)
   在 System.Web.HttpApplication.CallHandlerExecutionStep.System.Web.HttpApplication.IExecutionStep.Execute()
   在 System.Web.HttpApplication.ExecuteStep(IExecutionStep step, Boolean& completedSynchronously)
--------------------------------------------------------------------------------------------------
2017-11-24 14:09:02,269 ERROR : 
.客户信息：
	Ip:::1
	浏览器:Chrome
	浏览器版本:59
	操作系统:WinNT
.错误信息：
	页面：http://localhost:55210/Admin/Account/Login
	错误信息：该字符串未被识别为有效的布尔值。
	错误源：mscorlib
	异常方法：Boolean Parse(System.String)
	堆栈信息：   在 System.Boolean.Parse(String value)
   在 System.ComponentModel.BooleanConverter.ConvertFrom(ITypeDescriptorContext context, CultureInfo culture, Object value)
--------------------------------------------------------------------------------------------------
2017-11-24 14:15:14,802 WARN  : app stopped.
2017-11-24 14:15:18,209 WARN  : app started.
2017-11-24 14:18:24,965 ERROR : 
.客户信息：
	Ip:::1
	浏览器:Chrome
	浏览器版本:59
	操作系统:WinNT
.错误信息：
	页面：http://localhost:55210/Admin/Account/Login
	错误信息：该字符串未被识别为有效的布尔值。
	错误源：mscorlib
	异常方法：Boolean Parse(System.String)
	堆栈信息：   在 System.Boolean.Parse(String value)
   在 System.ComponentModel.BooleanConverter.ConvertFrom(ITypeDescriptorContext context, CultureInfo culture, Object value)
--------------------------------------------------------------------------------------------------
2017-11-24 14:25:21,343 WARN  : app stopped.
2017-11-24 14:25:24,783 WARN  : app started.
2017-11-24 14:25:58,103 ERROR : 
.客户信息：
	Ip:::1
	浏览器:Chrome
	浏览器版本:59
	操作系统:WinNT
.错误信息：
	页面：http://localhost:55210/Admin/Account/Login
	错误信息：无法向会话状态服务器发出会话状态请求。请确保 ASP.NET State Service (ASP.NET 状态服务)已启动，并且客户端端口与服务器端口相同。如果服务器位于远程计算机上，请检查 HKEY_LOCAL_MACHINE\SYSTEM\CurrentControlSet\Services\aspnet_state\Parameters\AllowRemoteConnection 的值，确保服务器接受远程请求。如果服务器位于本地计算机上，并且上面提到的注册表值不存在或者设置为 0，则状态服务器连接字符串必须使用“localhost”或“127.0.0.1”作为服务器名称。
	错误源：System.Web
	异常方法：Void MakeRequest(StateProtocolVerb, System.String, StateProtocolExclusive, Int32, Int32, Int32, Byte[], Int32, Int32, SessionNDMakeRequestResults ByRef)
	堆栈信息：   在 System.Web.SessionState.OutOfProcSessionStateStore.MakeRequest(StateProtocolVerb verb, String id, StateProtocolExclusive exclusiveAccess, Int32 extraFlags, Int32 timeout, Int32 lockCookie, Byte[] buf, Int32 cb, Int32 networkTimeout, SessionNDMakeRequestResults& results)
   在 System.Web.SessionState.OutOfProcSessionStateStore.SetAndReleaseItemExclusive(HttpContext context, String id, SessionStateStoreData item, Object lockId, Boolean newItem)
   在 System.Web.SessionState.SessionStateModule.OnReleaseState(Object source, EventArgs eventArgs)
   在 System.Web.HttpApplication.SyncEventExecutionStep.System.Web.HttpApplication.IExecutionStep.Execute()
   在 System.Web.HttpApplication.ExecuteStep(IExecutionStep step, Boolean& completedSynchronously)
--------------------------------------------------------------------------------------------------
2017-11-24 14:26:43,010 WARN  : app stopped.
2017-11-24 14:54:08,319 WARN  : app started.
2017-11-24 15:01:42,137 WARN  : app stopped.
2017-11-24 15:01:48,583 WARN  : app started.
2017-11-24 15:11:03,299 WARN  : app stopped.
2017-11-24 15:11:37,255 WARN  : app started.
2017-11-24 15:16:32,247 ERROR : 
.客户信息：
	Ip:::1
	浏览器:Chrome
	浏览器版本:59
	操作系统:WinNT
.错误信息：
	页面：http://localhost:55210/favicon.ico
	错误信息：未找到路径“/favicon.ico”的控制器或该控制器未实现 IController。
	错误源：System.Web.Mvc
	异常方法：System.Web.Mvc.IController GetControllerInstance(System.Web.Routing.RequestContext, System.Type)
	堆栈信息：   在 System.Web.Mvc.DefaultControllerFactory.GetControllerInstance(RequestContext requestContext, Type controllerType)
   在 System.Web.Mvc.DefaultControllerFactory.CreateController(RequestContext requestContext, String controllerName)
   在 System.Web.Mvc.MvcHandler.ProcessRequestInit(HttpContextBase httpContext, IController& controller, IControllerFactory& factory)
   在 System.Web.Mvc.MvcHandler.BeginProcessRequest(HttpContextBase httpContext, AsyncCallback callback, Object state)
   在 System.Web.Mvc.MvcHandler.BeginProcessRequest(HttpContext httpContext, AsyncCallback callback, Object state)
   在 System.Web.Mvc.MvcHandler.System.Web.IHttpAsyncHandler.BeginProcessRequest(HttpContext context, AsyncCallback cb, Object extraData)
   在 System.Web.HttpApplication.CallHandlerExecutionStep.System.Web.HttpApplication.IExecutionStep.Execute()
   在 System.Web.HttpApplication.ExecuteStep(IExecutionStep step, Boolean& completedSynchronously)
--------------------------------------------------------------------------------------------------
2017-11-24 15:22:37,231 WARN  : app stopped.
2017-11-24 15:22:42,160 WARN  : app started.
2017-11-24 15:24:32,218 WARN  : app stopped.
2017-11-24 15:24:36,941 WARN  : app started.
2017-11-24 15:28:06,143 WARN  : app stopped.
2017-11-24 15:57:10,504 WARN  : app started.
2017-11-24 16:00:05,622 WARN  : app stopped.
