2018-04-01 16:22:48,614 WARN  : app started.
2018-04-01 16:22:49,909 ERROR : 
.客户信息：
	Ip:::1
	浏览器:Chrome
	浏览器版本:62
	操作系统:WinNT
.错误信息：
	页面：http://localhost:65255/favicon.ico
	错误信息：The controller for path '/favicon.ico' was not found or does not implement IController.
	错误源：System.Web.Mvc
	异常方法：System.Web.Mvc.IController GetControllerInstance(System.Web.Routing.RequestContext, System.Type)
	堆栈信息：   在 System.Web.Mvc.DefaultControllerFactory.GetControllerInstance(RequestContext requestContext, Type controllerType)
   在 System.Web.Mvc.DefaultControllerFactory.CreateController(RequestContext requestContext, String controllerName)
   在 System.Web.Mvc.MvcHandler.ProcessRequestInit(HttpContextBase httpContext, IController& controller, IControllerFactory& factory)
   在 System.Web.Mvc.MvcHandler.BeginProcessRequest(HttpContextBase httpContext, AsyncCallback callback, Object state)
   在 System.Web.Mvc.MvcHandler.BeginProcessRequest(HttpContext httpContext, AsyncCallback callback, Object state)
   在 System.Web.Mvc.MvcHandler.System.Web.IHttpAsyncHandler.BeginProcessRequest(HttpContext context, AsyncCallback cb, Object extraData)
   在 System.Web.HttpApplication.CallHandlerExecutionStep.System.Web.HttpApplication.IExecutionStep.Execute()
   在 System.Web.HttpApplication.ExecuteStepImpl(IExecutionStep step)
   在 System.Web.HttpApplication.ExecuteStep(IExecutionStep step, Boolean& completedSynchronously)
--------------------------------------------------------------------------------------------------
2018-04-01 16:23:41,631 ERROR : 
.客户信息：
	Ip:::1
	浏览器:Chrome
	浏览器版本:62
	操作系统:WinNT
.错误信息：
	页面：http://localhost:65255/Admin/module?hash=0&module=MENU-D0001
	错误信息：A public action method 'Index' was not found on controller 'Lcgoc.Web.Areas.Admin.Controllers.ModuleController'.
	错误源：System.Web.Mvc
	异常方法：Void HandleUnknownAction(System.String)
	堆栈信息：   在 System.Web.Mvc.Controller.HandleUnknownAction(String actionName)
   在 System.Web.Mvc.Controller.<>c__DisplayClass1d.<BeginExecuteCore>b__18(IAsyncResult asyncResult)
   在 System.Web.Mvc.Async.AsyncResultWrapper.<>c__DisplayClass4.<MakeVoidDelegate>b__3(IAsyncResult ar)
   在 System.Web.Mvc.Async.AsyncResultWrapper.WrappedAsyncResult`1.End()
   在 System.Web.Mvc.Controller.EndExecuteCore(IAsyncResult asyncResult)
   在 System.Web.Mvc.Async.AsyncResultWrapper.<>c__DisplayClass4.<MakeVoidDelegate>b__3(IAsyncResult ar)
   在 System.Web.Mvc.Async.AsyncResultWrapper.WrappedAsyncResult`1.End()
   在 System.Web.Mvc.Controller.EndExecute(IAsyncResult asyncResult)
   在 System.Web.Mvc.Controller.System.Web.Mvc.Async.IAsyncController.EndExecute(IAsyncResult asyncResult)
   在 System.Web.Mvc.MvcHandler.<>c__DisplayClass8.<BeginProcessRequest>b__3(IAsyncResult asyncResult)
   在 System.Web.Mvc.Async.AsyncResultWrapper.<>c__DisplayClass4.<MakeVoidDelegate>b__3(IAsyncResult ar)
   在 System.Web.Mvc.Async.AsyncResultWrapper.WrappedAsyncResult`1.End()
   在 System.Web.Mvc.MvcHandler.EndProcessRequest(IAsyncResult asyncResult)
   在 System.Web.Mvc.MvcHandler.System.Web.IHttpAsyncHandler.EndProcessRequest(IAsyncResult result)
   在 System.Web.HttpApplication.CallHandlerExecutionStep.System.Web.HttpApplication.IExecutionStep.Execute()
   在 System.Web.HttpApplication.ExecuteStepImpl(IExecutionStep step)
   在 System.Web.HttpApplication.ExecuteStep(IExecutionStep step, Boolean& completedSynchronously)
--------------------------------------------------------------------------------------------------
2018-04-01 16:32:50,630 WARN  : app started.
2018-04-01 16:33:03,672 ERROR : 
.客户信息：
	Ip:::1
	浏览器:Chrome
	浏览器版本:62
	操作系统:WinNT
.错误信息：
	页面：http://localhost:65255/Admin/module?hash=0&module=MENU-D0001
	错误信息：A public action method 'Index' was not found on controller 'Lcgoc.Web.Areas.Admin.Controllers.ModuleController'.
	错误源：System.Web.Mvc
	异常方法：Void HandleUnknownAction(System.String)
	堆栈信息：   在 System.Web.Mvc.Controller.HandleUnknownAction(String actionName)
   在 System.Web.Mvc.Controller.<>c__DisplayClass1d.<BeginExecuteCore>b__18(IAsyncResult asyncResult)
   在 System.Web.Mvc.Async.AsyncResultWrapper.<>c__DisplayClass4.<MakeVoidDelegate>b__3(IAsyncResult ar)
   在 System.Web.Mvc.Async.AsyncResultWrapper.WrappedAsyncResult`1.End()
   在 System.Web.Mvc.Controller.EndExecuteCore(IAsyncResult asyncResult)
   在 System.Web.Mvc.Async.AsyncResultWrapper.<>c__DisplayClass4.<MakeVoidDelegate>b__3(IAsyncResult ar)
   在 System.Web.Mvc.Async.AsyncResultWrapper.WrappedAsyncResult`1.End()
   在 System.Web.Mvc.Controller.EndExecute(IAsyncResult asyncResult)
   在 System.Web.Mvc.Controller.System.Web.Mvc.Async.IAsyncController.EndExecute(IAsyncResult asyncResult)
   在 System.Web.Mvc.MvcHandler.<>c__DisplayClass8.<BeginProcessRequest>b__3(IAsyncResult asyncResult)
   在 System.Web.Mvc.Async.AsyncResultWrapper.<>c__DisplayClass4.<MakeVoidDelegate>b__3(IAsyncResult ar)
   在 System.Web.Mvc.Async.AsyncResultWrapper.WrappedAsyncResult`1.End()
   在 System.Web.Mvc.MvcHandler.EndProcessRequest(IAsyncResult asyncResult)
   在 System.Web.Mvc.MvcHandler.System.Web.IHttpAsyncHandler.EndProcessRequest(IAsyncResult result)
   在 System.Web.HttpApplication.CallHandlerExecutionStep.System.Web.HttpApplication.IExecutionStep.Execute()
   在 System.Web.HttpApplication.ExecuteStepImpl(IExecutionStep step)
   在 System.Web.HttpApplication.ExecuteStep(IExecutionStep step, Boolean& completedSynchronously)
--------------------------------------------------------------------------------------------------
