2018-03-23 09:49:14,944 WARN  : app started.
2018-03-23 11:16:24,497 WARN  : app started.
2018-03-23 11:17:45,294 WARN  : app started.
2018-03-23 11:24:58,014 WARN  : app started.
2018-03-23 11:48:03,596 WARN  : app started.
2018-03-23 11:52:12,786 WARN  : app started.
2018-03-23 15:58:16,961 WARN  : app started.
2018-03-23 16:37:12,609 WARN  : app started.
2018-03-23 16:37:38,789 ERROR : 
.客户信息：
	Ip:::1
	浏览器:Safari
	浏览器版本:9
	操作系统:Unknown
.错误信息：
	页面：http://localhost:65255/Admin/Module/ActionGet?pageSize=10&pageIndex=0&module=MENU-D0001&actionCode=query&code=&_=1521793789283
	错误信息：无法将类型为“System.Collections.Generic.List`1[System.Object]”的对象强制转换为类型“System.Collections.Generic.IDictionary`2[System.String,System.Object]”。
	错误源：Lcgoc.DAL
	异常方法：System.Collections.Generic.IEnumerable`1[System.Object] ModuleQuery(System.String, System.String)
	堆栈信息：   在 Lcgoc.DAL.ModuleDAL.ModuleQuery(String userId, String queueCode) 位置 E:\Lcgoc\Lcgoc.DAL\module\ModuleDAL.cs:行号 142
   在 Lcgoc.BLL.ModuleBLL.Query(Int32 pageSize, Int32 pageIndex, String moduleCode, String actionCode, String userId, Dictionary`2 dic) 位置 E:\Lcgoc\Lcgoc.BLL\module\ModuleBLL.cs:行号 38
   在 Lcgoc.Web.Areas.Admin.Controllers.ModuleController.ActionGet(Int32 pageSize, Int32 pageIndex, String module, String actionCode) 位置 E:\Lcgoc\Lcgoc.Web\Areas\Admin\Controllers\ModuleController.cs:行号 49
   在 lambda_method(Closure , ControllerBase , Object[] )
   在 System.Web.Mvc.ActionMethodDispatcher.Execute(ControllerBase controller, Object[] parameters)
   在 System.Web.Mvc.ReflectedActionDescriptor.Execute(ControllerContext controllerContext, IDictionary`2 parameters)
   在 System.Web.Mvc.ControllerActionInvoker.InvokeActionMethod(ControllerContext controllerContext, ActionDescriptor actionDescriptor, IDictionary`2 parameters)
   在 System.Web.Mvc.Async.AsyncControllerActionInvoker.<>c__DisplayClass42.<BeginInvokeSynchronousActionMethod>b__41()
   在 System.Web.Mvc.Async.AsyncResultWrapper.<>c__DisplayClass8`1.<BeginSynchronous>b__7(IAsyncResult _)
   在 System.Web.Mvc.Async.AsyncResultWrapper.WrappedAsyncResult`1.End()
   在 System.Web.Mvc.Async.AsyncControllerActionInvoker.EndInvokeActionMethod(IAsyncResult asyncResult)
   在 System.Web.Mvc.Async.AsyncControllerActionInvoker.<>c__DisplayClass37.<>c__DisplayClass39.<BeginInvokeActionMethodWithFilters>b__33()
   在 System.Web.Mvc.Async.AsyncControllerActionInvoker.<>c__DisplayClass4f.<InvokeActionMethodFilterAsynchronously>b__49()
   在 System.Web.Mvc.Async.AsyncControllerActionInvoker.<>c__DisplayClass37.<BeginInvokeActionMethodWithFilters>b__36(IAsyncResult asyncResult)
   在 System.Web.Mvc.Async.AsyncResultWrapper.WrappedAsyncResult`1.End()
   在 System.Web.Mvc.Async.AsyncControllerActionInvoker.EndInvokeActionMethodWithFilters(IAsyncResult asyncResult)
   在 System.Web.Mvc.Async.AsyncControllerActionInvoker.<>c__DisplayClass25.<>c__DisplayClass2a.<BeginInvokeAction>b__20()
   在 System.Web.Mvc.Async.AsyncControllerActionInvoker.<>c__DisplayClass25.<BeginInvokeAction>b__22(IAsyncResult asyncResult)
   在 System.Web.Mvc.Async.AsyncResultWrapper.WrappedAsyncResult`1.End()
   在 System.Web.Mvc.Async.AsyncControllerActionInvoker.EndInvokeAction(IAsyncResult asyncResult)
   在 System.Web.Mvc.Controller.<>c__DisplayClass1d.<BeginExecuteCore>b__18(IAsyncResult asyncResult)
   在 System.Web.Mvc.Async.AsyncResultWrapper.<>c__DisplayClass4.<MakeVoidDelegate>b__3(IAsyncResult ar)
   在 System.Web.Mvc.Async.AsyncResultWrapper.WrappedAsyncResult`1.End()
   在 System.Web.Mvc.Controller.EndExecuteCore(IAsyncResult asyncResult)
   在 System.Web.Mvc.Async.AsyncResultWrapper.<>c__DisplayClass4.<MakeVoidDelegate>b__3(IAsyncResult ar)
   在 System.Web.Mvc.Async.AsyncResultWrapper.WrappedAsyncResult`1.End()
   在 System.Web.Mvc.Controller.EndExecute(IAsyncResult asyncResult)
   在 System.Web.Mvc.Controller.System.Web.Mvc.Async.IAsyncController.EndExecute(IAsyncResult asyncResult)
   在 System.Web.Mvc.MvcHandler.<>c__DisplayClass8.<BeginProcessRequest>b__3(IAsyncResult asyncResult)
   在 System.Web.Mvc.Async.AsyncResultWrapper.<>c__DisplayClass4.<MakeVoidDelegate>b__3(IAsyncResult ar)
   在 System.Web.Mvc.Async.AsyncResultWrapper.WrappedAsyncResult`1.End()
   在 System.Web.Mvc.MvcHandler.EndProcessRequest(IAsyncResult asyncResult)
   在 System.Web.Mvc.MvcHandler.System.Web.IHttpAsyncHandler.EndProcessRequest(IAsyncResult result)
   在 System.Web.HttpApplication.CallHandlerExecutionStep.System.Web.HttpApplication.IExecutionStep.Execute()
   在 System.Web.HttpApplication.ExecuteStep(IExecutionStep step, Boolean& completedSynchronously)
--------------------------------------------------------------------------------------------------
2018-03-23 16:38:08,427 WARN  : app started.
2018-03-23 16:38:56,966 WARN  : app started.
2018-03-23 16:53:55,584 WARN  : app started.
2018-03-23 17:16:22,561 WARN  : app started.
